Current experiment parameters:
{'n_channels': 3, 'n_classes': 6, 'batch_size': 32, 'batch_size_eval': 1024, 'window_size': 128, 'window_offset': 8, 'source_epochs': 10, 'target_epochs': 5, 'n_iter': 20000, 'seed': 0, 'log_interval': 100, 'eval_interval': 500, 'gpu': '0', 'mode': 'prune', 'lr_FCs': 0.002, 'lr_FCs_b1': 0.9, 'lr_FCs_b2': 0.999, 'lr_FCt': 0.0002, 'lr_FCt_b1': 0.9, 'lr_FCt_b2': 0.999, 'w_conv1': 0.5, 'w_conv2': 0.05, 'w_conv3': 0.005, 'w_fc1': 0.001, 'w_fc2': 0.0001, 'log': 'default.csv', 'log_train': 'log_train.csv', 'dataset': 'HHAR', 'subject_source': 'd', 'subject_target': 'e', 'position_source': 'nexus4', 'position_target': 'nexus4', 'scaling': True}
Train Epoch: 1 [0/14701 (0%)]	Loss: 2.336512
Train Epoch: 1 [3200/14701 (22%)]	Loss: 0.346126
Train Epoch: 1 [6400/14701 (44%)]	Loss: 0.176973
Train Epoch: 1 [9600/14701 (65%)]	Loss: 0.041838
Train Epoch: 1 [12800/14701 (87%)]	Loss: 0.186545
--------------------------------------------------------------------------------
SOURCE            : [loss: 0.000084] [acc: 14318/14701 (97.39%)] [f1: 0.9739]
TARGET w/o tranfer: [loss: 0.001375] [acc: 2708/3761 (72.00%)] [f1: 0.7200]
--------------------------------------------------------------------------------
Train Epoch: 2 [0/14701 (0%)]	Loss: 0.179282
Train Epoch: 2 [3200/14701 (22%)]	Loss: 0.141174
Train Epoch: 2 [6400/14701 (44%)]	Loss: 0.063981
Train Epoch: 2 [9600/14701 (65%)]	Loss: 0.089143
Train Epoch: 2 [12800/14701 (87%)]	Loss: 0.021955
--------------------------------------------------------------------------------
SOURCE            : [loss: 0.000062] [acc: 14414/14701 (98.05%)] [f1: 0.9805]
TARGET w/o tranfer: [loss: 0.001452] [acc: 2648/3761 (70.41%)] [f1: 0.7041]
--------------------------------------------------------------------------------
Train Epoch: 3 [0/14701 (0%)]	Loss: 0.153708
Train Epoch: 3 [3200/14701 (22%)]	Loss: 0.035565
Train Epoch: 3 [6400/14701 (44%)]	Loss: 0.003079
Train Epoch: 3 [9600/14701 (65%)]	Loss: 0.021305
Train Epoch: 3 [12800/14701 (87%)]	Loss: 0.008602
--------------------------------------------------------------------------------
SOURCE            : [loss: 0.000057] [acc: 14453/14701 (98.31%)] [f1: 0.9831]
TARGET w/o tranfer: [loss: 0.002675] [acc: 1926/3761 (51.21%)] [f1: 0.5121]
--------------------------------------------------------------------------------
Train Epoch: 4 [0/14701 (0%)]	Loss: 0.012638
Train Epoch: 4 [3200/14701 (22%)]	Loss: 0.277767
Train Epoch: 4 [6400/14701 (44%)]	Loss: 0.070082
Train Epoch: 4 [9600/14701 (65%)]	Loss: 0.087269
Train Epoch: 4 [12800/14701 (87%)]	Loss: 0.001618
--------------------------------------------------------------------------------
SOURCE            : [loss: 0.000062] [acc: 14405/14701 (97.99%)] [f1: 0.9799]
TARGET w/o tranfer: [loss: 0.001821] [acc: 2715/3761 (72.19%)] [f1: 0.7219]
--------------------------------------------------------------------------------
Train Epoch: 5 [0/14701 (0%)]	Loss: 0.052433
Train Epoch: 5 [3200/14701 (22%)]	Loss: 0.002577
Train Epoch: 5 [6400/14701 (44%)]	Loss: 0.012735
Train Epoch: 5 [9600/14701 (65%)]	Loss: 0.000301
Train Epoch: 5 [12800/14701 (87%)]	Loss: 0.002913
--------------------------------------------------------------------------------
SOURCE            : [loss: 0.000021] [acc: 14601/14701 (99.32%)] [f1: 0.9932]
TARGET w/o tranfer: [loss: 0.001667] [acc: 2649/3761 (70.43%)] [f1: 0.7043]
--------------------------------------------------------------------------------
Train Epoch: 6 [0/14701 (0%)]	Loss: 0.001084
Train Epoch: 6 [3200/14701 (22%)]	Loss: 0.003232
Train Epoch: 6 [6400/14701 (44%)]	Loss: 0.087041
Train Epoch: 6 [9600/14701 (65%)]	Loss: 0.012248
Train Epoch: 6 [12800/14701 (87%)]	Loss: 0.022659
--------------------------------------------------------------------------------
SOURCE            : [loss: 0.000026] [acc: 14581/14701 (99.18%)] [f1: 0.9918]
TARGET w/o tranfer: [loss: 0.002012] [acc: 2673/3761 (71.07%)] [f1: 0.7107]
--------------------------------------------------------------------------------
Train Epoch: 7 [0/14701 (0%)]	Loss: 0.000071
Train Epoch: 7 [3200/14701 (22%)]	Loss: 0.000967
Train Epoch: 7 [6400/14701 (44%)]	Loss: 0.092935
Train Epoch: 7 [9600/14701 (65%)]	Loss: 0.160343
Train Epoch: 7 [12800/14701 (87%)]	Loss: 0.016565
--------------------------------------------------------------------------------
SOURCE            : [loss: 0.000123] [acc: 14390/14701 (97.88%)] [f1: 0.9788]
TARGET w/o tranfer: [loss: 0.001900] [acc: 2590/3761 (68.86%)] [f1: 0.6886]
--------------------------------------------------------------------------------
Train Epoch: 8 [0/14701 (0%)]	Loss: 0.011150
Train Epoch: 8 [3200/14701 (22%)]	Loss: 0.001219
Train Epoch: 8 [6400/14701 (44%)]	Loss: 0.078604
Train Epoch: 8 [9600/14701 (65%)]	Loss: 0.060844
Train Epoch: 8 [12800/14701 (87%)]	Loss: 0.265517
--------------------------------------------------------------------------------
SOURCE            : [loss: 0.000025] [acc: 14579/14701 (99.17%)] [f1: 0.9917]
TARGET w/o tranfer: [loss: 0.001209] [acc: 2636/3761 (70.09%)] [f1: 0.7009]
--------------------------------------------------------------------------------
Train Epoch: 9 [0/14701 (0%)]	Loss: 0.086299
Train Epoch: 9 [3200/14701 (22%)]	Loss: 0.000899
Train Epoch: 9 [6400/14701 (44%)]	Loss: 0.002013
Train Epoch: 9 [9600/14701 (65%)]	Loss: 0.001379
Train Epoch: 9 [12800/14701 (87%)]	Loss: 0.012290
--------------------------------------------------------------------------------
SOURCE            : [loss: 0.000020] [acc: 14598/14701 (99.30%)] [f1: 0.9930]
TARGET w/o tranfer: [loss: 0.001423] [acc: 2673/3761 (71.07%)] [f1: 0.7107]
--------------------------------------------------------------------------------
Train Epoch: 10 [0/14701 (0%)]	Loss: 0.000611
Train Epoch: 10 [3200/14701 (22%)]	Loss: 0.003129
Train Epoch: 10 [6400/14701 (44%)]	Loss: 0.000015
Train Epoch: 10 [9600/14701 (65%)]	Loss: 0.000011
Train Epoch: 10 [12800/14701 (87%)]	Loss: 0.010223
--------------------------------------------------------------------------------
SOURCE            : [loss: 0.000024] [acc: 14581/14701 (99.18%)] [f1: 0.9918]
TARGET w/o tranfer: [loss: 0.001620] [acc: 2719/3761 (72.29%)] [f1: 0.7229]
--------------------------------------------------------------------------------
[Epoch 1/5] [Iter 0/3761]	[Losses conv1: 33.5880 | conv2: 124.4391 | conv3: 153.4457 | final: 2.52381825]
[Epoch 1/5] [Iter 3200/3761]	[Losses conv1: 20.3976 | conv2: 125.5493 | conv3: 149.0459 | final: 0.33254230]
--------------------------------------------------------------------------------
TARGET with tranfer: [loss: 0.000359] [acc: 3275/3761 (87.08%)] [f1: 0.8708]
--------------------------------------------------------------------------------
[Epoch 2/5] [Iter 0/3761]	[Losses conv1: 24.8257 | conv2: 117.4944 | conv3: 155.4703 | final: 0.26530164]
[Epoch 2/5] [Iter 3200/3761]	[Losses conv1: 17.9168 | conv2: 95.3582 | conv3: 143.8412 | final: 0.10517596]
--------------------------------------------------------------------------------
TARGET with tranfer: [loss: 0.000110] [acc: 3610/3761 (95.99%)] [f1: 0.9599]
--------------------------------------------------------------------------------
[Epoch 3/5] [Iter 0/3761]	[Losses conv1: 10.6289 | conv2: 84.7296 | conv3: 122.9001 | final: 0.10210797]
[Epoch 3/5] [Iter 3200/3761]	[Losses conv1: 20.0112 | conv2: 82.1619 | conv3: 140.8295 | final: 0.10471593]
--------------------------------------------------------------------------------
TARGET with tranfer: [loss: 0.000094] [acc: 3627/3761 (96.44%)] [f1: 0.9644]
--------------------------------------------------------------------------------
[Epoch 4/5] [Iter 0/3761]	[Losses conv1: 19.6901 | conv2: 78.9543 | conv3: 128.3777 | final: 0.13720173]
[Epoch 4/5] [Iter 3200/3761]	[Losses conv1: 10.5471 | conv2: 56.1174 | conv3: 112.6143 | final: 0.01285958]
--------------------------------------------------------------------------------
TARGET with tranfer: [loss: 0.000073] [acc: 3646/3761 (96.94%)] [f1: 0.9694]
--------------------------------------------------------------------------------
[Epoch 5/5] [Iter 0/3761]	[Losses conv1: 31.2057 | conv2: 60.9667 | conv3: 117.5571 | final: 0.02068678]
[Epoch 5/5] [Iter 3200/3761]	[Losses conv1: 17.8396 | conv2: 38.8318 | conv3: 99.3721 | final: 0.05230135]
--------------------------------------------------------------------------------
TARGET with tranfer: [loss: 0.000075] [acc: 3652/3761 (97.10%)] [f1: 0.9710]
--------------------------------------------------------------------------------
TARGET FULL SET: [loss: 0.006598] [acc: 14057/15066 (93.30%)] [f1: 0.9346]
Current experiment parameters:
{'n_channels': 3, 'n_classes': 6, 'batch_size': 32, 'batch_size_eval': 1024, 'window_size': 128, 'window_offset': 8, 'source_epochs': 50, 'target_epochs': 50, 'n_iter': 20000, 'seed': 0, 'log_interval': 100, 'eval_interval': 500, 'gpu': '0', 'mode': 'prune', 'lr_FCs': 0.002, 'lr_FCs_b1': 0.9, 'lr_FCs_b2': 0.999, 'lr_FCt': 0.0002, 'lr_FCt_b1': 0.9, 'lr_FCt_b2': 0.999, 'w_conv1': 0.5, 'w_conv2': 0.05, 'w_conv3': 0.005, 'w_fc1': 0.001, 'w_fc2': 0.0001, 'log': 'default.csv', 'log_train': 'log_train.csv', 'dataset': 'HHAR', 'subject_source': 'f', 'subject_target': 'e', 'position_source': 's3', 'position_target': 's3mini', 'scaling': True}
Train Epoch: 1 [0/7647 (0%)]	Loss: 2.457071
Train Epoch: 1 [3200/7647 (42%)]	Loss: 0.294990
Train Epoch: 1 [6400/7647 (84%)]	Loss: 0.067509
--------------------------------------------------------------------------------
SOURCE            : [loss: 0.000205] [acc: 7121/7647 (93.12%)] [f1: 0.9312]
TARGET w/o tranfer: [loss: 0.002352] [acc: 1147/1899 (60.40%)] [f1: 0.6040]
--------------------------------------------------------------------------------
Train Epoch: 2 [0/7647 (0%)]	Loss: 0.153700
Train Epoch: 2 [3200/7647 (42%)]	Loss: 0.011976
Train Epoch: 2 [6400/7647 (84%)]	Loss: 0.076438
--------------------------------------------------------------------------------
SOURCE            : [loss: 0.000062] [acc: 7522/7647 (98.37%)] [f1: 0.9837]
TARGET w/o tranfer: [loss: 0.002680] [acc: 1242/1899 (65.40%)] [f1: 0.6540]
--------------------------------------------------------------------------------
Train Epoch: 3 [0/7647 (0%)]	Loss: 0.465889
Train Epoch: 3 [3200/7647 (42%)]	Loss: 0.005360
Train Epoch: 3 [6400/7647 (84%)]	Loss: 0.002258
--------------------------------------------------------------------------------
SOURCE            : [loss: 0.000076] [acc: 7451/7647 (97.44%)] [f1: 0.9744]
TARGET w/o tranfer: [loss: 0.006198] [acc: 1137/1899 (59.87%)] [f1: 0.5987]
--------------------------------------------------------------------------------
Train Epoch: 4 [0/7647 (0%)]	Loss: 0.177061
Train Epoch: 4 [3200/7647 (42%)]	Loss: 0.124092
Train Epoch: 4 [6400/7647 (84%)]	Loss: 0.008521
--------------------------------------------------------------------------------
SOURCE            : [loss: 0.000041] [acc: 7554/7647 (98.78%)] [f1: 0.9878]
TARGET w/o tranfer: [loss: 0.006576] [acc: 1093/1899 (57.56%)] [f1: 0.5756]
--------------------------------------------------------------------------------
Train Epoch: 5 [0/7647 (0%)]	Loss: 0.007813
Train Epoch: 5 [3200/7647 (42%)]	Loss: 0.017595
Train Epoch: 5 [6400/7647 (84%)]	Loss: 0.003428
--------------------------------------------------------------------------------
SOURCE            : [loss: 0.000036] [acc: 7563/7647 (98.90%)] [f1: 0.9890]
TARGET w/o tranfer: [loss: 0.006887] [acc: 1142/1899 (60.14%)] [f1: 0.6014]
--------------------------------------------------------------------------------
Train Epoch: 6 [0/7647 (0%)]	Loss: 0.047961
Train Epoch: 6 [3200/7647 (42%)]	Loss: 0.048163
Train Epoch: 6 [6400/7647 (84%)]	Loss: 0.000361
--------------------------------------------------------------------------------
SOURCE            : [loss: 0.000033] [acc: 7580/7647 (99.12%)] [f1: 0.9912]
TARGET w/o tranfer: [loss: 0.008822] [acc: 1138/1899 (59.93%)] [f1: 0.5993]
--------------------------------------------------------------------------------
Train Epoch: 7 [0/7647 (0%)]	Loss: 0.000690
Train Epoch: 7 [3200/7647 (42%)]	Loss: 0.010878
Train Epoch: 7 [6400/7647 (84%)]	Loss: 0.068347
--------------------------------------------------------------------------------
SOURCE            : [loss: 0.000018] [acc: 7593/7647 (99.29%)] [f1: 0.9929]
TARGET w/o tranfer: [loss: 0.007302] [acc: 1124/1899 (59.19%)] [f1: 0.5919]
--------------------------------------------------------------------------------
Train Epoch: 8 [0/7647 (0%)]	Loss: 0.049793
Train Epoch: 8 [3200/7647 (42%)]	Loss: 0.002135
Train Epoch: 8 [6400/7647 (84%)]	Loss: 0.002061
--------------------------------------------------------------------------------
SOURCE            : [loss: 0.000032] [acc: 7573/7647 (99.03%)] [f1: 0.9903]
TARGET w/o tranfer: [loss: 0.009147] [acc: 1139/1899 (59.98%)] [f1: 0.5998]
--------------------------------------------------------------------------------
Train Epoch: 9 [0/7647 (0%)]	Loss: 0.000423
Train Epoch: 9 [3200/7647 (42%)]	Loss: 0.058256
Train Epoch: 9 [6400/7647 (84%)]	Loss: 0.020379
--------------------------------------------------------------------------------
SOURCE            : [loss: 0.000027] [acc: 7586/7647 (99.20%)] [f1: 0.9920]
TARGET w/o tranfer: [loss: 0.007241] [acc: 1151/1899 (60.61%)] [f1: 0.6061]
--------------------------------------------------------------------------------
Train Epoch: 10 [0/7647 (0%)]	Loss: 0.000244
Train Epoch: 10 [3200/7647 (42%)]	Loss: 0.023339
Train Epoch: 10 [6400/7647 (84%)]	Loss: 0.159370
--------------------------------------------------------------------------------
SOURCE            : [loss: 0.000089] [acc: 7489/7647 (97.93%)] [f1: 0.9793]
TARGET w/o tranfer: [loss: 0.007241] [acc: 1061/1899 (55.87%)] [f1: 0.5587]
--------------------------------------------------------------------------------
Train Epoch: 11 [0/7647 (0%)]	Loss: 0.923169
Train Epoch: 11 [3200/7647 (42%)]	Loss: 0.000172
Train Epoch: 11 [6400/7647 (84%)]	Loss: 0.006451
--------------------------------------------------------------------------------
SOURCE            : [loss: 0.000012] [acc: 7618/7647 (99.62%)] [f1: 0.9962]
TARGET w/o tranfer: [loss: 0.005798] [acc: 1082/1899 (56.98%)] [f1: 0.5698]
--------------------------------------------------------------------------------
Train Epoch: 12 [0/7647 (0%)]	Loss: 0.002444
Train Epoch: 12 [3200/7647 (42%)]	Loss: 0.001659
Train Epoch: 12 [6400/7647 (84%)]	Loss: 0.102992
--------------------------------------------------------------------------------
SOURCE            : [loss: 0.000018] [acc: 7601/7647 (99.40%)] [f1: 0.9940]
TARGET w/o tranfer: [loss: 0.004268] [acc: 1143/1899 (60.19%)] [f1: 0.6019]
--------------------------------------------------------------------------------
Train Epoch: 13 [0/7647 (0%)]	Loss: 0.000139
Train Epoch: 13 [3200/7647 (42%)]	Loss: 0.001531
Train Epoch: 13 [6400/7647 (84%)]	Loss: 0.018495
--------------------------------------------------------------------------------
SOURCE            : [loss: 0.000033] [acc: 7566/7647 (98.94%)] [f1: 0.9894]
TARGET w/o tranfer: [loss: 0.015693] [acc: 1046/1899 (55.08%)] [f1: 0.5508]
--------------------------------------------------------------------------------
Train Epoch: 14 [0/7647 (0%)]	Loss: 0.002761
Train Epoch: 14 [3200/7647 (42%)]	Loss: 0.008864
Train Epoch: 14 [6400/7647 (84%)]	Loss: 0.096137
--------------------------------------------------------------------------------
SOURCE            : [loss: 0.000051] [acc: 7584/7647 (99.18%)] [f1: 0.9918]
TARGET w/o tranfer: [loss: 0.017150] [acc: 1015/1899 (53.45%)] [f1: 0.5345]
--------------------------------------------------------------------------------
Train Epoch: 15 [0/7647 (0%)]	Loss: 0.019278
Train Epoch: 15 [3200/7647 (42%)]	Loss: 0.003703
Train Epoch: 15 [6400/7647 (84%)]	Loss: 0.000063
--------------------------------------------------------------------------------
SOURCE            : [loss: 0.000016] [acc: 7608/7647 (99.49%)] [f1: 0.9949]
TARGET w/o tranfer: [loss: 0.004451] [acc: 1243/1899 (65.46%)] [f1: 0.6546]
--------------------------------------------------------------------------------
Train Epoch: 16 [0/7647 (0%)]	Loss: 0.000377
Train Epoch: 16 [3200/7647 (42%)]	Loss: 0.000154
Train Epoch: 16 [6400/7647 (84%)]	Loss: 0.000108
--------------------------------------------------------------------------------
SOURCE            : [loss: 0.000005] [acc: 7635/7647 (99.84%)] [f1: 0.9984]
TARGET w/o tranfer: [loss: 0.004064] [acc: 1286/1899 (67.72%)] [f1: 0.6772]
--------------------------------------------------------------------------------
Train Epoch: 17 [0/7647 (0%)]	Loss: 0.000036
Train Epoch: 17 [3200/7647 (42%)]	Loss: 0.000121
Train Epoch: 17 [6400/7647 (84%)]	Loss: 0.000385
--------------------------------------------------------------------------------
SOURCE            : [loss: 0.000009] [acc: 7627/7647 (99.74%)] [f1: 0.9974]
TARGET w/o tranfer: [loss: 0.004021] [acc: 1283/1899 (67.56%)] [f1: 0.6756]
--------------------------------------------------------------------------------
Train Epoch: 18 [0/7647 (0%)]	Loss: 0.001250
Train Epoch: 18 [3200/7647 (42%)]	Loss: 0.000038
Train Epoch: 18 [6400/7647 (84%)]	Loss: 0.000122
--------------------------------------------------------------------------------
SOURCE            : [loss: 0.000003] [acc: 7645/7647 (99.97%)] [f1: 0.9997]
TARGET w/o tranfer: [loss: 0.005738] [acc: 1211/1899 (63.77%)] [f1: 0.6377]
--------------------------------------------------------------------------------
Train Epoch: 19 [0/7647 (0%)]	Loss: 0.000193
Train Epoch: 19 [3200/7647 (42%)]	Loss: 0.000087
Train Epoch: 19 [6400/7647 (84%)]	Loss: 0.000598
--------------------------------------------------------------------------------
SOURCE            : [loss: 0.000023] [acc: 7621/7647 (99.66%)] [f1: 0.9966]
TARGET w/o tranfer: [loss: 0.005772] [acc: 1255/1899 (66.09%)] [f1: 0.6609]
--------------------------------------------------------------------------------
Train Epoch: 20 [0/7647 (0%)]	Loss: 0.005597
Train Epoch: 20 [3200/7647 (42%)]	Loss: 0.000087
Train Epoch: 20 [6400/7647 (84%)]	Loss: 0.134693
--------------------------------------------------------------------------------
SOURCE            : [loss: 0.000041] [acc: 7573/7647 (99.03%)] [f1: 0.9903]
TARGET w/o tranfer: [loss: 0.006654] [acc: 1269/1899 (66.82%)] [f1: 0.6682]
--------------------------------------------------------------------------------
Train Epoch: 21 [0/7647 (0%)]	Loss: 0.000014
Train Epoch: 21 [3200/7647 (42%)]	Loss: 0.000367
Train Epoch: 21 [6400/7647 (84%)]	Loss: 0.282133
--------------------------------------------------------------------------------
SOURCE            : [loss: 0.000028] [acc: 7605/7647 (99.45%)] [f1: 0.9945]
TARGET w/o tranfer: [loss: 0.005989] [acc: 1157/1899 (60.93%)] [f1: 0.6093]
--------------------------------------------------------------------------------
Train Epoch: 22 [0/7647 (0%)]	Loss: 0.026000
Train Epoch: 22 [3200/7647 (42%)]	Loss: 0.000483
Train Epoch: 22 [6400/7647 (84%)]	Loss: 0.020438
--------------------------------------------------------------------------------
SOURCE            : [loss: 0.000006] [acc: 7636/7647 (99.86%)] [f1: 0.9986]
TARGET w/o tranfer: [loss: 0.002972] [acc: 1302/1899 (68.56%)] [f1: 0.6856]
--------------------------------------------------------------------------------
Train Epoch: 23 [0/7647 (0%)]	Loss: 0.003889
Train Epoch: 23 [3200/7647 (42%)]	Loss: 0.000121
Train Epoch: 23 [6400/7647 (84%)]	Loss: 0.001328
--------------------------------------------------------------------------------
SOURCE            : [loss: 0.000003] [acc: 7642/7647 (99.93%)] [f1: 0.9993]
TARGET w/o tranfer: [loss: 0.002915] [acc: 1323/1899 (69.67%)] [f1: 0.6967]
--------------------------------------------------------------------------------
Train Epoch: 24 [0/7647 (0%)]	Loss: 0.000276
Train Epoch: 24 [3200/7647 (42%)]	Loss: 0.000089
Train Epoch: 24 [6400/7647 (84%)]	Loss: 0.008832
--------------------------------------------------------------------------------
SOURCE            : [loss: 0.000001] [acc: 7646/7647 (99.99%)] [f1: 0.9999]
TARGET w/o tranfer: [loss: 0.003365] [acc: 1333/1899 (70.19%)] [f1: 0.7019]
--------------------------------------------------------------------------------
Train Epoch: 25 [0/7647 (0%)]	Loss: 0.000037
Train Epoch: 25 [3200/7647 (42%)]	Loss: 0.000157
Train Epoch: 25 [6400/7647 (84%)]	Loss: 0.000005
--------------------------------------------------------------------------------
SOURCE            : [loss: 0.000001] [acc: 7645/7647 (99.97%)] [f1: 0.9997]
TARGET w/o tranfer: [loss: 0.003444] [acc: 1304/1899 (68.67%)] [f1: 0.6867]
--------------------------------------------------------------------------------
Train Epoch: 26 [0/7647 (0%)]	Loss: 0.000007
Train Epoch: 26 [3200/7647 (42%)]	Loss: 0.000011
Train Epoch: 26 [6400/7647 (84%)]	Loss: 0.000031
--------------------------------------------------------------------------------
SOURCE            : [loss: 0.000000] [acc: 7646/7647 (99.99%)] [f1: 0.9999]
TARGET w/o tranfer: [loss: 0.003367] [acc: 1314/1899 (69.19%)] [f1: 0.6919]
--------------------------------------------------------------------------------
Train Epoch: 27 [0/7647 (0%)]	Loss: 0.000009
Train Epoch: 27 [3200/7647 (42%)]	Loss: 0.000013
Train Epoch: 27 [6400/7647 (84%)]	Loss: 0.000765
--------------------------------------------------------------------------------
SOURCE            : [loss: 0.000000] [acc: 7646/7647 (99.99%)] [f1: 0.9999]
TARGET w/o tranfer: [loss: 0.003849] [acc: 1306/1899 (68.77%)] [f1: 0.6877]
--------------------------------------------------------------------------------
Train Epoch: 28 [0/7647 (0%)]	Loss: 0.000036
Train Epoch: 28 [3200/7647 (42%)]	Loss: 0.000006
Train Epoch: 28 [6400/7647 (84%)]	Loss: 0.000883
--------------------------------------------------------------------------------
SOURCE            : [loss: 0.000000] [acc: 7646/7647 (99.99%)] [f1: 0.9999]
TARGET w/o tranfer: [loss: 0.003322] [acc: 1310/1899 (68.98%)] [f1: 0.6898]
--------------------------------------------------------------------------------
Train Epoch: 29 [0/7647 (0%)]	Loss: 0.000005
Train Epoch: 29 [3200/7647 (42%)]	Loss: 0.000032
Train Epoch: 29 [6400/7647 (84%)]	Loss: 0.000349
--------------------------------------------------------------------------------
SOURCE            : [loss: 0.000000] [acc: 7646/7647 (99.99%)] [f1: 0.9999]
TARGET w/o tranfer: [loss: 0.003755] [acc: 1306/1899 (68.77%)] [f1: 0.6877]
--------------------------------------------------------------------------------
Train Epoch: 30 [0/7647 (0%)]	Loss: 0.000419
Train Epoch: 30 [3200/7647 (42%)]	Loss: 0.000006
Train Epoch: 30 [6400/7647 (84%)]	Loss: 0.000017
--------------------------------------------------------------------------------
SOURCE            : [loss: 0.000000] [acc: 7646/7647 (99.99%)] [f1: 0.9999]
TARGET w/o tranfer: [loss: 0.003683] [acc: 1317/1899 (69.35%)] [f1: 0.6935]
--------------------------------------------------------------------------------
Train Epoch: 31 [0/7647 (0%)]	Loss: 0.000332
Train Epoch: 31 [3200/7647 (42%)]	Loss: 0.000007
Train Epoch: 31 [6400/7647 (84%)]	Loss: 0.000165
--------------------------------------------------------------------------------
SOURCE            : [loss: 0.000000] [acc: 7646/7647 (99.99%)] [f1: 0.9999]
TARGET w/o tranfer: [loss: 0.003734] [acc: 1317/1899 (69.35%)] [f1: 0.6935]
--------------------------------------------------------------------------------
Train Epoch: 32 [0/7647 (0%)]	Loss: 0.000008
Train Epoch: 32 [3200/7647 (42%)]	Loss: 0.000004
Train Epoch: 32 [6400/7647 (84%)]	Loss: 0.000005
--------------------------------------------------------------------------------
SOURCE            : [loss: 0.000000] [acc: 7646/7647 (99.99%)] [f1: 0.9999]
TARGET w/o tranfer: [loss: 0.003773] [acc: 1319/1899 (69.46%)] [f1: 0.6946]
--------------------------------------------------------------------------------
Train Epoch: 33 [0/7647 (0%)]	Loss: 0.000005
Train Epoch: 33 [3200/7647 (42%)]	Loss: 0.000005
Train Epoch: 33 [6400/7647 (84%)]	Loss: 0.000014
--------------------------------------------------------------------------------
SOURCE            : [loss: 0.000000] [acc: 7646/7647 (99.99%)] [f1: 0.9999]
TARGET w/o tranfer: [loss: 0.004112] [acc: 1316/1899 (69.30%)] [f1: 0.6930]
--------------------------------------------------------------------------------
Train Epoch: 34 [0/7647 (0%)]	Loss: 0.000034
Train Epoch: 34 [3200/7647 (42%)]	Loss: 0.000004
Train Epoch: 34 [6400/7647 (84%)]	Loss: 0.000024
--------------------------------------------------------------------------------
SOURCE            : [loss: 0.000000] [acc: 7647/7647 (100.00%)] [f1: 1.0000]
TARGET w/o tranfer: [loss: 0.003927] [acc: 1323/1899 (69.67%)] [f1: 0.6967]
--------------------------------------------------------------------------------
Train Epoch: 35 [0/7647 (0%)]	Loss: 0.000005
Train Epoch: 35 [3200/7647 (42%)]	Loss: 0.000002
Train Epoch: 35 [6400/7647 (84%)]	Loss: 0.000002
--------------------------------------------------------------------------------
SOURCE            : [loss: 0.000000] [acc: 7647/7647 (100.00%)] [f1: 1.0000]
TARGET w/o tranfer: [loss: 0.004171] [acc: 1315/1899 (69.25%)] [f1: 0.6925]
--------------------------------------------------------------------------------
Train Epoch: 36 [0/7647 (0%)]	Loss: 0.000107
Train Epoch: 36 [3200/7647 (42%)]	Loss: 0.000023
Train Epoch: 36 [6400/7647 (84%)]	Loss: 0.000003
--------------------------------------------------------------------------------
SOURCE            : [loss: 0.000000] [acc: 7647/7647 (100.00%)] [f1: 1.0000]
TARGET w/o tranfer: [loss: 0.004283] [acc: 1316/1899 (69.30%)] [f1: 0.6930]
--------------------------------------------------------------------------------
Train Epoch: 37 [0/7647 (0%)]	Loss: 0.000008
Train Epoch: 37 [3200/7647 (42%)]	Loss: 0.000002
Train Epoch: 37 [6400/7647 (84%)]	Loss: 0.000005
--------------------------------------------------------------------------------
SOURCE            : [loss: 0.000000] [acc: 7647/7647 (100.00%)] [f1: 1.0000]
TARGET w/o tranfer: [loss: 0.004424] [acc: 1317/1899 (69.35%)] [f1: 0.6935]
--------------------------------------------------------------------------------
Train Epoch: 38 [0/7647 (0%)]	Loss: 0.000001
Train Epoch: 38 [3200/7647 (42%)]	Loss: 0.000062
Train Epoch: 38 [6400/7647 (84%)]	Loss: 0.000002
--------------------------------------------------------------------------------
SOURCE            : [loss: 0.000000] [acc: 7647/7647 (100.00%)] [f1: 1.0000]
TARGET w/o tranfer: [loss: 0.004660] [acc: 1311/1899 (69.04%)] [f1: 0.6904]
--------------------------------------------------------------------------------
Train Epoch: 39 [0/7647 (0%)]	Loss: 0.000035
Train Epoch: 39 [3200/7647 (42%)]	Loss: 0.000052
Train Epoch: 39 [6400/7647 (84%)]	Loss: 0.000004
--------------------------------------------------------------------------------
SOURCE            : [loss: 0.000000] [acc: 7647/7647 (100.00%)] [f1: 1.0000]
TARGET w/o tranfer: [loss: 0.004856] [acc: 1307/1899 (68.83%)] [f1: 0.6883]
--------------------------------------------------------------------------------
Train Epoch: 40 [0/7647 (0%)]	Loss: 0.000006
Train Epoch: 40 [3200/7647 (42%)]	Loss: 0.000001
Train Epoch: 40 [6400/7647 (84%)]	Loss: 0.000001
--------------------------------------------------------------------------------
SOURCE            : [loss: 0.000000] [acc: 7647/7647 (100.00%)] [f1: 1.0000]
TARGET w/o tranfer: [loss: 0.005104] [acc: 1307/1899 (68.83%)] [f1: 0.6883]
--------------------------------------------------------------------------------
Train Epoch: 41 [0/7647 (0%)]	Loss: 0.000002
Train Epoch: 41 [3200/7647 (42%)]	Loss: 0.000002
Train Epoch: 41 [6400/7647 (84%)]	Loss: 0.000007
--------------------------------------------------------------------------------
SOURCE            : [loss: 0.000000] [acc: 7647/7647 (100.00%)] [f1: 1.0000]
TARGET w/o tranfer: [loss: 0.005185] [acc: 1305/1899 (68.72%)] [f1: 0.6872]
--------------------------------------------------------------------------------
Train Epoch: 42 [0/7647 (0%)]	Loss: 0.000002
Train Epoch: 42 [3200/7647 (42%)]	Loss: 0.000000
Train Epoch: 42 [6400/7647 (84%)]	Loss: 0.000001
--------------------------------------------------------------------------------
SOURCE            : [loss: 0.000000] [acc: 7647/7647 (100.00%)] [f1: 1.0000]
TARGET w/o tranfer: [loss: 0.005150] [acc: 1316/1899 (69.30%)] [f1: 0.6930]
--------------------------------------------------------------------------------
Train Epoch: 43 [0/7647 (0%)]	Loss: 0.000000
Train Epoch: 43 [3200/7647 (42%)]	Loss: 0.000006
Train Epoch: 43 [6400/7647 (84%)]	Loss: 0.000000
--------------------------------------------------------------------------------
SOURCE            : [loss: 0.000000] [acc: 7647/7647 (100.00%)] [f1: 1.0000]
TARGET w/o tranfer: [loss: 0.005559] [acc: 1304/1899 (68.67%)] [f1: 0.6867]
--------------------------------------------------------------------------------
Train Epoch: 44 [0/7647 (0%)]	Loss: 0.000006
Train Epoch: 44 [3200/7647 (42%)]	Loss: 0.000000
Train Epoch: 44 [6400/7647 (84%)]	Loss: 0.000006
--------------------------------------------------------------------------------
SOURCE            : [loss: 0.000000] [acc: 7647/7647 (100.00%)] [f1: 1.0000]
TARGET w/o tranfer: [loss: 0.005660] [acc: 1306/1899 (68.77%)] [f1: 0.6877]
--------------------------------------------------------------------------------
Train Epoch: 45 [0/7647 (0%)]	Loss: 0.000001
Train Epoch: 45 [3200/7647 (42%)]	Loss: 0.000000
Train Epoch: 45 [6400/7647 (84%)]	Loss: 2.619792
--------------------------------------------------------------------------------
SOURCE            : [loss: 0.000402] [acc: 7372/7647 (96.40%)] [f1: 0.9640]
TARGET w/o tranfer: [loss: 0.046568] [acc: 1417/1899 (74.62%)] [f1: 0.7462]
--------------------------------------------------------------------------------
Train Epoch: 46 [0/7647 (0%)]	Loss: 0.010496
Train Epoch: 46 [3200/7647 (42%)]	Loss: 0.039223
Train Epoch: 46 [6400/7647 (84%)]	Loss: 0.005112
--------------------------------------------------------------------------------
SOURCE            : [loss: 0.000146] [acc: 7560/7647 (98.86%)] [f1: 0.9886]
TARGET w/o tranfer: [loss: 0.033650] [acc: 1083/1899 (57.03%)] [f1: 0.5703]
--------------------------------------------------------------------------------
Train Epoch: 47 [0/7647 (0%)]	Loss: 0.009784
Train Epoch: 47 [3200/7647 (42%)]	Loss: 0.000048
Train Epoch: 47 [6400/7647 (84%)]	Loss: 0.009942
--------------------------------------------------------------------------------
SOURCE            : [loss: 0.000057] [acc: 7624/7647 (99.70%)] [f1: 0.9970]
TARGET w/o tranfer: [loss: 0.125510] [acc: 1045/1899 (55.03%)] [f1: 0.5503]
--------------------------------------------------------------------------------
Train Epoch: 48 [0/7647 (0%)]	Loss: 0.000040
Train Epoch: 48 [3200/7647 (42%)]	Loss: 0.002391
Train Epoch: 48 [6400/7647 (84%)]	Loss: 0.000573
--------------------------------------------------------------------------------
SOURCE            : [loss: 0.000023] [acc: 7609/7647 (99.50%)] [f1: 0.9950]
TARGET w/o tranfer: [loss: 0.176821] [acc: 1030/1899 (54.24%)] [f1: 0.5424]
--------------------------------------------------------------------------------
Train Epoch: 49 [0/7647 (0%)]	Loss: 0.035511
Train Epoch: 49 [3200/7647 (42%)]	Loss: 0.000241
Train Epoch: 49 [6400/7647 (84%)]	Loss: 0.000986
--------------------------------------------------------------------------------
SOURCE            : [loss: 0.000007] [acc: 7633/7647 (99.82%)] [f1: 0.9982]
TARGET w/o tranfer: [loss: 0.190483] [acc: 1045/1899 (55.03%)] [f1: 0.5503]
--------------------------------------------------------------------------------
Train Epoch: 50 [0/7647 (0%)]	Loss: 0.004449
Train Epoch: 50 [3200/7647 (42%)]	Loss: 0.000009
Train Epoch: 50 [6400/7647 (84%)]	Loss: 0.000144
--------------------------------------------------------------------------------
SOURCE            : [loss: 0.000008] [acc: 7633/7647 (99.82%)] [f1: 0.9982]
TARGET w/o tranfer: [loss: 0.187917] [acc: 1070/1899 (56.35%)] [f1: 0.5635]
--------------------------------------------------------------------------------
[Epoch 1/50] [Iter 0/1899]	[Losses conv1: 38.4710 | conv2: 174.9185 | conv3: 199.1980 | final: 2.37051868]
--------------------------------------------------------------------------------
TARGET with tranfer: [loss: 0.000765] [acc: 1563/1899 (82.31%)] [f1: 0.8231]
--------------------------------------------------------------------------------
[Epoch 2/50] [Iter 0/1899]	[Losses conv1: 37.8474 | conv2: 152.1433 | conv3: 174.3599 | final: 0.73816758]
--------------------------------------------------------------------------------
TARGET with tranfer: [loss: 0.000274] [acc: 1667/1899 (87.78%)] [f1: 0.8778]
--------------------------------------------------------------------------------
[Epoch 3/50] [Iter 0/1899]	[Losses conv1: 38.0106 | conv2: 112.9048 | conv3: 177.8547 | final: 0.14585398]
--------------------------------------------------------------------------------
TARGET with tranfer: [loss: 0.000119] [acc: 1832/1899 (96.47%)] [f1: 0.9647]
--------------------------------------------------------------------------------
[Epoch 4/50] [Iter 0/1899]	[Losses conv1: 38.7415 | conv2: 88.3015 | conv3: 174.5995 | final: 0.13369997]
--------------------------------------------------------------------------------
TARGET with tranfer: [loss: 0.000082] [acc: 1863/1899 (98.10%)] [f1: 0.9810]
--------------------------------------------------------------------------------
[Epoch 5/50] [Iter 0/1899]	[Losses conv1: 34.4572 | conv2: 101.0074 | conv3: 158.1750 | final: 0.05857922]
--------------------------------------------------------------------------------
TARGET with tranfer: [loss: 0.000054] [acc: 1874/1899 (98.68%)] [f1: 0.9868]
--------------------------------------------------------------------------------
[Epoch 6/50] [Iter 0/1899]	[Losses conv1: 38.1164 | conv2: 74.1685 | conv3: 160.7388 | final: 0.06310117]
--------------------------------------------------------------------------------
TARGET with tranfer: [loss: 0.000054] [acc: 1846/1899 (97.21%)] [f1: 0.9721]
--------------------------------------------------------------------------------
[Epoch 7/50] [Iter 0/1899]	[Losses conv1: 29.5888 | conv2: 98.0321 | conv3: 140.9372 | final: 0.05552956]
--------------------------------------------------------------------------------
TARGET with tranfer: [loss: 0.000029] [acc: 1886/1899 (99.32%)] [f1: 0.9932]
--------------------------------------------------------------------------------
[Epoch 8/50] [Iter 0/1899]	[Losses conv1: 36.2628 | conv2: 69.2023 | conv3: 144.5796 | final: 0.03027067]
--------------------------------------------------------------------------------
TARGET with tranfer: [loss: 0.000033] [acc: 1874/1899 (98.68%)] [f1: 0.9868]
--------------------------------------------------------------------------------
[Epoch 9/50] [Iter 0/1899]	[Losses conv1: 32.6370 | conv2: 52.1466 | conv3: 130.7407 | final: 0.02003555]
--------------------------------------------------------------------------------
TARGET with tranfer: [loss: 0.000017] [acc: 1891/1899 (99.58%)] [f1: 0.9958]
--------------------------------------------------------------------------------
[Epoch 10/50] [Iter 0/1899]	[Losses conv1: 32.7124 | conv2: 40.0011 | conv3: 104.3844 | final: 0.00093529]
--------------------------------------------------------------------------------
TARGET with tranfer: [loss: 0.000024] [acc: 1880/1899 (99.00%)] [f1: 0.9900]
--------------------------------------------------------------------------------
[Epoch 11/50] [Iter 0/1899]	[Losses conv1: 35.6842 | conv2: 42.8958 | conv3: 112.1947 | final: 0.02903980]
--------------------------------------------------------------------------------
TARGET with tranfer: [loss: 0.000012] [acc: 1895/1899 (99.79%)] [f1: 0.9979]
--------------------------------------------------------------------------------
[Epoch 12/50] [Iter 0/1899]	[Losses conv1: 28.5250 | conv2: 62.1103 | conv3: 85.1504 | final: 0.00871223]
--------------------------------------------------------------------------------
TARGET with tranfer: [loss: 0.000013] [acc: 1894/1899 (99.74%)] [f1: 0.9974]
--------------------------------------------------------------------------------
[Epoch 13/50] [Iter 0/1899]	[Losses conv1: 34.8794 | conv2: 62.2938 | conv3: 85.2622 | final: 0.03226790]
--------------------------------------------------------------------------------
TARGET with tranfer: [loss: 0.000012] [acc: 1892/1899 (99.63%)] [f1: 0.9963]
--------------------------------------------------------------------------------
[Epoch 14/50] [Iter 0/1899]	[Losses conv1: 31.3421 | conv2: 31.1872 | conv3: 94.5993 | final: 0.00384945]
--------------------------------------------------------------------------------
TARGET with tranfer: [loss: 0.000010] [acc: 1895/1899 (99.79%)] [f1: 0.9979]
--------------------------------------------------------------------------------
[Epoch 15/50] [Iter 0/1899]	[Losses conv1: 25.7504 | conv2: 40.7343 | conv3: 84.7714 | final: 0.00848033]
--------------------------------------------------------------------------------
TARGET with tranfer: [loss: 0.000038] [acc: 1866/1899 (98.26%)] [f1: 0.9826]
--------------------------------------------------------------------------------
[Epoch 16/50] [Iter 0/1899]	[Losses conv1: 24.1048 | conv2: 37.9586 | conv3: 82.4499 | final: 0.00557515]
--------------------------------------------------------------------------------
TARGET with tranfer: [loss: 0.000043] [acc: 1865/1899 (98.21%)] [f1: 0.9821]
--------------------------------------------------------------------------------
[Epoch 17/50] [Iter 0/1899]	[Losses conv1: 26.1077 | conv2: 38.6652 | conv3: 87.8336 | final: 0.02236438]
--------------------------------------------------------------------------------
TARGET with tranfer: [loss: 0.000009] [acc: 1892/1899 (99.63%)] [f1: 0.9963]
--------------------------------------------------------------------------------
[Epoch 18/50] [Iter 0/1899]	[Losses conv1: 26.7582 | conv2: 66.4092 | conv3: 69.5826 | final: 0.00140738]
--------------------------------------------------------------------------------
TARGET with tranfer: [loss: 0.000006] [acc: 1899/1899 (100.00%)] [f1: 1.0000]
--------------------------------------------------------------------------------
[Epoch 19/50] [Iter 0/1899]	[Losses conv1: 24.5734 | conv2: 41.8853 | conv3: 68.3995 | final: 0.00124511]
--------------------------------------------------------------------------------
TARGET with tranfer: [loss: 0.000007] [acc: 1894/1899 (99.74%)] [f1: 0.9974]
--------------------------------------------------------------------------------
[Epoch 20/50] [Iter 0/1899]	[Losses conv1: 19.6892 | conv2: 30.4779 | conv3: 58.8620 | final: 0.00476687]
--------------------------------------------------------------------------------
TARGET with tranfer: [loss: 0.000003] [acc: 1899/1899 (100.00%)] [f1: 1.0000]
--------------------------------------------------------------------------------
[Epoch 21/50] [Iter 0/1899]	[Losses conv1: 19.9400 | conv2: 34.8125 | conv3: 59.1287 | final: 0.00015157]
--------------------------------------------------------------------------------
TARGET with tranfer: [loss: 0.000002] [acc: 1899/1899 (100.00%)] [f1: 1.0000]
--------------------------------------------------------------------------------
[Epoch 22/50] [Iter 0/1899]	[Losses conv1: 24.5048 | conv2: 33.1569 | conv3: 85.3748 | final: 0.00028574]
--------------------------------------------------------------------------------
TARGET with tranfer: [loss: 0.000001] [acc: 1899/1899 (100.00%)] [f1: 1.0000]
--------------------------------------------------------------------------------
[Epoch 23/50] [Iter 0/1899]	[Losses conv1: 27.2735 | conv2: 34.3570 | conv3: 62.6134 | final: 0.00064835]
--------------------------------------------------------------------------------
TARGET with tranfer: [loss: 0.000001] [acc: 1899/1899 (100.00%)] [f1: 1.0000]
--------------------------------------------------------------------------------
[Epoch 24/50] [Iter 0/1899]	[Losses conv1: 10.7082 | conv2: 35.1712 | conv3: 40.2569 | final: 0.00072569]
--------------------------------------------------------------------------------
TARGET with tranfer: [loss: 0.000001] [acc: 1899/1899 (100.00%)] [f1: 1.0000]
--------------------------------------------------------------------------------
[Epoch 25/50] [Iter 0/1899]	[Losses conv1: 20.7251 | conv2: 22.8260 | conv3: 49.0742 | final: 0.00071636]
--------------------------------------------------------------------------------
TARGET with tranfer: [loss: 0.000001] [acc: 1899/1899 (100.00%)] [f1: 1.0000]
--------------------------------------------------------------------------------
[Epoch 26/50] [Iter 0/1899]	[Losses conv1: 19.6440 | conv2: 39.4696 | conv3: 59.7583 | final: 0.00022230]
--------------------------------------------------------------------------------
TARGET with tranfer: [loss: 0.000001] [acc: 1899/1899 (100.00%)] [f1: 1.0000]
--------------------------------------------------------------------------------
[Epoch 27/50] [Iter 0/1899]	[Losses conv1: 20.9706 | conv2: 34.8520 | conv3: 62.7805 | final: 0.00094312]
--------------------------------------------------------------------------------
TARGET with tranfer: [loss: 0.000001] [acc: 1899/1899 (100.00%)] [f1: 1.0000]
--------------------------------------------------------------------------------
[Epoch 28/50] [Iter 0/1899]	[Losses conv1: 22.4072 | conv2: 14.9388 | conv3: 62.1131 | final: 0.00140500]
--------------------------------------------------------------------------------
TARGET with tranfer: [loss: 0.000000] [acc: 1899/1899 (100.00%)] [f1: 1.0000]
--------------------------------------------------------------------------------
[Epoch 29/50] [Iter 0/1899]	[Losses conv1: 20.5835 | conv2: 18.2974 | conv3: 44.5905 | final: 0.00006557]
--------------------------------------------------------------------------------
TARGET with tranfer: [loss: 0.000000] [acc: 1899/1899 (100.00%)] [f1: 1.0000]
--------------------------------------------------------------------------------
[Epoch 30/50] [Iter 0/1899]	[Losses conv1: 15.1530 | conv2: 19.6981 | conv3: 42.2852 | final: 0.00061005]
--------------------------------------------------------------------------------
TARGET with tranfer: [loss: 0.000000] [acc: 1899/1899 (100.00%)] [f1: 1.0000]
--------------------------------------------------------------------------------
[Epoch 31/50] [Iter 0/1899]	[Losses conv1: 11.9768 | conv2: 28.0215 | conv3: 49.0053 | final: 0.00131381]
--------------------------------------------------------------------------------
TARGET with tranfer: [loss: 0.000000] [acc: 1899/1899 (100.00%)] [f1: 1.0000]
--------------------------------------------------------------------------------
[Epoch 32/50] [Iter 0/1899]	[Losses conv1: 14.2485 | conv2: 21.0113 | conv3: 34.0070 | final: 0.00065231]
--------------------------------------------------------------------------------
TARGET with tranfer: [loss: 0.000000] [acc: 1899/1899 (100.00%)] [f1: 1.0000]
--------------------------------------------------------------------------------
[Epoch 33/50] [Iter 0/1899]	[Losses conv1: 14.8088 | conv2: 28.6360 | conv3: 38.1527 | final: 0.00068730]
--------------------------------------------------------------------------------
TARGET with tranfer: [loss: 0.000001] [acc: 1899/1899 (100.00%)] [f1: 1.0000]
--------------------------------------------------------------------------------
[Epoch 34/50] [Iter 0/1899]	[Losses conv1: 11.5435 | conv2: 34.9332 | conv3: 36.0301 | final: 0.00058982]
--------------------------------------------------------------------------------
TARGET with tranfer: [loss: 0.000000] [acc: 1899/1899 (100.00%)] [f1: 1.0000]
--------------------------------------------------------------------------------
[Epoch 35/50] [Iter 0/1899]	[Losses conv1: 15.6663 | conv2: 22.8048 | conv3: 37.3407 | final: 0.00023046]
--------------------------------------------------------------------------------
TARGET with tranfer: [loss: 0.000000] [acc: 1899/1899 (100.00%)] [f1: 1.0000]
--------------------------------------------------------------------------------
[Epoch 36/50] [Iter 0/1899]	[Losses conv1: 17.6657 | conv2: 13.5984 | conv3: 35.4484 | final: 0.00008005]
--------------------------------------------------------------------------------
TARGET with tranfer: [loss: 0.000000] [acc: 1899/1899 (100.00%)] [f1: 1.0000]
--------------------------------------------------------------------------------
[Epoch 37/50] [Iter 0/1899]	[Losses conv1: 12.5122 | conv2: 22.8410 | conv3: 35.7413 | final: 0.00001997]
--------------------------------------------------------------------------------
TARGET with tranfer: [loss: 0.000000] [acc: 1899/1899 (100.00%)] [f1: 1.0000]
--------------------------------------------------------------------------------
[Epoch 38/50] [Iter 0/1899]	[Losses conv1: 12.0971 | conv2: 17.8281 | conv3: 38.6849 | final: 0.00010109]
--------------------------------------------------------------------------------
TARGET with tranfer: [loss: 0.000000] [acc: 1899/1899 (100.00%)] [f1: 1.0000]
--------------------------------------------------------------------------------
[Epoch 39/50] [Iter 0/1899]	[Losses conv1: 11.9090 | conv2: 11.9813 | conv3: 28.9188 | final: 0.00000715]
--------------------------------------------------------------------------------
TARGET with tranfer: [loss: 0.000000] [acc: 1899/1899 (100.00%)] [f1: 1.0000]
--------------------------------------------------------------------------------
[Epoch 40/50] [Iter 0/1899]	[Losses conv1: 12.5726 | conv2: 43.1595 | conv3: 40.7804 | final: 0.00000435]
--------------------------------------------------------------------------------
TARGET with tranfer: [loss: 0.000000] [acc: 1899/1899 (100.00%)] [f1: 1.0000]
--------------------------------------------------------------------------------
[Epoch 41/50] [Iter 0/1899]	[Losses conv1: 12.8021 | conv2: 21.8518 | conv3: 43.0041 | final: 0.00020289]
--------------------------------------------------------------------------------
TARGET with tranfer: [loss: 0.000000] [acc: 1899/1899 (100.00%)] [f1: 1.0000]
--------------------------------------------------------------------------------
[Epoch 42/50] [Iter 0/1899]	[Losses conv1: 18.8231 | conv2: 15.9061 | conv3: 45.2903 | final: 0.00057822]
--------------------------------------------------------------------------------
TARGET with tranfer: [loss: 0.000000] [acc: 1899/1899 (100.00%)] [f1: 1.0000]
--------------------------------------------------------------------------------
[Epoch 43/50] [Iter 0/1899]	[Losses conv1: 12.0185 | conv2: 11.0195 | conv3: 35.2489 | final: 0.00001645]
--------------------------------------------------------------------------------
TARGET with tranfer: [loss: 0.000000] [acc: 1899/1899 (100.00%)] [f1: 1.0000]
--------------------------------------------------------------------------------
[Epoch 44/50] [Iter 0/1899]	[Losses conv1: 15.8296 | conv2: 12.9067 | conv3: 39.4556 | final: 0.00012800]
--------------------------------------------------------------------------------
TARGET with tranfer: [loss: 0.000000] [acc: 1899/1899 (100.00%)] [f1: 1.0000]
--------------------------------------------------------------------------------
[Epoch 45/50] [Iter 0/1899]	[Losses conv1: 10.0497 | conv2: 17.3136 | conv3: 22.8388 | final: 0.00009993]
--------------------------------------------------------------------------------
TARGET with tranfer: [loss: 0.000000] [acc: 1899/1899 (100.00%)] [f1: 1.0000]
--------------------------------------------------------------------------------
[Epoch 46/50] [Iter 0/1899]	[Losses conv1: 16.5691 | conv2: 12.8333 | conv3: 38.3476 | final: 0.00011718]
--------------------------------------------------------------------------------
TARGET with tranfer: [loss: 0.000000] [acc: 1899/1899 (100.00%)] [f1: 1.0000]
--------------------------------------------------------------------------------
[Epoch 47/50] [Iter 0/1899]	[Losses conv1: 9.8667 | conv2: 17.8772 | conv3: 27.1891 | final: 0.00002813]
--------------------------------------------------------------------------------
TARGET with tranfer: [loss: 0.000001] [acc: 1899/1899 (100.00%)] [f1: 1.0000]
--------------------------------------------------------------------------------
[Epoch 48/50] [Iter 0/1899]	[Losses conv1: 10.0069 | conv2: 17.3178 | conv3: 26.6476 | final: 0.00000358]
--------------------------------------------------------------------------------
TARGET with tranfer: [loss: 0.000138] [acc: 1820/1899 (95.84%)] [f1: 0.9584]
--------------------------------------------------------------------------------
[Epoch 49/50] [Iter 0/1899]	[Losses conv1: 10.9618 | conv2: 12.3723 | conv3: 26.8273 | final: 0.07658523]
--------------------------------------------------------------------------------
TARGET with tranfer: [loss: 0.000019] [acc: 1884/1899 (99.21%)] [f1: 0.9921]
--------------------------------------------------------------------------------
[Epoch 50/50] [Iter 0/1899]	[Losses conv1: 10.3758 | conv2: 17.6111 | conv3: 53.6935 | final: 0.00007558]
--------------------------------------------------------------------------------
TARGET with tranfer: [loss: 0.000003] [acc: 1899/1899 (100.00%)] [f1: 1.0000]
--------------------------------------------------------------------------------
sses conv1: 11.5435 | conv2: 34.9332 | conv3: 36.0301 | final: 0.00058982]
--------------------------------------------------------------------------------
TARGET with tranfer: [loss: 0.000000] [acc: 1899/1899 (100.00%)] [f1: 1.0000]
--------------------------------------------------------------------------------
[Epoch 35/50] [Iter 0/1899]	[Losses conv1: 15.6663 | conv2: 22.8048 | conv3: 37.3407 | final: 0.00023046]
--------------------------------------------------------------------------------
TARGET with tranfer: [loss: 0.000000] [acc: 1899/1899 (100.00%)] [f1: 1.0000]
--------------------------------------------------------------------------------
[Epoch 36/50] [Iter 0/1899]	[Losses conv1: 17.6657 | conv2: 13.5984 | conv3: 35.4484 | final: 0.00008005]
--------------------------------------------------------------------------------
TARGET with tranfer: [loss: 0.000000] [acc: 1899/1899 (100.00%)] [f1: 1.0000]
--------------------------------------------------------------------------------
[Epoch 37/50] [Iter 0/1899]	[Losses conv1: 12.5122 | conv2: 22.8410 | conv3: 35.7413 | final: 0.00001997]
--------------------------------------------------------------------------------
TARGET with tranfer: [loss: 0.000000] [acc: 1899/1899 (100.00%)] [f1: 1.0000]
--------------------------------------------------------------------------------
[Epoch 38/50] [Iter 0/1899]	[Losses conv1: 12.0971 | conv2: 17.8281 | conv3: 38.6849 | final: 0.00010109]
--------------------------------------------------------------------------------
TARGET with tranfer: [loss: 0.000000] [acc: 1899/1899 (100.00%)] [f1: 1.0000]
--------------------------------------------------------------------------------
[Epoch 39/50] [Iter 0/1899]	[Losses conv1: 11.9090 | conv2: 11.9813 | conv3: 28.9188 | final: 0.00000715]
--------------------------------------------------------------------------------
TARGET with tranfer: [loss: 0.000000] [acc: 1899/1899 (100.00%)] [f1: 1.0000]
--------------------------------------------------------------------------------
[Epoch 40/50] [Iter 0/1899]	[Losses conv1: 12.5726 | conv2: 43.1595 | conv3: 40.7804 | final: 0.00000435]
--------------------------------------------------------------------------------
TARGET with tranfer: [loss: 0.000000] [acc: 1899/1899 (100.00%)] [f1: 1.0000]
--------------------------------------------------------------------------------
[Epoch 41/50] [Iter 0/1899]	[Losses conv1: 12.8021 | conv2: 21.8518 | conv3: 43.0041 | final: 0.00020289]
--------------------------------------------------------------------------------
TARGET with tranfer: [loss: 0.000000] [acc: 1899/1899 (100.00%)] [f1: 1.0000]
--------------------------------------------------------------------------------
[Epoch 42/50] [Iter 0/1899]	[Losses conv1: 18.8231 | conv2: 15.9061 | conv3: 45.2903 | final: 0.00057822]
--------------------------------------------------------------------------------
TARGET with tranfer: [loss: 0.000000] [acc: 1899/1899 (100.00%)] [f1: 1.0000]
--------------------------------------------------------------------------------
[Epoch 43/50] [Iter 0/1899]	[Losses conv1: 12.0185 | conv2: 11.0195 | conv3: 35.2489 | final: 0.00001645]
--------------------------------------------------------------------------------
TARGET with tranfer: [loss: 0.000000] [acc: 1899/1899 (100.00%)] [f1: 1.0000]
--------------------------------------------------------------------------------
[Epoch 44/50] [Iter 0/1899]	[Losses conv1: 15.8296 | conv2: 12.9067 | conv3: 39.4556 | final: 0.00012800]
--------------------------------------------------------------------------------
TARGET with tranfer: [loss: 0.000000] [acc: 1899/1899 (100.00%)] [f1: 1.0000]
--------------------------------------------------------------------------------
[Epoch 45/50] [Iter 0/1899]	[Losses conv1: 10.0497 | conv2: 17.3136 | conv3: 22.8388 | final: 0.00009993]
--------------------------------------------------------------------------------
TARGET with tranfer: [loss: 0.000000] [acc: 1899/1899 (100.00%)] [f1: 1.0000]
--------------------------------------------------------------------------------
[Epoch 46/50] [Iter 0/1899]	[Losses conv1: 16.5691 | conv2: 12.8333 | conv3: 38.3476 | final: 0.00011718]
--------------------------------------------------------------------------------
TARGET with tranfer: [loss: 0.000000] [acc: 1899/1899 (100.00%)] [f1: 1.0000]
--------------------------------------------------------------------------------
[Epoch 47/50] [Iter 0/1899]	[Losses conv1: 9.8667 | conv2: 17.8772 | conv3: 27.1891 | final: 0.00002813]
--------------------------------------------------------------------------------
TARGET with tranfer: [loss: 0.000001] [acc: 1899/1899 (100.00%)] [f1: 1.0000]
--------------------------------------------------------------------------------
[Epoch 48/50] [Iter 0/1899]	[Losses conv1: 10.0069 | conv2: 17.3178 | conv3: 26.6476 | final: 0.00000358]
--------------------------------------------------------------------------------
TARGET with tranfer: [loss: 0.000138] [acc: 1820/1899 (95.84%)] [f1: 0.9584]
--------------------------------------------------------------------------------
[Epoch 49/50] [Iter 0/1899]	[Losses conv1: 10.9618 | conv2: 12.3723 | conv3: 26.8273 | final: 0.07658523]
--------------------------------------------------------------------------------
TARGET with tranfer: [loss: 0.000019] [acc: 1884/1899 (99.21%)] [f1: 0.9921]
--------------------------------------------------------------------------------
[Epoch 50/50] [Iter 0/1899]	[Losses conv1: 10.3758 | conv2: 17.6111 | conv3: 53.6935 | final: 0.00007558]
--------------------------------------------------------------------------------
TARGET with tranfer: [loss: 0.000003] [acc: 1899/1899 (100.00%)] [f1: 1.0000]
--------------------------------------------------------------------------------
TARGET FULL SET: [loss: 0.002725] [acc: 7484/7617 (98.25%)] [f1: 0.9827]
