Current experiment parameters:
{'n_channels': 3, 'n_classes': 6, 'batch_size': 32, 'batch_size_eval': 1024, 'window_size': 128, 'window_offset': 8, 'source_epochs': 10, 'target_epochs': 10, 'n_iter': 20000, 'seed': 0, 'log_interval': 100, 'eval_interval': 500, 'gpu': '0', 'mode': 'train', 'lr_FCs': 0.002, 'lr_FCs_b1': 0.9, 'lr_FCs_b2': 0.999, 'lr_FCt': 0.0002, 'lr_FCt_b1': 0.9, 'lr_FCt_b2': 0.999, 'w_conv1': 0.5, 'w_conv2': 0.05, 'w_conv3': 0.005, 'w_fc1': 0.001, 'w_fc2': 0.0001, 'log': 'default.csv', 'log_train': 'log_train.csv', 'dataset': 'HHAR', 'subject_source': 'c', 'subject_target': 'i', 'position_source': 'nexus4', 'position_target': 'samsungold', 'scaling': True}
Train Epoch: 1 [0/13381 (0%)]	Loss: 2.655058
Train Epoch: 1 [3200/13381 (24%)]	Loss: 0.243193
Train Epoch: 1 [6400/13381 (48%)]	Loss: 0.163263
Train Epoch: 1 [9600/13381 (72%)]	Loss: 0.177775
Train Epoch: 1 [12800/13381 (96%)]	Loss: 0.083670
--------------------------------------------------------------------------------
SOURCE            : [loss: 0.000139] [acc: 12854/13381 (96.06%)] [f1: 0.9606]
TARGET w/o tranfer: [loss: 0.003264] [acc: 571/1370 (41.68%)] [f1: 0.4168]
--------------------------------------------------------------------------------
Train Epoch: 2 [0/13381 (0%)]	Loss: 0.285248
Train Epoch: 2 [3200/13381 (24%)]	Loss: 0.257668
Train Epoch: 2 [6400/13381 (48%)]	Loss: 0.118486
Train Epoch: 2 [9600/13381 (72%)]	Loss: 0.024203
Train Epoch: 2 [12800/13381 (96%)]	Loss: 0.116015
--------------------------------------------------------------------------------
SOURCE            : [loss: 0.000072] [acc: 13040/13381 (97.45%)] [f1: 0.9745]
TARGET w/o tranfer: [loss: 0.003500] [acc: 618/1370 (45.11%)] [f1: 0.4511]
--------------------------------------------------------------------------------
Train Epoch: 3 [0/13381 (0%)]	Loss: 0.063333
Train Epoch: 3 [3200/13381 (24%)]	Loss: 0.013784
Train Epoch: 3 [6400/13381 (48%)]	Loss: 0.038385
Train Epoch: 3 [9600/13381 (72%)]	Loss: 0.102826
Train Epoch: 3 [12800/13381 (96%)]	Loss: 0.023418
--------------------------------------------------------------------------------
SOURCE            : [loss: 0.000077] [acc: 13040/13381 (97.45%)] [f1: 0.9745]
TARGET w/o tranfer: [loss: 0.003471] [acc: 648/1370 (47.30%)] [f1: 0.4730]
--------------------------------------------------------------------------------
Train Epoch: 4 [0/13381 (0%)]	Loss: 0.034752
Train Epoch: 4 [3200/13381 (24%)]	Loss: 0.141083
Train Epoch: 4 [6400/13381 (48%)]	Loss: 0.222736
Train Epoch: 4 [9600/13381 (72%)]	Loss: 0.278594
Train Epoch: 4 [12800/13381 (96%)]	Loss: 0.094876
--------------------------------------------------------------------------------
SOURCE            : [loss: 0.000055] [acc: 13168/13381 (98.41%)] [f1: 0.9841]
TARGET w/o tranfer: [loss: 0.004315] [acc: 636/1370 (46.42%)] [f1: 0.4642]
--------------------------------------------------------------------------------
Train Epoch: 5 [0/13381 (0%)]	Loss: 0.025439
Train Epoch: 5 [3200/13381 (24%)]	Loss: 0.096968
Train Epoch: 5 [6400/13381 (48%)]	Loss: 0.073032
Train Epoch: 5 [9600/13381 (72%)]	Loss: 0.213315
Train Epoch: 5 [12800/13381 (96%)]	Loss: 0.045134
--------------------------------------------------------------------------------
SOURCE            : [loss: 0.000049] [acc: 13174/13381 (98.45%)] [f1: 0.9845]
TARGET w/o tranfer: [loss: 0.004305] [acc: 451/1370 (32.92%)] [f1: 0.3292]
--------------------------------------------------------------------------------
Train Epoch: 6 [0/13381 (0%)]	Loss: 0.002181
Train Epoch: 6 [3200/13381 (24%)]	Loss: 0.057822
Train Epoch: 6 [6400/13381 (48%)]	Loss: 0.151031
Train Epoch: 6 [9600/13381 (72%)]	Loss: 0.030247
Train Epoch: 6 [12800/13381 (96%)]	Loss: 0.141043
--------------------------------------------------------------------------------
SOURCE            : [loss: 0.000039] [acc: 13218/13381 (98.78%)] [f1: 0.9878]
TARGET w/o tranfer: [loss: 0.005847] [acc: 574/1370 (41.90%)] [f1: 0.4190]
--------------------------------------------------------------------------------
Train Epoch: 7 [0/13381 (0%)]	Loss: 0.000775
Train Epoch: 7 [3200/13381 (24%)]	Loss: 0.000690
Train Epoch: 7 [6400/13381 (48%)]	Loss: 0.002028
Train Epoch: 7 [9600/13381 (72%)]	Loss: 0.044025
Train Epoch: 7 [12800/13381 (96%)]	Loss: 0.422200
--------------------------------------------------------------------------------
SOURCE            : [loss: 0.000042] [acc: 13202/13381 (98.66%)] [f1: 0.9866]
TARGET w/o tranfer: [loss: 0.003932] [acc: 658/1370 (48.03%)] [f1: 0.4803]
--------------------------------------------------------------------------------
Train Epoch: 8 [0/13381 (0%)]	Loss: 0.004033
Train Epoch: 8 [3200/13381 (24%)]	Loss: 0.001403
Train Epoch: 8 [6400/13381 (48%)]	Loss: 0.028564
Train Epoch: 8 [9600/13381 (72%)]	Loss: 0.059200
Train Epoch: 8 [12800/13381 (96%)]	Loss: 0.012212
--------------------------------------------------------------------------------
SOURCE            : [loss: 0.000024] [acc: 13285/13381 (99.28%)] [f1: 0.9928]
TARGET w/o tranfer: [loss: 0.005033] [acc: 606/1370 (44.23%)] [f1: 0.4423]
--------------------------------------------------------------------------------
Train Epoch: 9 [0/13381 (0%)]	Loss: 0.043364
Train Epoch: 9 [3200/13381 (24%)]	Loss: 0.002468
Train Epoch: 9 [6400/13381 (48%)]	Loss: 0.007474
Train Epoch: 9 [9600/13381 (72%)]	Loss: 0.003154
Train Epoch: 9 [12800/13381 (96%)]	Loss: 0.052352
--------------------------------------------------------------------------------
SOURCE            : [loss: 0.000024] [acc: 13276/13381 (99.22%)] [f1: 0.9922]
TARGET w/o tranfer: [loss: 0.007776] [acc: 457/1370 (33.36%)] [f1: 0.3336]
--------------------------------------------------------------------------------
Train Epoch: 10 [0/13381 (0%)]	Loss: 0.000476
Train Epoch: 10 [3200/13381 (24%)]	Loss: 0.016369
Train Epoch: 10 [6400/13381 (48%)]	Loss: 0.285842
Train Epoch: 10 [9600/13381 (72%)]	Loss: 0.003711
Train Epoch: 10 [12800/13381 (96%)]	Loss: 0.011503
--------------------------------------------------------------------------------
SOURCE            : [loss: 0.000065] [acc: 13097/13381 (97.88%)] [f1: 0.9788]
TARGET w/o tranfer: [loss: 0.003621] [acc: 693/1370 (50.58%)] [f1: 0.5058]
--------------------------------------------------------------------------------
[Epoch 1/10] [Iter 0/1370]	[Losses conv1: -1.0000 | conv2: -1.0000 | conv3: -1.0000 | final: 2.86350656]
--------------------------------------------------------------------------------
TARGET with tranfer: [loss: 0.001758] [acc: 628/1370 (45.84%)] [f1: 0.4584]
--------------------------------------------------------------------------------
[Epoch 2/10] [Iter 0/1370]	[Losses conv1: -1.0000 | conv2: -1.0000 | conv3: -1.0000 | final: 1.21294141]
--------------------------------------------------------------------------------
TARGET with tranfer: [loss: 0.000940] [acc: 1069/1370 (78.03%)] [f1: 0.7803]
--------------------------------------------------------------------------------
[Epoch 3/10] [Iter 0/1370]	[Losses conv1: -1.0000 | conv2: -1.0000 | conv3: -1.0000 | final: 0.63242692]
--------------------------------------------------------------------------------
TARGET with tranfer: [loss: 0.000591] [acc: 1139/1370 (83.14%)] [f1: 0.8314]
--------------------------------------------------------------------------------
[Epoch 4/10] [Iter 0/1370]	[Losses conv1: -1.0000 | conv2: -1.0000 | conv3: -1.0000 | final: 0.36183935]
--------------------------------------------------------------------------------
TARGET with tranfer: [loss: 0.000297] [acc: 1310/1370 (95.62%)] [f1: 0.9562]
--------------------------------------------------------------------------------
[Epoch 5/10] [Iter 0/1370]	[Losses conv1: -1.0000 | conv2: -1.0000 | conv3: -1.0000 | final: 0.23278819]
--------------------------------------------------------------------------------
TARGET with tranfer: [loss: 0.000142] [acc: 1342/1370 (97.96%)] [f1: 0.9796]
--------------------------------------------------------------------------------
[Epoch 6/10] [Iter 0/1370]	[Losses conv1: -1.0000 | conv2: -1.0000 | conv3: -1.0000 | final: 0.13660815]
--------------------------------------------------------------------------------
TARGET with tranfer: [loss: 0.000080] [acc: 1356/1370 (98.98%)] [f1: 0.9898]
--------------------------------------------------------------------------------
[Epoch 7/10] [Iter 0/1370]	[Losses conv1: -1.0000 | conv2: -1.0000 | conv3: -1.0000 | final: 0.02836086]
--------------------------------------------------------------------------------
TARGET with tranfer: [loss: 0.000087] [acc: 1350/1370 (98.54%)] [f1: 0.9854]
--------------------------------------------------------------------------------
[Epoch 8/10] [Iter 0/1370]	[Losses conv1: -1.0000 | conv2: -1.0000 | conv3: -1.0000 | final: 0.04540131]
--------------------------------------------------------------------------------
TARGET with tranfer: [loss: 0.000038] [acc: 1366/1370 (99.71%)] [f1: 0.9971]
--------------------------------------------------------------------------------
[Epoch 9/10] [Iter 0/1370]	[Losses conv1: -1.0000 | conv2: -1.0000 | conv3: -1.0000 | final: 0.01281199]
--------------------------------------------------------------------------------
TARGET with tranfer: [loss: 0.000027] [acc: 1364/1370 (99.56%)] [f1: 0.9956]
--------------------------------------------------------------------------------
[Epoch 10/10] [Iter 0/1370]	[Losses conv1: -1.0000 | conv2: -1.0000 | conv3: -1.0000 | final: 0.01677930]
--------------------------------------------------------------------------------
TARGET with tranfer: [loss: 0.000020] [acc: 1368/1370 (99.85%)] [f1: 0.9985]
--------------------------------------------------------------------------------
TARGET FULL SET: [loss: 0.006404] [acc: 5262/5500 (95.67%)] [f1: 0.9616]
Current experiment parameters:
{'n_channels': 3, 'n_classes': 6, 'batch_size': 32, 'batch_size_eval': 1024, 'window_size': 128, 'window_offset': 8, 'source_epochs': 10, 'target_epochs': 10, 'n_iter': 20000, 'seed': 0, 'log_interval': 100, 'eval_interval': 500, 'gpu': '0', 'mode': 'prune', 'lr_FCs': 0.002, 'lr_FCs_b1': 0.9, 'lr_FCs_b2': 0.999, 'lr_FCt': 0.0002, 'lr_FCt_b1': 0.9, 'lr_FCt_b2': 0.999, 'w_conv1': 0.5, 'w_conv2': 0.05, 'w_conv3': 0.005, 'w_fc1': 0.001, 'w_fc2': 0.0001, 'log': 'default.csv', 'log_train': 'log_train.csv', 'dataset': 'HHAR', 'subject_source': 'c', 'subject_target': 'i', 'position_source': 'nexus4', 'position_target': 'samsungold', 'scaling': True}
Train Epoch: 1 [0/13381 (0%)]	Loss: 2.655058
Train Epoch: 1 [3200/13381 (24%)]	Loss: 0.351412
Train Epoch: 1 [6400/13381 (48%)]	Loss: 0.101922
Train Epoch: 1 [9600/13381 (72%)]	Loss: 0.242578
Train Epoch: 1 [12800/13381 (96%)]	Loss: 0.205209
--------------------------------------------------------------------------------
SOURCE            : [loss: 0.000125] [acc: 12846/13381 (96.00%)] [f1: 0.9600]
TARGET w/o tranfer: [loss: 0.004163] [acc: 581/1370 (42.41%)] [f1: 0.4241]
--------------------------------------------------------------------------------
Train Epoch: 2 [0/13381 (0%)]	Loss: 0.138565
Train Epoch: 2 [3200/13381 (24%)]	Loss: 0.281352
Train Epoch: 2 [6400/13381 (48%)]	Loss: 0.096377
Train Epoch: 2 [9600/13381 (72%)]	Loss: 0.069497
Train Epoch: 2 [12800/13381 (96%)]	Loss: 0.065107
--------------------------------------------------------------------------------
SOURCE            : [loss: 0.000126] [acc: 12839/13381 (95.95%)] [f1: 0.9595]
TARGET w/o tranfer: [loss: 0.005883] [acc: 395/1370 (28.83%)] [f1: 0.2883]
--------------------------------------------------------------------------------
Train Epoch: 3 [0/13381 (0%)]	Loss: 0.091573
Train Epoch: 3 [3200/13381 (24%)]	Loss: 0.013418
Train Epoch: 3 [6400/13381 (48%)]	Loss: 0.032025
Train Epoch: 3 [9600/13381 (72%)]	Loss: 0.057068
Train Epoch: 3 [12800/13381 (96%)]	Loss: 0.086565
--------------------------------------------------------------------------------
SOURCE            : [loss: 0.000086] [acc: 13026/13381 (97.35%)] [f1: 0.9735]
TARGET w/o tranfer: [loss: 0.005024] [acc: 656/1370 (47.88%)] [f1: 0.4788]
--------------------------------------------------------------------------------
Train Epoch: 4 [0/13381 (0%)]	Loss: 0.089536
Train Epoch: 4 [3200/13381 (24%)]	Loss: 0.306394
Train Epoch: 4 [6400/13381 (48%)]	Loss: 0.111462
Train Epoch: 4 [9600/13381 (72%)]	Loss: 0.227694
Train Epoch: 4 [12800/13381 (96%)]	Loss: 0.082375
--------------------------------------------------------------------------------
SOURCE            : [loss: 0.000151] [acc: 12826/13381 (95.85%)] [f1: 0.9585]
TARGET w/o tranfer: [loss: 0.004495] [acc: 629/1370 (45.91%)] [f1: 0.4591]
--------------------------------------------------------------------------------
Train Epoch: 5 [0/13381 (0%)]	Loss: 0.031519
Train Epoch: 5 [3200/13381 (24%)]	Loss: 0.082952
Train Epoch: 5 [6400/13381 (48%)]	Loss: 0.126867
Train Epoch: 5 [9600/13381 (72%)]	Loss: 0.319384
Train Epoch: 5 [12800/13381 (96%)]	Loss: 0.031757
--------------------------------------------------------------------------------
SOURCE            : [loss: 0.000039] [acc: 13224/13381 (98.83%)] [f1: 0.9883]
TARGET w/o tranfer: [loss: 0.003704] [acc: 518/1370 (37.81%)] [f1: 0.3781]
--------------------------------------------------------------------------------
Train Epoch: 6 [0/13381 (0%)]	Loss: 0.001906
Train Epoch: 6 [3200/13381 (24%)]	Loss: 0.117983
Train Epoch: 6 [6400/13381 (48%)]	Loss: 0.097132
Train Epoch: 6 [9600/13381 (72%)]	Loss: 0.077283
Train Epoch: 6 [12800/13381 (96%)]	Loss: 0.014161
--------------------------------------------------------------------------------
SOURCE            : [loss: 0.000101] [acc: 12996/13381 (97.12%)] [f1: 0.9712]
TARGET w/o tranfer: [loss: 0.007318] [acc: 657/1370 (47.96%)] [f1: 0.4796]
--------------------------------------------------------------------------------
Train Epoch: 7 [0/13381 (0%)]	Loss: 0.002985
Train Epoch: 7 [3200/13381 (24%)]	Loss: 0.000582
Train Epoch: 7 [6400/13381 (48%)]	Loss: 0.011051
Train Epoch: 7 [9600/13381 (72%)]	Loss: 0.008461
Train Epoch: 7 [12800/13381 (96%)]	Loss: 0.333195
--------------------------------------------------------------------------------
SOURCE            : [loss: 0.000033] [acc: 13240/13381 (98.95%)] [f1: 0.9895]
TARGET w/o tranfer: [loss: 0.005523] [acc: 685/1370 (50.00%)] [f1: 0.5000]
--------------------------------------------------------------------------------
Train Epoch: 8 [0/13381 (0%)]	Loss: 0.002853
Train Epoch: 8 [3200/13381 (24%)]	Loss: 0.008017
Train Epoch: 8 [6400/13381 (48%)]	Loss: 0.060111
Train Epoch: 8 [9600/13381 (72%)]	Loss: 0.342563
Train Epoch: 8 [12800/13381 (96%)]	Loss: 0.038256
--------------------------------------------------------------------------------
SOURCE            : [loss: 0.000051] [acc: 13167/13381 (98.40%)] [f1: 0.9840]
TARGET w/o tranfer: [loss: 0.003613] [acc: 663/1370 (48.39%)] [f1: 0.4839]
--------------------------------------------------------------------------------
Train Epoch: 9 [0/13381 (0%)]	Loss: 0.092264
Train Epoch: 9 [3200/13381 (24%)]	Loss: 0.024389
Train Epoch: 9 [6400/13381 (48%)]	Loss: 0.008028
Train Epoch: 9 [9600/13381 (72%)]	Loss: 0.020297
Train Epoch: 9 [12800/13381 (96%)]	Loss: 0.042576
--------------------------------------------------------------------------------
SOURCE            : [loss: 0.000047] [acc: 13179/13381 (98.49%)] [f1: 0.9849]
TARGET w/o tranfer: [loss: 0.003594] [acc: 668/1370 (48.76%)] [f1: 0.4876]
--------------------------------------------------------------------------------
Train Epoch: 10 [0/13381 (0%)]	Loss: 0.145713
Train Epoch: 10 [3200/13381 (24%)]	Loss: 0.000837
Train Epoch: 10 [6400/13381 (48%)]	Loss: 0.104507
Train Epoch: 10 [9600/13381 (72%)]	Loss: 0.000854
Train Epoch: 10 [12800/13381 (96%)]	Loss: 0.000259
--------------------------------------------------------------------------------
SOURCE            : [loss: 0.000024] [acc: 13303/13381 (99.42%)] [f1: 0.9942]
TARGET w/o tranfer: [loss: 0.004149] [acc: 628/1370 (45.84%)] [f1: 0.4584]
--------------------------------------------------------------------------------
[Epoch 1/10] [Iter 0/1370]	[Losses conv1: 11.7869 | conv2: 126.1396 | conv3: 77.2293 | final: 2.86350656]
--------------------------------------------------------------------------------
TARGET with tranfer: [loss: 0.001671] [acc: 602/1370 (43.94%)] [f1: 0.4394]
--------------------------------------------------------------------------------
[Epoch 2/10] [Iter 0/1370]	[Losses conv1: 12.1263 | conv2: 61.1260 | conv3: 47.5263 | final: 1.12918520]
--------------------------------------------------------------------------------
TARGET with tranfer: [loss: 0.000838] [acc: 1007/1370 (73.50%)] [f1: 0.7350]
--------------------------------------------------------------------------------
[Epoch 3/10] [Iter 0/1370]	[Losses conv1: 11.5752 | conv2: 60.7469 | conv3: 57.5731 | final: 0.53753865]
--------------------------------------------------------------------------------
TARGET with tranfer: [loss: 0.000483] [acc: 1212/1370 (88.47%)] [f1: 0.8847]
--------------------------------------------------------------------------------
[Epoch 4/10] [Iter 0/1370]	[Losses conv1: 7.3864 | conv2: 38.2488 | conv3: 53.3153 | final: 0.34564227]
--------------------------------------------------------------------------------
TARGET with tranfer: [loss: 0.000219] [acc: 1328/1370 (96.93%)] [f1: 0.9693]
--------------------------------------------------------------------------------
[Epoch 5/10] [Iter 0/1370]	[Losses conv1: 15.3293 | conv2: 58.0876 | conv3: 75.4217 | final: 0.14126927]
--------------------------------------------------------------------------------
TARGET with tranfer: [loss: 0.000104] [acc: 1348/1370 (98.39%)] [f1: 0.9839]
--------------------------------------------------------------------------------
[Epoch 6/10] [Iter 0/1370]	[Losses conv1: 12.5338 | conv2: 63.1229 | conv3: 54.4877 | final: 0.10394166]
--------------------------------------------------------------------------------
TARGET with tranfer: [loss: 0.000057] [acc: 1364/1370 (99.56%)] [f1: 0.9956]
--------------------------------------------------------------------------------
[Epoch 7/10] [Iter 0/1370]	[Losses conv1: 9.7414 | conv2: 53.8769 | conv3: 51.4740 | final: 0.02287418]
--------------------------------------------------------------------------------
TARGET with tranfer: [loss: 0.000072] [acc: 1356/1370 (98.98%)] [f1: 0.9898]
--------------------------------------------------------------------------------
[Epoch 8/10] [Iter 0/1370]	[Losses conv1: 15.4413 | conv2: 63.3680 | conv3: 74.2377 | final: 0.02813694]
--------------------------------------------------------------------------------
TARGET with tranfer: [loss: 0.000031] [acc: 1369/1370 (99.93%)] [f1: 0.9993]
--------------------------------------------------------------------------------
[Epoch 9/10] [Iter 0/1370]	[Losses conv1: 9.4449 | conv2: 81.7538 | conv3: 65.9345 | final: 0.01100622]
--------------------------------------------------------------------------------
TARGET with tranfer: [loss: 0.000015] [acc: 1370/1370 (100.00%)] [f1: 1.0000]
--------------------------------------------------------------------------------
[Epoch 10/10] [Iter 0/1370]	[Losses conv1: 12.5506 | conv2: 65.5426 | conv3: 63.3343 | final: 0.00477348]
--------------------------------------------------------------------------------
TARGET with tranfer: [loss: 0.000016] [acc: 1369/1370 (99.93%)] [f1: 0.9993]
--------------------------------------------------------------------------------
TARGET FULL SET: [loss: 0.006419] [acc: 5272/5500 (95.85%)] [f1: 0.9635]
