Current experiment parameters:
{'n_channels': 3, 'n_classes': 6, 'batch_size': 32, 'batch_size_eval': 1024, 'window_size': 128, 'window_offset': 8, 'source_epochs': 50, 'target_epochs': 50, 'n_iter': 20000, 'seed': 0, 'log_interval': 100, 'eval_interval': 500, 'gpu': '0', 'mode': 'hdcnn', 'lr_FCs': 0.002, 'lr_FCs_b1': 0.9, 'lr_FCs_b2': 0.999, 'lr_FCt': 0.0002, 'lr_FCt_b1': 0.9, 'lr_FCt_b2': 0.999, 'w_conv1': 0.5, 'w_conv2': 0.05, 'w_conv3': 0.005, 'w_fc1': 0.001, 'w_fc2': 0.0001, 'log': 'default.csv', 'log_train': 'log_train.csv', 'dataset': 'HHAR', 'subject_source': 'f', 'subject_target': 'e', 'position_source': 's3', 'position_target': 's3mini', 'scaling': True}
Train Epoch: 1 [0/7647 (0%)]	Loss: 2.496398
Train Epoch: 1 [3200/7647 (42%)]	Loss: 0.336290
Train Epoch: 1 [6400/7647 (84%)]	Loss: 0.012180
--------------------------------------------------------------------------------
SOURCE            : [loss: 0.000174] [acc: 7248/7647 (94.78%)] [f1: 0.9478]
TARGET w/o tranfer: [loss: 0.008355] [acc: 1091/1899 (57.45%)] [f1: 0.5745]
--------------------------------------------------------------------------------
Train Epoch: 2 [0/7647 (0%)]	Loss: 0.132433
Train Epoch: 2 [3200/7647 (42%)]	Loss: 0.004283
Train Epoch: 2 [6400/7647 (84%)]	Loss: 0.037595
--------------------------------------------------------------------------------
SOURCE            : [loss: 0.000059] [acc: 7510/7647 (98.21%)] [f1: 0.9821]
TARGET w/o tranfer: [loss: 0.005794] [acc: 765/1899 (40.28%)] [f1: 0.4028]
--------------------------------------------------------------------------------
Train Epoch: 3 [0/7647 (0%)]	Loss: 0.404432
Train Epoch: 3 [3200/7647 (42%)]	Loss: 0.007610
Train Epoch: 3 [6400/7647 (84%)]	Loss: 0.003049
--------------------------------------------------------------------------------
SOURCE            : [loss: 0.000056] [acc: 7542/7647 (98.63%)] [f1: 0.9863]
TARGET w/o tranfer: [loss: 0.003748] [acc: 1104/1899 (58.14%)] [f1: 0.5814]
--------------------------------------------------------------------------------
Train Epoch: 4 [0/7647 (0%)]	Loss: 0.078730
Train Epoch: 4 [3200/7647 (42%)]	Loss: 0.119363
Train Epoch: 4 [6400/7647 (84%)]	Loss: 0.079477
--------------------------------------------------------------------------------
SOURCE            : [loss: 0.000028] [acc: 7577/7647 (99.08%)] [f1: 0.9908]
TARGET w/o tranfer: [loss: 0.009076] [acc: 1056/1899 (55.61%)] [f1: 0.5561]
--------------------------------------------------------------------------------
Train Epoch: 5 [0/7647 (0%)]	Loss: 0.003228
Train Epoch: 5 [3200/7647 (42%)]	Loss: 0.041654
Train Epoch: 5 [6400/7647 (84%)]	Loss: 0.011641
--------------------------------------------------------------------------------
SOURCE            : [loss: 0.000050] [acc: 7586/7647 (99.20%)] [f1: 0.9920]
TARGET w/o tranfer: [loss: 0.007778] [acc: 1077/1899 (56.71%)] [f1: 0.5671]
--------------------------------------------------------------------------------
Train Epoch: 6 [0/7647 (0%)]	Loss: 0.033599
Train Epoch: 6 [3200/7647 (42%)]	Loss: 0.008737
Train Epoch: 6 [6400/7647 (84%)]	Loss: 0.000431
--------------------------------------------------------------------------------
SOURCE            : [loss: 0.000028] [acc: 7570/7647 (98.99%)] [f1: 0.9899]
TARGET w/o tranfer: [loss: 0.003772] [acc: 1086/1899 (57.19%)] [f1: 0.5719]
--------------------------------------------------------------------------------
Train Epoch: 7 [0/7647 (0%)]	Loss: 0.000622
Train Epoch: 7 [3200/7647 (42%)]	Loss: 0.010485
Train Epoch: 7 [6400/7647 (84%)]	Loss: 0.065377
--------------------------------------------------------------------------------
SOURCE            : [loss: 0.000181] [acc: 7424/7647 (97.08%)] [f1: 0.9708]
TARGET w/o tranfer: [loss: 0.029001] [acc: 1066/1899 (56.13%)] [f1: 0.5613]
--------------------------------------------------------------------------------
Train Epoch: 8 [0/7647 (0%)]	Loss: 0.486829
Train Epoch: 8 [3200/7647 (42%)]	Loss: 0.001149
Train Epoch: 8 [6400/7647 (84%)]	Loss: 0.007548
--------------------------------------------------------------------------------
SOURCE            : [loss: 0.000084] [acc: 7591/7647 (99.27%)] [f1: 0.9927]
TARGET w/o tranfer: [loss: 0.013182] [acc: 1078/1899 (56.77%)] [f1: 0.5677]
--------------------------------------------------------------------------------
Train Epoch: 9 [0/7647 (0%)]	Loss: 0.006898
Train Epoch: 9 [3200/7647 (42%)]	Loss: 0.010508
Train Epoch: 9 [6400/7647 (84%)]	Loss: 0.018767
--------------------------------------------------------------------------------
SOURCE            : [loss: 0.000057] [acc: 7551/7647 (98.74%)] [f1: 0.9874]
TARGET w/o tranfer: [loss: 0.003958] [acc: 1402/1899 (73.83%)] [f1: 0.7383]
--------------------------------------------------------------------------------
Train Epoch: 10 [0/7647 (0%)]	Loss: 0.000363
Train Epoch: 10 [3200/7647 (42%)]	Loss: 0.002787
Train Epoch: 10 [6400/7647 (84%)]	Loss: 0.084917
--------------------------------------------------------------------------------
SOURCE            : [loss: 0.000026] [acc: 7591/7647 (99.27%)] [f1: 0.9927]
TARGET w/o tranfer: [loss: 0.003265] [acc: 1301/1899 (68.51%)] [f1: 0.6851]
--------------------------------------------------------------------------------
Train Epoch: 11 [0/7647 (0%)]	Loss: 0.086240
Train Epoch: 11 [3200/7647 (42%)]	Loss: 0.000124
Train Epoch: 11 [6400/7647 (84%)]	Loss: 0.000544
--------------------------------------------------------------------------------
SOURCE            : [loss: 0.000013] [acc: 7618/7647 (99.62%)] [f1: 0.9962]
TARGET w/o tranfer: [loss: 0.003041] [acc: 1291/1899 (67.98%)] [f1: 0.6798]
--------------------------------------------------------------------------------
Train Epoch: 12 [0/7647 (0%)]	Loss: 0.005073
Train Epoch: 12 [3200/7647 (42%)]	Loss: 0.006833
Train Epoch: 12 [6400/7647 (84%)]	Loss: 0.108818
--------------------------------------------------------------------------------
SOURCE            : [loss: 0.000037] [acc: 7589/7647 (99.24%)] [f1: 0.9924]
TARGET w/o tranfer: [loss: 0.003582] [acc: 1317/1899 (69.35%)] [f1: 0.6935]
--------------------------------------------------------------------------------
Train Epoch: 13 [0/7647 (0%)]	Loss: 0.000290
Train Epoch: 13 [3200/7647 (42%)]	Loss: 0.000165
Train Epoch: 13 [6400/7647 (84%)]	Loss: 0.016244
--------------------------------------------------------------------------------
SOURCE            : [loss: 0.000007] [acc: 7634/7647 (99.83%)] [f1: 0.9983]
TARGET w/o tranfer: [loss: 0.004519] [acc: 1342/1899 (70.67%)] [f1: 0.7067]
--------------------------------------------------------------------------------
Train Epoch: 14 [0/7647 (0%)]	Loss: 0.000264
Train Epoch: 14 [3200/7647 (42%)]	Loss: 0.000988
Train Epoch: 14 [6400/7647 (84%)]	Loss: 0.000866
--------------------------------------------------------------------------------
SOURCE            : [loss: 0.000005] [acc: 7637/7647 (99.87%)] [f1: 0.9987]
TARGET w/o tranfer: [loss: 0.003676] [acc: 1313/1899 (69.14%)] [f1: 0.6914]
--------------------------------------------------------------------------------
Train Epoch: 15 [0/7647 (0%)]	Loss: 0.001009
Train Epoch: 15 [3200/7647 (42%)]	Loss: 0.003941
Train Epoch: 15 [6400/7647 (84%)]	Loss: 0.058945
--------------------------------------------------------------------------------
SOURCE            : [loss: 0.000021] [acc: 7615/7647 (99.58%)] [f1: 0.9958]
TARGET w/o tranfer: [loss: 0.003744] [acc: 1355/1899 (71.35%)] [f1: 0.7135]
--------------------------------------------------------------------------------
Train Epoch: 16 [0/7647 (0%)]	Loss: 0.000173
Train Epoch: 16 [3200/7647 (42%)]	Loss: 0.005943
Train Epoch: 16 [6400/7647 (84%)]	Loss: 0.000119
--------------------------------------------------------------------------------
SOURCE            : [loss: 0.000027] [acc: 7586/7647 (99.20%)] [f1: 0.9920]
TARGET w/o tranfer: [loss: 0.003890] [acc: 1347/1899 (70.93%)] [f1: 0.7093]
--------------------------------------------------------------------------------
Train Epoch: 17 [0/7647 (0%)]	Loss: 0.000052
Train Epoch: 17 [3200/7647 (42%)]	Loss: 0.034582
Train Epoch: 17 [6400/7647 (84%)]	Loss: 0.000492
--------------------------------------------------------------------------------
SOURCE            : [loss: 0.000009] [acc: 7625/7647 (99.71%)] [f1: 0.9971]
TARGET w/o tranfer: [loss: 0.007833] [acc: 1250/1899 (65.82%)] [f1: 0.6582]
--------------------------------------------------------------------------------
Train Epoch: 18 [0/7647 (0%)]	Loss: 0.000076
Train Epoch: 18 [3200/7647 (42%)]	Loss: 0.000008
Train Epoch: 18 [6400/7647 (84%)]	Loss: 0.000020
--------------------------------------------------------------------------------
SOURCE            : [loss: 0.000002] [acc: 7643/7647 (99.95%)] [f1: 0.9995]
TARGET w/o tranfer: [loss: 0.006505] [acc: 1288/1899 (67.83%)] [f1: 0.6783]
--------------------------------------------------------------------------------
Train Epoch: 19 [0/7647 (0%)]	Loss: 0.000051
Train Epoch: 19 [3200/7647 (42%)]	Loss: 0.000011
Train Epoch: 19 [6400/7647 (84%)]	Loss: 0.000005
--------------------------------------------------------------------------------
SOURCE            : [loss: 0.000004] [acc: 7639/7647 (99.90%)] [f1: 0.9990]
TARGET w/o tranfer: [loss: 0.007892] [acc: 1252/1899 (65.93%)] [f1: 0.6593]
--------------------------------------------------------------------------------
Train Epoch: 20 [0/7647 (0%)]	Loss: 0.001676
Train Epoch: 20 [3200/7647 (42%)]	Loss: 0.000007
Train Epoch: 20 [6400/7647 (84%)]	Loss: 0.000006
--------------------------------------------------------------------------------
SOURCE            : [loss: 0.000022] [acc: 7594/7647 (99.31%)] [f1: 0.9931]
TARGET w/o tranfer: [loss: 0.014627] [acc: 1145/1899 (60.29%)] [f1: 0.6029]
--------------------------------------------------------------------------------
Train Epoch: 21 [0/7647 (0%)]	Loss: 0.000012
Train Epoch: 21 [3200/7647 (42%)]	Loss: 0.001214
Train Epoch: 21 [6400/7647 (84%)]	Loss: 0.013259
--------------------------------------------------------------------------------
SOURCE            : [loss: 0.000010] [acc: 7618/7647 (99.62%)] [f1: 0.9962]
TARGET w/o tranfer: [loss: 0.004722] [acc: 1317/1899 (69.35%)] [f1: 0.6935]
--------------------------------------------------------------------------------
Train Epoch: 22 [0/7647 (0%)]	Loss: 0.000104
Train Epoch: 22 [3200/7647 (42%)]	Loss: 0.002759
Train Epoch: 22 [6400/7647 (84%)]	Loss: 0.001487
--------------------------------------------------------------------------------
SOURCE            : [loss: 0.000001] [acc: 7646/7647 (99.99%)] [f1: 0.9999]
TARGET w/o tranfer: [loss: 0.005646] [acc: 1345/1899 (70.83%)] [f1: 0.7083]
--------------------------------------------------------------------------------
Train Epoch: 23 [0/7647 (0%)]	Loss: 0.001299
Train Epoch: 23 [3200/7647 (42%)]	Loss: 0.000003
Train Epoch: 23 [6400/7647 (84%)]	Loss: 0.000008
--------------------------------------------------------------------------------
SOURCE            : [loss: 0.000000] [acc: 7647/7647 (100.00%)] [f1: 1.0000]
TARGET w/o tranfer: [loss: 0.005491] [acc: 1363/1899 (71.77%)] [f1: 0.7177]
--------------------------------------------------------------------------------
Train Epoch: 24 [0/7647 (0%)]	Loss: 0.000001
Train Epoch: 24 [3200/7647 (42%)]	Loss: 0.000000
Train Epoch: 24 [6400/7647 (84%)]	Loss: 0.000766
--------------------------------------------------------------------------------
SOURCE            : [loss: 0.000000] [acc: 7647/7647 (100.00%)] [f1: 1.0000]
TARGET w/o tranfer: [loss: 0.005714] [acc: 1364/1899 (71.83%)] [f1: 0.7183]
--------------------------------------------------------------------------------
Train Epoch: 25 [0/7647 (0%)]	Loss: 0.000000
Train Epoch: 25 [3200/7647 (42%)]	Loss: 0.000082
Train Epoch: 25 [6400/7647 (84%)]	Loss: 0.000000
--------------------------------------------------------------------------------
SOURCE            : [loss: 0.000000] [acc: 7647/7647 (100.00%)] [f1: 1.0000]
TARGET w/o tranfer: [loss: 0.005694] [acc: 1362/1899 (71.72%)] [f1: 0.7172]
--------------------------------------------------------------------------------
Train Epoch: 26 [0/7647 (0%)]	Loss: 0.000000
Train Epoch: 26 [3200/7647 (42%)]	Loss: 0.000001
Train Epoch: 26 [6400/7647 (84%)]	Loss: 0.000010
--------------------------------------------------------------------------------
SOURCE            : [loss: 0.000000] [acc: 7647/7647 (100.00%)] [f1: 1.0000]
TARGET w/o tranfer: [loss: 0.005701] [acc: 1372/1899 (72.25%)] [f1: 0.7225]
--------------------------------------------------------------------------------
Train Epoch: 27 [0/7647 (0%)]	Loss: 0.000001
Train Epoch: 27 [3200/7647 (42%)]	Loss: 0.000000
Train Epoch: 27 [6400/7647 (84%)]	Loss: 0.000140
--------------------------------------------------------------------------------
SOURCE            : [loss: 0.000000] [acc: 7647/7647 (100.00%)] [f1: 1.0000]
TARGET w/o tranfer: [loss: 0.005756] [acc: 1371/1899 (72.20%)] [f1: 0.7220]
--------------------------------------------------------------------------------
Train Epoch: 28 [0/7647 (0%)]	Loss: 0.000006
Train Epoch: 28 [3200/7647 (42%)]	Loss: 0.000000
Train Epoch: 28 [6400/7647 (84%)]	Loss: 0.000004
--------------------------------------------------------------------------------
SOURCE            : [loss: 0.000000] [acc: 7647/7647 (100.00%)] [f1: 1.0000]
TARGET w/o tranfer: [loss: 0.005864] [acc: 1372/1899 (72.25%)] [f1: 0.7225]
--------------------------------------------------------------------------------
Train Epoch: 29 [0/7647 (0%)]	Loss: 0.000000
Train Epoch: 29 [3200/7647 (42%)]	Loss: 0.000008
Train Epoch: 29 [6400/7647 (84%)]	Loss: 0.000032
--------------------------------------------------------------------------------
SOURCE            : [loss: 0.000000] [acc: 7647/7647 (100.00%)] [f1: 1.0000]
TARGET w/o tranfer: [loss: 0.005916] [acc: 1372/1899 (72.25%)] [f1: 0.7225]
--------------------------------------------------------------------------------
Train Epoch: 30 [0/7647 (0%)]	Loss: 0.000096
Train Epoch: 30 [3200/7647 (42%)]	Loss: 0.000000
Train Epoch: 30 [6400/7647 (84%)]	Loss: 0.000002
--------------------------------------------------------------------------------
SOURCE            : [loss: 0.000000] [acc: 7647/7647 (100.00%)] [f1: 1.0000]
TARGET w/o tranfer: [loss: 0.006020] [acc: 1373/1899 (72.30%)] [f1: 0.7230]
--------------------------------------------------------------------------------
Train Epoch: 31 [0/7647 (0%)]	Loss: 0.000002
Train Epoch: 31 [3200/7647 (42%)]	Loss: 0.000000
Train Epoch: 31 [6400/7647 (84%)]	Loss: 0.000012
--------------------------------------------------------------------------------
SOURCE            : [loss: 0.000000] [acc: 7647/7647 (100.00%)] [f1: 1.0000]
TARGET w/o tranfer: [loss: 0.006175] [acc: 1367/1899 (71.99%)] [f1: 0.7199]
--------------------------------------------------------------------------------
Train Epoch: 32 [0/7647 (0%)]	Loss: 0.000000
Train Epoch: 32 [3200/7647 (42%)]	Loss: 0.000007
Train Epoch: 32 [6400/7647 (84%)]	Loss: 0.000001
--------------------------------------------------------------------------------
SOURCE            : [loss: 0.000000] [acc: 7647/7647 (100.00%)] [f1: 1.0000]
TARGET w/o tranfer: [loss: 0.006211] [acc: 1371/1899 (72.20%)] [f1: 0.7220]
--------------------------------------------------------------------------------
Train Epoch: 33 [0/7647 (0%)]	Loss: 0.000002
Train Epoch: 33 [3200/7647 (42%)]	Loss: 0.000000
Train Epoch: 33 [6400/7647 (84%)]	Loss: 0.000000
--------------------------------------------------------------------------------
SOURCE            : [loss: 0.000000] [acc: 7647/7647 (100.00%)] [f1: 1.0000]
TARGET w/o tranfer: [loss: 0.006360] [acc: 1373/1899 (72.30%)] [f1: 0.7230]
--------------------------------------------------------------------------------
Train Epoch: 34 [0/7647 (0%)]	Loss: 0.000001
Train Epoch: 34 [3200/7647 (42%)]	Loss: 0.000001
Train Epoch: 34 [6400/7647 (84%)]	Loss: 0.000092
--------------------------------------------------------------------------------
SOURCE            : [loss: 0.000000] [acc: 7647/7647 (100.00%)] [f1: 1.0000]
TARGET w/o tranfer: [loss: 0.006480] [acc: 1370/1899 (72.14%)] [f1: 0.7214]
--------------------------------------------------------------------------------
Train Epoch: 35 [0/7647 (0%)]	Loss: 0.000002
Train Epoch: 35 [3200/7647 (42%)]	Loss: 0.000000
Train Epoch: 35 [6400/7647 (84%)]	Loss: 0.000000
--------------------------------------------------------------------------------
SOURCE            : [loss: 0.000000] [acc: 7647/7647 (100.00%)] [f1: 1.0000]
TARGET w/o tranfer: [loss: 0.006445] [acc: 1371/1899 (72.20%)] [f1: 0.7220]
--------------------------------------------------------------------------------
Train Epoch: 36 [0/7647 (0%)]	Loss: 0.000069
Train Epoch: 36 [3200/7647 (42%)]	Loss: 0.000000
Train Epoch: 36 [6400/7647 (84%)]	Loss: 0.000000
--------------------------------------------------------------------------------
SOURCE            : [loss: 0.000000] [acc: 7647/7647 (100.00%)] [f1: 1.0000]
TARGET w/o tranfer: [loss: 0.006539] [acc: 1375/1899 (72.41%)] [f1: 0.7241]
--------------------------------------------------------------------------------
Train Epoch: 37 [0/7647 (0%)]	Loss: 0.000002
Train Epoch: 37 [3200/7647 (42%)]	Loss: 0.000000
Train Epoch: 37 [6400/7647 (84%)]	Loss: 0.000001
--------------------------------------------------------------------------------
SOURCE            : [loss: 0.000000] [acc: 7647/7647 (100.00%)] [f1: 1.0000]
TARGET w/o tranfer: [loss: 0.006691] [acc: 1373/1899 (72.30%)] [f1: 0.7230]
--------------------------------------------------------------------------------
Train Epoch: 38 [0/7647 (0%)]	Loss: 0.000000
Train Epoch: 38 [3200/7647 (42%)]	Loss: 0.000017
Train Epoch: 38 [6400/7647 (84%)]	Loss: 0.000000
--------------------------------------------------------------------------------
SOURCE            : [loss: 0.000000] [acc: 7647/7647 (100.00%)] [f1: 1.0000]
TARGET w/o tranfer: [loss: 0.006700] [acc: 1370/1899 (72.14%)] [f1: 0.7214]
--------------------------------------------------------------------------------
Train Epoch: 39 [0/7647 (0%)]	Loss: 0.000003
Train Epoch: 39 [3200/7647 (42%)]	Loss: 0.000016
Train Epoch: 39 [6400/7647 (84%)]	Loss: 0.000000
--------------------------------------------------------------------------------
SOURCE            : [loss: 0.000000] [acc: 7647/7647 (100.00%)] [f1: 1.0000]
TARGET w/o tranfer: [loss: 0.006871] [acc: 1373/1899 (72.30%)] [f1: 0.7230]
--------------------------------------------------------------------------------
Train Epoch: 40 [0/7647 (0%)]	Loss: 0.000011
Train Epoch: 40 [3200/7647 (42%)]	Loss: 0.000000
Train Epoch: 40 [6400/7647 (84%)]	Loss: 0.000000
--------------------------------------------------------------------------------
SOURCE            : [loss: 0.000000] [acc: 7647/7647 (100.00%)] [f1: 1.0000]
TARGET w/o tranfer: [loss: 0.006914] [acc: 1371/1899 (72.20%)] [f1: 0.7220]
--------------------------------------------------------------------------------
Train Epoch: 41 [0/7647 (0%)]	Loss: 0.000000
Train Epoch: 41 [3200/7647 (42%)]	Loss: 0.000000
Train Epoch: 41 [6400/7647 (84%)]	Loss: 0.000000
--------------------------------------------------------------------------------
SOURCE            : [loss: 0.000000] [acc: 7647/7647 (100.00%)] [f1: 1.0000]
TARGET w/o tranfer: [loss: 0.006997] [acc: 1370/1899 (72.14%)] [f1: 0.7214]
--------------------------------------------------------------------------------
Train Epoch: 42 [0/7647 (0%)]	Loss: 0.000005
Train Epoch: 42 [3200/7647 (42%)]	Loss: 0.000000
Train Epoch: 42 [6400/7647 (84%)]	Loss: 0.000000
--------------------------------------------------------------------------------
SOURCE            : [loss: 0.000000] [acc: 7647/7647 (100.00%)] [f1: 1.0000]
TARGET w/o tranfer: [loss: 0.007093] [acc: 1377/1899 (72.51%)] [f1: 0.7251]
--------------------------------------------------------------------------------
Train Epoch: 43 [0/7647 (0%)]	Loss: 0.000000
Train Epoch: 43 [3200/7647 (42%)]	Loss: 0.000005
Train Epoch: 43 [6400/7647 (84%)]	Loss: 0.000000
--------------------------------------------------------------------------------
SOURCE            : [loss: 0.000000] [acc: 7647/7647 (100.00%)] [f1: 1.0000]
TARGET w/o tranfer: [loss: 0.007155] [acc: 1373/1899 (72.30%)] [f1: 0.7230]
--------------------------------------------------------------------------------
Train Epoch: 44 [0/7647 (0%)]	Loss: 0.000000
Train Epoch: 44 [3200/7647 (42%)]	Loss: 0.000001
Train Epoch: 44 [6400/7647 (84%)]	Loss: 0.000005
--------------------------------------------------------------------------------
SOURCE            : [loss: 0.000000] [acc: 7647/7647 (100.00%)] [f1: 1.0000]
TARGET w/o tranfer: [loss: 0.007331] [acc: 1376/1899 (72.46%)] [f1: 0.7246]
--------------------------------------------------------------------------------
Train Epoch: 45 [0/7647 (0%)]	Loss: 0.000000
Train Epoch: 45 [3200/7647 (42%)]	Loss: 0.000000
Train Epoch: 45 [6400/7647 (84%)]	Loss: 0.000000
--------------------------------------------------------------------------------
SOURCE            : [loss: 0.000000] [acc: 7647/7647 (100.00%)] [f1: 1.0000]
TARGET w/o tranfer: [loss: 0.007367] [acc: 1375/1899 (72.41%)] [f1: 0.7241]
--------------------------------------------------------------------------------
Train Epoch: 46 [0/7647 (0%)]	Loss: 0.000000
Train Epoch: 46 [3200/7647 (42%)]	Loss: 0.000001
Train Epoch: 46 [6400/7647 (84%)]	Loss: 0.000000
--------------------------------------------------------------------------------
SOURCE            : [loss: 0.000000] [acc: 7647/7647 (100.00%)] [f1: 1.0000]
TARGET w/o tranfer: [loss: 0.007435] [acc: 1374/1899 (72.35%)] [f1: 0.7235]
--------------------------------------------------------------------------------
Train Epoch: 47 [0/7647 (0%)]	Loss: 0.000000
Train Epoch: 47 [3200/7647 (42%)]	Loss: 0.000000
Train Epoch: 47 [6400/7647 (84%)]	Loss: 0.000000
--------------------------------------------------------------------------------
SOURCE            : [loss: 0.000000] [acc: 7647/7647 (100.00%)] [f1: 1.0000]
TARGET w/o tranfer: [loss: 0.007479] [acc: 1374/1899 (72.35%)] [f1: 0.7235]
--------------------------------------------------------------------------------
Train Epoch: 48 [0/7647 (0%)]	Loss: 0.000000
Train Epoch: 48 [3200/7647 (42%)]	Loss: 0.000000
Train Epoch: 48 [6400/7647 (84%)]	Loss: 0.000000
--------------------------------------------------------------------------------
SOURCE            : [loss: 0.000000] [acc: 7647/7647 (100.00%)] [f1: 1.0000]
TARGET w/o tranfer: [loss: 0.007601] [acc: 1372/1899 (72.25%)] [f1: 0.7225]
--------------------------------------------------------------------------------
Train Epoch: 49 [0/7647 (0%)]	Loss: 0.000007
Train Epoch: 49 [3200/7647 (42%)]	Loss: 0.000000
Train Epoch: 49 [6400/7647 (84%)]	Loss: 0.000000
--------------------------------------------------------------------------------
SOURCE            : [loss: 0.000000] [acc: 7647/7647 (100.00%)] [f1: 1.0000]
TARGET w/o tranfer: [loss: 0.007671] [acc: 1376/1899 (72.46%)] [f1: 0.7246]
--------------------------------------------------------------------------------
Train Epoch: 50 [0/7647 (0%)]	Loss: 0.000000
Train Epoch: 50 [3200/7647 (42%)]	Loss: 0.000000
Train Epoch: 50 [6400/7647 (84%)]	Loss: 0.000000
--------------------------------------------------------------------------------
SOURCE            : [loss: 0.000000] [acc: 7647/7647 (100.00%)] [f1: 1.0000]
TARGET w/o tranfer: [loss: 0.007770] [acc: 1371/1899 (72.20%)] [f1: 0.7220]
--------------------------------------------------------------------------------
[Epoch 1/50] [Iter 0/1899]	[Losses conv1: 51.2882 | conv2: 183.0934 | conv3: 221.0216 | final: 3.10572982]
--------------------------------------------------------------------------------
TARGET with tranfer: [loss: 0.000806] [acc: 1569/1899 (82.62%)] [f1: 0.8262]
--------------------------------------------------------------------------------
[Epoch 2/50] [Iter 0/1899]	[Losses conv1: 64.1694 | conv2: 180.8816 | conv3: 219.9743 | final: 0.71229017]
--------------------------------------------------------------------------------
TARGET with tranfer: [loss: 0.000369] [acc: 1621/1899 (85.36%)] [f1: 0.8536]
--------------------------------------------------------------------------------
[Epoch 3/50] [Iter 0/1899]	[Losses conv1: 61.0852 | conv2: 183.7754 | conv3: 217.8978 | final: 0.20661192]
--------------------------------------------------------------------------------
TARGET with tranfer: [loss: 0.000194] [acc: 1766/1899 (93.00%)] [f1: 0.9300]
--------------------------------------------------------------------------------
[Epoch 4/50] [Iter 0/1899]	[Losses conv1: 61.6758 | conv2: 181.8645 | conv3: 219.6245 | final: 0.21097367]
--------------------------------------------------------------------------------
TARGET with tranfer: [loss: 0.000104] [acc: 1848/1899 (97.31%)] [f1: 0.9731]
--------------------------------------------------------------------------------
[Epoch 5/50] [Iter 0/1899]	[Losses conv1: 64.5241 | conv2: 189.2509 | conv3: 227.5861 | final: 0.10448069]
--------------------------------------------------------------------------------
TARGET with tranfer: [loss: 0.000075] [acc: 1847/1899 (97.26%)] [f1: 0.9726]
--------------------------------------------------------------------------------
[Epoch 6/50] [Iter 0/1899]	[Losses conv1: 63.4883 | conv2: 192.4453 | conv3: 253.9820 | final: 0.07773214]
--------------------------------------------------------------------------------
TARGET with tranfer: [loss: 0.000096] [acc: 1819/1899 (95.79%)] [f1: 0.9579]
--------------------------------------------------------------------------------
[Epoch 7/50] [Iter 0/1899]	[Losses conv1: 48.9388 | conv2: 182.6169 | conv3: 235.3425 | final: 0.07820575]
--------------------------------------------------------------------------------
TARGET with tranfer: [loss: 0.000046] [acc: 1875/1899 (98.74%)] [f1: 0.9874]
--------------------------------------------------------------------------------
[Epoch 8/50] [Iter 0/1899]	[Losses conv1: 74.4756 | conv2: 193.3459 | conv3: 264.4696 | final: 0.05985665]
--------------------------------------------------------------------------------
TARGET with tranfer: [loss: 0.000041] [acc: 1873/1899 (98.63%)] [f1: 0.9863]
--------------------------------------------------------------------------------
[Epoch 9/50] [Iter 0/1899]	[Losses conv1: 67.6039 | conv2: 184.3980 | conv3: 255.8299 | final: 0.03851509]
--------------------------------------------------------------------------------
TARGET with tranfer: [loss: 0.000033] [acc: 1882/1899 (99.10%)] [f1: 0.9910]
--------------------------------------------------------------------------------
[Epoch 10/50] [Iter 0/1899]	[Losses conv1: 60.9958 | conv2: 183.1711 | conv3: 229.5842 | final: 0.00248124]
--------------------------------------------------------------------------------
TARGET with tranfer: [loss: 0.000029] [acc: 1880/1899 (99.00%)] [f1: 0.9900]
--------------------------------------------------------------------------------
[Epoch 11/50] [Iter 0/1899]	[Losses conv1: 75.3453 | conv2: 190.9500 | conv3: 249.8219 | final: 0.03062037]
--------------------------------------------------------------------------------
TARGET with tranfer: [loss: 0.000024] [acc: 1887/1899 (99.37%)] [f1: 0.9937]
--------------------------------------------------------------------------------
[Epoch 12/50] [Iter 0/1899]	[Losses conv1: 58.9468 | conv2: 181.9159 | conv3: 262.3152 | final: 0.01072648]
--------------------------------------------------------------------------------
TARGET with tranfer: [loss: 0.000021] [acc: 1891/1899 (99.58%)] [f1: 0.9958]
--------------------------------------------------------------------------------
[Epoch 13/50] [Iter 0/1899]	[Losses conv1: 66.7986 | conv2: 190.2140 | conv3: 255.0872 | final: 0.02230854]
--------------------------------------------------------------------------------
TARGET with tranfer: [loss: 0.000017] [acc: 1891/1899 (99.58%)] [f1: 0.9958]
--------------------------------------------------------------------------------
[Epoch 14/50] [Iter 0/1899]	[Losses conv1: 69.4465 | conv2: 191.1415 | conv3: 264.1643 | final: 0.00279078]
--------------------------------------------------------------------------------
TARGET with tranfer: [loss: 0.000014] [acc: 1893/1899 (99.68%)] [f1: 0.9968]
--------------------------------------------------------------------------------
[Epoch 15/50] [Iter 0/1899]	[Losses conv1: 64.8306 | conv2: 185.2482 | conv3: 271.0643 | final: 0.01008479]
--------------------------------------------------------------------------------
TARGET with tranfer: [loss: 0.000021] [acc: 1883/1899 (99.16%)] [f1: 0.9916]
--------------------------------------------------------------------------------
[Epoch 16/50] [Iter 0/1899]	[Losses conv1: 56.0831 | conv2: 189.4247 | conv3: 256.8873 | final: 0.00545588]
--------------------------------------------------------------------------------
TARGET with tranfer: [loss: 0.000028] [acc: 1879/1899 (98.95%)] [f1: 0.9895]
--------------------------------------------------------------------------------
[Epoch 17/50] [Iter 0/1899]	[Losses conv1: 61.7524 | conv2: 200.4074 | conv3: 286.3932 | final: 0.01945624]
--------------------------------------------------------------------------------
TARGET with tranfer: [loss: 0.000018] [acc: 1883/1899 (99.16%)] [f1: 0.9916]
--------------------------------------------------------------------------------
[Epoch 18/50] [Iter 0/1899]	[Losses conv1: 51.3292 | conv2: 203.3570 | conv3: 280.2880 | final: 0.00622240]
--------------------------------------------------------------------------------
TARGET with tranfer: [loss: 0.000008] [acc: 1897/1899 (99.89%)] [f1: 0.9989]
--------------------------------------------------------------------------------
[Epoch 19/50] [Iter 0/1899]	[Losses conv1: 68.4279 | conv2: 185.3341 | conv3: 257.5522 | final: 0.00072119]
--------------------------------------------------------------------------------
TARGET with tranfer: [loss: 0.000019] [acc: 1883/1899 (99.16%)] [f1: 0.9916]
--------------------------------------------------------------------------------
[Epoch 20/50] [Iter 0/1899]	[Losses conv1: 72.5727 | conv2: 200.7255 | conv3: 279.5632 | final: 0.00666751]
--------------------------------------------------------------------------------
TARGET with tranfer: [loss: 0.000007] [acc: 1899/1899 (100.00%)] [f1: 1.0000]
--------------------------------------------------------------------------------
[Epoch 21/50] [Iter 0/1899]	[Losses conv1: 54.8547 | conv2: 190.5074 | conv3: 265.2380 | final: 0.00076357]
--------------------------------------------------------------------------------
TARGET with tranfer: [loss: 0.000027] [acc: 1880/1899 (99.00%)] [f1: 0.9900]
--------------------------------------------------------------------------------
[Epoch 22/50] [Iter 0/1899]	[Losses conv1: 86.8668 | conv2: 212.5619 | conv3: 304.3590 | final: 0.00201455]
--------------------------------------------------------------------------------
TARGET with tranfer: [loss: 0.000007] [acc: 1897/1899 (99.89%)] [f1: 0.9989]
--------------------------------------------------------------------------------
[Epoch 23/50] [Iter 0/1899]	[Losses conv1: 66.6108 | conv2: 193.0582 | conv3: 275.0179 | final: 0.00210762]
--------------------------------------------------------------------------------
TARGET with tranfer: [loss: 0.000016] [acc: 1886/1899 (99.32%)] [f1: 0.9932]
--------------------------------------------------------------------------------
[Epoch 24/50] [Iter 0/1899]	[Losses conv1: 53.8597 | conv2: 211.2582 | conv3: 254.3875 | final: 0.00132051]
--------------------------------------------------------------------------------
TARGET with tranfer: [loss: 0.000004] [acc: 1899/1899 (100.00%)] [f1: 1.0000]
--------------------------------------------------------------------------------
[Epoch 25/50] [Iter 0/1899]	[Losses conv1: 63.8243 | conv2: 202.0725 | conv3: 275.4964 | final: 0.00683083]
--------------------------------------------------------------------------------
TARGET with tranfer: [loss: 0.000003] [acc: 1899/1899 (100.00%)] [f1: 1.0000]
--------------------------------------------------------------------------------
[Epoch 26/50] [Iter 0/1899]	[Losses conv1: 78.1501 | conv2: 193.1109 | conv3: 284.1566 | final: 0.00151354]
--------------------------------------------------------------------------------
TARGET with tranfer: [loss: 0.000025] [acc: 1885/1899 (99.26%)] [f1: 0.9926]
--------------------------------------------------------------------------------
[Epoch 27/50] [Iter 0/1899]	[Losses conv1: 60.7007 | conv2: 215.6311 | conv3: 285.1952 | final: 0.03288229]
--------------------------------------------------------------------------------
TARGET with tranfer: [loss: 0.000003] [acc: 1897/1899 (99.89%)] [f1: 0.9989]
--------------------------------------------------------------------------------
[Epoch 28/50] [Iter 0/1899]	[Losses conv1: 73.8617 | conv2: 216.1719 | conv3: 292.0598 | final: 0.00156832]
--------------------------------------------------------------------------------
TARGET with tranfer: [loss: 0.000005] [acc: 1897/1899 (99.89%)] [f1: 0.9989]
--------------------------------------------------------------------------------
[Epoch 29/50] [Iter 0/1899]	[Losses conv1: 68.8540 | conv2: 211.0819 | conv3: 277.0201 | final: 0.00006825]
--------------------------------------------------------------------------------
TARGET with tranfer: [loss: 0.000003] [acc: 1899/1899 (100.00%)] [f1: 1.0000]
--------------------------------------------------------------------------------
[Epoch 30/50] [Iter 0/1899]	[Losses conv1: 57.7990 | conv2: 197.7092 | conv3: 275.9923 | final: 0.00144520]
--------------------------------------------------------------------------------
TARGET with tranfer: [loss: 0.000002] [acc: 1899/1899 (100.00%)] [f1: 1.0000]
--------------------------------------------------------------------------------
[Epoch 31/50] [Iter 0/1899]	[Losses conv1: 63.4417 | conv2: 202.3035 | conv3: 267.3343 | final: 0.00072789]
--------------------------------------------------------------------------------
TARGET with tranfer: [loss: 0.000001] [acc: 1899/1899 (100.00%)] [f1: 1.0000]
--------------------------------------------------------------------------------
[Epoch 32/50] [Iter 0/1899]	[Losses conv1: 60.3600 | conv2: 209.9269 | conv3: 273.2875 | final: 0.00419384]
--------------------------------------------------------------------------------
TARGET with tranfer: [loss: 0.000001] [acc: 1899/1899 (100.00%)] [f1: 1.0000]
--------------------------------------------------------------------------------
[Epoch 33/50] [Iter 0/1899]	[Losses conv1: 49.0979 | conv2: 197.5726 | conv3: 276.1546 | final: 0.00012985]
--------------------------------------------------------------------------------
TARGET with tranfer: [loss: 0.000001] [acc: 1899/1899 (100.00%)] [f1: 1.0000]
--------------------------------------------------------------------------------
[Epoch 34/50] [Iter 0/1899]	[Losses conv1: 75.2767 | conv2: 210.5546 | conv3: 298.5685 | final: 0.00042513]
--------------------------------------------------------------------------------
TARGET with tranfer: [loss: 0.000001] [acc: 1899/1899 (100.00%)] [f1: 1.0000]
--------------------------------------------------------------------------------
[Epoch 35/50] [Iter 0/1899]	[Losses conv1: 60.1804 | conv2: 198.9643 | conv3: 258.9622 | final: 0.00092223]
--------------------------------------------------------------------------------
TARGET with tranfer: [loss: 0.000001] [acc: 1899/1899 (100.00%)] [f1: 1.0000]
--------------------------------------------------------------------------------
[Epoch 36/50] [Iter 0/1899]	[Losses conv1: 68.1222 | conv2: 210.3122 | conv3: 302.2250 | final: 0.00010705]
--------------------------------------------------------------------------------
TARGET with tranfer: [loss: 0.000001] [acc: 1899/1899 (100.00%)] [f1: 1.0000]
--------------------------------------------------------------------------------
[Epoch 37/50] [Iter 0/1899]	[Losses conv1: 63.0515 | conv2: 215.8618 | conv3: 291.5950 | final: 0.00017041]
--------------------------------------------------------------------------------
TARGET with tranfer: [loss: 0.000001] [acc: 1899/1899 (100.00%)] [f1: 1.0000]
--------------------------------------------------------------------------------
[Epoch 38/50] [Iter 0/1899]	[Losses conv1: 61.7259 | conv2: 208.2330 | conv3: 294.1200 | final: 0.00014389]
--------------------------------------------------------------------------------
TARGET with tranfer: [loss: 0.000001] [acc: 1899/1899 (100.00%)] [f1: 1.0000]
--------------------------------------------------------------------------------
[Epoch 39/50] [Iter 0/1899]	[Losses conv1: 90.2227 | conv2: 208.4271 | conv3: 290.2660 | final: 0.00002250]
--------------------------------------------------------------------------------
TARGET with tranfer: [loss: 0.000001] [acc: 1899/1899 (100.00%)] [f1: 1.0000]
--------------------------------------------------------------------------------
[Epoch 40/50] [Iter 0/1899]	[Losses conv1: 61.9868 | conv2: 196.2088 | conv3: 268.7580 | final: 0.00002500]
--------------------------------------------------------------------------------
TARGET with tranfer: [loss: 0.000000] [acc: 1899/1899 (100.00%)] [f1: 1.0000]
--------------------------------------------------------------------------------
[Epoch 41/50] [Iter 0/1899]	[Losses conv1: 58.4173 | conv2: 201.2311 | conv3: 287.0357 | final: 0.00053996]
--------------------------------------------------------------------------------
TARGET with tranfer: [loss: 0.000000] [acc: 1899/1899 (100.00%)] [f1: 1.0000]
--------------------------------------------------------------------------------
[Epoch 42/50] [Iter 0/1899]	[Losses conv1: 64.2353 | conv2: 208.5347 | conv3: 303.7562 | final: 0.00191522]
--------------------------------------------------------------------------------
TARGET with tranfer: [loss: 0.000000] [acc: 1899/1899 (100.00%)] [f1: 1.0000]
--------------------------------------------------------------------------------
[Epoch 43/50] [Iter 0/1899]	[Losses conv1: 79.7110 | conv2: 202.5479 | conv3: 303.8326 | final: 0.00002033]
--------------------------------------------------------------------------------
TARGET with tranfer: [loss: 0.000000] [acc: 1899/1899 (100.00%)] [f1: 1.0000]
--------------------------------------------------------------------------------
[Epoch 44/50] [Iter 0/1899]	[Losses conv1: 50.1849 | conv2: 197.9245 | conv3: 285.8482 | final: 0.00026697]
--------------------------------------------------------------------------------
TARGET with tranfer: [loss: 0.000000] [acc: 1899/1899 (100.00%)] [f1: 1.0000]
--------------------------------------------------------------------------------
[Epoch 45/50] [Iter 0/1899]	[Losses conv1: 54.2281 | conv2: 204.7255 | conv3: 288.0114 | final: 0.00072920]
--------------------------------------------------------------------------------
TARGET with tranfer: [loss: 0.000001] [acc: 1899/1899 (100.00%)] [f1: 1.0000]
--------------------------------------------------------------------------------
[Epoch 46/50] [Iter 0/1899]	[Losses conv1: 75.2642 | conv2: 211.8547 | conv3: 294.0330 | final: 0.00037548]
--------------------------------------------------------------------------------
TARGET with tranfer: [loss: 0.000000] [acc: 1899/1899 (100.00%)] [f1: 1.0000]
--------------------------------------------------------------------------------
[Epoch 47/50] [Iter 0/1899]	[Losses conv1: 68.9728 | conv2: 214.4942 | conv3: 324.6756 | final: 0.00027326]
--------------------------------------------------------------------------------
TARGET with tranfer: [loss: 0.000000] [acc: 1899/1899 (100.00%)] [f1: 1.0000]
--------------------------------------------------------------------------------
[Epoch 48/50] [Iter 0/1899]	[Losses conv1: 79.2423 | conv2: 200.8473 | conv3: 302.5576 | final: 0.00002420]
--------------------------------------------------------------------------------
TARGET with tranfer: [loss: 0.000000] [acc: 1899/1899 (100.00%)] [f1: 1.0000]
--------------------------------------------------------------------------------
[Epoch 49/50] [Iter 0/1899]	[Losses conv1: 65.0045 | conv2: 219.2935 | conv3: 321.6213 | final: 0.00051200]
--------------------------------------------------------------------------------
TARGET with tranfer: [loss: 0.000000] [acc: 1899/1899 (100.00%)] [f1: 1.0000]
--------------------------------------------------------------------------------
[Epoch 50/50] [Iter 0/1899]	[Losses conv1: 73.9649 | conv2: 208.3756 | conv3: 305.9732 | final: 0.00005800]
--------------------------------------------------------------------------------
TARGET with tranfer: [loss: 0.000000] [acc: 1899/1899 (100.00%)] [f1: 1.0000]
--------------------------------------------------------------------------------
TARGET FULL SET: [loss: 0.005260] [acc: 7408/7617 (97.26%)] [f1: 0.9727]
