Current experiment parameters:
{'n_channels': 3, 'n_classes': 6, 'batch_size': 32, 'batch_size_eval': 1024, 'window_size': 128, 'window_offset': 8, 'source_epochs': 10, 'target_epochs': 10, 'n_iter': 20000, 'seed': 0, 'log_interval': 100, 'eval_interval': 500, 'gpu': '0', 'mode': 'train', 'lr_FCs': 0.002, 'lr_FCs_b1': 0.9, 'lr_FCs_b2': 0.999, 'lr_FCt': 0.0002, 'lr_FCt_b1': 0.9, 'lr_FCt_b2': 0.999, 'w_conv1': 0.5, 'w_conv2': 0.05, 'w_conv3': 0.005, 'w_fc1': 0.001, 'w_fc2': 0.0001, 'log': 'default.csv', 'log_train': 'log_train.csv', 'dataset': 'HHAR', 'subject_source': 'f', 'subject_target': 'e', 'position_source': 's3', 'position_target': 's3mini', 'scaling': True}
Train Epoch: 1 [0/7647 (0%)]	Loss: 2.496398
Train Epoch: 1 [3200/7647 (42%)]	Loss: 0.491548
Train Epoch: 1 [6400/7647 (84%)]	Loss: 0.031590
--------------------------------------------------------------------------------
SOURCE            : [loss: 0.000067] [acc: 7523/7647 (98.38%)] [f1: 0.9838]
TARGET w/o tranfer: [loss: 0.005744] [acc: 1122/1899 (59.08%)] [f1: 0.5908]
--------------------------------------------------------------------------------
Train Epoch: 2 [0/7647 (0%)]	Loss: 0.011574
Train Epoch: 2 [3200/7647 (42%)]	Loss: 0.002600
Train Epoch: 2 [6400/7647 (84%)]	Loss: 0.060594
--------------------------------------------------------------------------------
SOURCE            : [loss: 0.000073] [acc: 7484/7647 (97.87%)] [f1: 0.9787]
TARGET w/o tranfer: [loss: 0.001968] [acc: 1299/1899 (68.40%)] [f1: 0.6840]
--------------------------------------------------------------------------------
Train Epoch: 3 [0/7647 (0%)]	Loss: 0.421389
Train Epoch: 3 [3200/7647 (42%)]	Loss: 0.024554
Train Epoch: 3 [6400/7647 (84%)]	Loss: 0.001006
--------------------------------------------------------------------------------
SOURCE            : [loss: 0.000032] [acc: 7576/7647 (99.07%)] [f1: 0.9907]
TARGET w/o tranfer: [loss: 0.005055] [acc: 891/1899 (46.92%)] [f1: 0.4692]
--------------------------------------------------------------------------------
Train Epoch: 4 [0/7647 (0%)]	Loss: 0.098026
Train Epoch: 4 [3200/7647 (42%)]	Loss: 0.118732
Train Epoch: 4 [6400/7647 (84%)]	Loss: 0.006629
--------------------------------------------------------------------------------
SOURCE            : [loss: 0.000161] [acc: 7337/7647 (95.95%)] [f1: 0.9595]
TARGET w/o tranfer: [loss: 0.013680] [acc: 975/1899 (51.34%)] [f1: 0.5134]
--------------------------------------------------------------------------------
Train Epoch: 5 [0/7647 (0%)]	Loss: 0.054170
Train Epoch: 5 [3200/7647 (42%)]	Loss: 0.048768
Train Epoch: 5 [6400/7647 (84%)]	Loss: 0.008904
--------------------------------------------------------------------------------
SOURCE            : [loss: 0.000035] [acc: 7572/7647 (99.02%)] [f1: 0.9902]
TARGET w/o tranfer: [loss: 0.014469] [acc: 1117/1899 (58.82%)] [f1: 0.5882]
--------------------------------------------------------------------------------
Train Epoch: 6 [0/7647 (0%)]	Loss: 0.070561
Train Epoch: 6 [3200/7647 (42%)]	Loss: 0.023994
Train Epoch: 6 [6400/7647 (84%)]	Loss: 0.000470
--------------------------------------------------------------------------------
SOURCE            : [loss: 0.000030] [acc: 7569/7647 (98.98%)] [f1: 0.9898]
TARGET w/o tranfer: [loss: 0.035397] [acc: 1113/1899 (58.61%)] [f1: 0.5861]
--------------------------------------------------------------------------------
Train Epoch: 7 [0/7647 (0%)]	Loss: 0.000573
Train Epoch: 7 [3200/7647 (42%)]	Loss: 0.019278
Train Epoch: 7 [6400/7647 (84%)]	Loss: 0.051181
--------------------------------------------------------------------------------
SOURCE            : [loss: 0.000014] [acc: 7613/7647 (99.56%)] [f1: 0.9956]
TARGET w/o tranfer: [loss: 0.032836] [acc: 1039/1899 (54.71%)] [f1: 0.5471]
--------------------------------------------------------------------------------
Train Epoch: 8 [0/7647 (0%)]	Loss: 0.010878
Train Epoch: 8 [3200/7647 (42%)]	Loss: 0.000553
Train Epoch: 8 [6400/7647 (84%)]	Loss: 0.000126
--------------------------------------------------------------------------------
SOURCE            : [loss: 0.000052] [acc: 7547/7647 (98.69%)] [f1: 0.9869]
TARGET w/o tranfer: [loss: 0.034182] [acc: 1099/1899 (57.87%)] [f1: 0.5787]
--------------------------------------------------------------------------------
Train Epoch: 9 [0/7647 (0%)]	Loss: 0.000066
Train Epoch: 9 [3200/7647 (42%)]	Loss: 0.007642
Train Epoch: 9 [6400/7647 (84%)]	Loss: 0.033085
--------------------------------------------------------------------------------
SOURCE            : [loss: 0.000024] [acc: 7601/7647 (99.40%)] [f1: 0.9940]
TARGET w/o tranfer: [loss: 0.039482] [acc: 1039/1899 (54.71%)] [f1: 0.5471]
--------------------------------------------------------------------------------
Train Epoch: 10 [0/7647 (0%)]	Loss: 0.007643
Train Epoch: 10 [3200/7647 (42%)]	Loss: 0.005734
Train Epoch: 10 [6400/7647 (84%)]	Loss: 0.062798
--------------------------------------------------------------------------------
SOURCE            : [loss: 0.000012] [acc: 7617/7647 (99.61%)] [f1: 0.9961]
TARGET w/o tranfer: [loss: 0.043151] [acc: 1130/1899 (59.51%)] [f1: 0.5951]
--------------------------------------------------------------------------------
[Epoch 1/10] [Iter 0/1899]	[Losses conv1: -1.0000 | conv2: -1.0000 | conv3: -1.0000 | final: 3.48599863]
--------------------------------------------------------------------------------
TARGET with tranfer: [loss: 0.000728] [acc: 1587/1899 (83.57%)] [f1: 0.8357]
--------------------------------------------------------------------------------
[Epoch 2/10] [Iter 0/1899]	[Losses conv1: -1.0000 | conv2: -1.0000 | conv3: -1.0000 | final: 0.67895257]
--------------------------------------------------------------------------------
TARGET with tranfer: [loss: 0.000346] [acc: 1654/1899 (87.10%)] [f1: 0.8710]
--------------------------------------------------------------------------------
[Epoch 3/10] [Iter 0/1899]	[Losses conv1: -1.0000 | conv2: -1.0000 | conv3: -1.0000 | final: 0.31550342]
--------------------------------------------------------------------------------
TARGET with tranfer: [loss: 0.000175] [acc: 1785/1899 (94.00%)] [f1: 0.9400]
--------------------------------------------------------------------------------
[Epoch 4/10] [Iter 0/1899]	[Losses conv1: -1.0000 | conv2: -1.0000 | conv3: -1.0000 | final: 0.21214454]
--------------------------------------------------------------------------------
TARGET with tranfer: [loss: 0.000104] [acc: 1831/1899 (96.42%)] [f1: 0.9642]
--------------------------------------------------------------------------------
[Epoch 5/10] [Iter 0/1899]	[Losses conv1: -1.0000 | conv2: -1.0000 | conv3: -1.0000 | final: 0.10065968]
--------------------------------------------------------------------------------
TARGET with tranfer: [loss: 0.000090] [acc: 1850/1899 (97.42%)] [f1: 0.9742]
--------------------------------------------------------------------------------
[Epoch 6/10] [Iter 0/1899]	[Losses conv1: -1.0000 | conv2: -1.0000 | conv3: -1.0000 | final: 0.03412195]
--------------------------------------------------------------------------------
TARGET with tranfer: [loss: 0.000064] [acc: 1858/1899 (97.84%)] [f1: 0.9784]
--------------------------------------------------------------------------------
[Epoch 7/10] [Iter 0/1899]	[Losses conv1: -1.0000 | conv2: -1.0000 | conv3: -1.0000 | final: 0.05822559]
--------------------------------------------------------------------------------
TARGET with tranfer: [loss: 0.000059] [acc: 1865/1899 (98.21%)] [f1: 0.9821]
--------------------------------------------------------------------------------
[Epoch 8/10] [Iter 0/1899]	[Losses conv1: -1.0000 | conv2: -1.0000 | conv3: -1.0000 | final: 0.03749798]
--------------------------------------------------------------------------------
TARGET with tranfer: [loss: 0.000042] [acc: 1873/1899 (98.63%)] [f1: 0.9863]
--------------------------------------------------------------------------------
[Epoch 9/10] [Iter 0/1899]	[Losses conv1: -1.0000 | conv2: -1.0000 | conv3: -1.0000 | final: 0.00774133]
--------------------------------------------------------------------------------
TARGET with tranfer: [loss: 0.000041] [acc: 1875/1899 (98.74%)] [f1: 0.9874]
--------------------------------------------------------------------------------
[Epoch 10/10] [Iter 0/1899]	[Losses conv1: -1.0000 | conv2: -1.0000 | conv3: -1.0000 | final: 0.11967123]
--------------------------------------------------------------------------------
TARGET with tranfer: [loss: 0.000094] [acc: 1827/1899 (96.21%)] [f1: 0.9621]
--------------------------------------------------------------------------------
TARGET FULL SET: [loss: 0.006739] [acc: 7181/7617 (94.28%)] [f1: 0.9429]
