Current experiment parameters:
{'n_channels': 3, 'n_classes': 11, 'batch_size': 32, 'batch_size_eval': 1024, 'window_size': 128, 'window_offset': 8, 'source_epochs': 10, 'target_epochs': 10, 'n_iter': 20000, 'seed': 0, 'log_interval': 100, 'eval_interval': 500, 'gpu': '0', 'mode': 'prune', 'lr_FCs': 0.002, 'lr_FCs_b1': 0.9, 'lr_FCs_b2': 0.999, 'lr_FCt': 0.0002, 'lr_FCt_b1': 0.9, 'lr_FCt_b2': 0.999, 'w_conv1': 0.5, 'w_conv2': 0.05, 'w_conv3': 0.005, 'w_fc1': 0.001, 'w_fc2': 0.0001, 'log': 'default.csv', 'log_train': 'log_train.csv', 'dataset': 'PAMAP2', 'subject_source': 'subject105', 'subject_target': 'subject104', 'position_source': 'h', 'position_target': 'h', 'scaling': True}
Train Epoch: 1 [0/12161 (0%)]	Loss: 2.640559
Train Epoch: 1 [3200/12161 (26%)]	Loss: 1.335442
Train Epoch: 1 [6400/12161 (53%)]	Loss: 0.993239
Train Epoch: 1 [9600/12161 (79%)]	Loss: 1.042095
--------------------------------------------------------------------------------
SOURCE            : [loss: 0.000779] [acc: 8639/12161 (71.04%)] [f1: 0.7104]
TARGET w/o tranfer: [loss: 0.007319] [acc: 236/2514 (9.39%)] [f1: 0.0939]
--------------------------------------------------------------------------------
Train Epoch: 2 [0/12161 (0%)]	Loss: 0.776494
Train Epoch: 2 [3200/12161 (26%)]	Loss: 0.936611
Train Epoch: 2 [6400/12161 (53%)]	Loss: 1.049724
Train Epoch: 2 [9600/12161 (79%)]	Loss: 0.576080
--------------------------------------------------------------------------------
SOURCE            : [loss: 0.000593] [acc: 9398/12161 (77.28%)] [f1: 0.7728]
TARGET w/o tranfer: [loss: 0.007540] [acc: 275/2514 (10.94%)] [f1: 0.1094]
--------------------------------------------------------------------------------
Train Epoch: 3 [0/12161 (0%)]	Loss: 0.950594
Train Epoch: 3 [3200/12161 (26%)]	Loss: 0.800142
Train Epoch: 3 [6400/12161 (53%)]	Loss: 0.685924
Train Epoch: 3 [9600/12161 (79%)]	Loss: 0.711441
--------------------------------------------------------------------------------
SOURCE            : [loss: 0.000596] [acc: 9318/12161 (76.62%)] [f1: 0.7662]
TARGET w/o tranfer: [loss: 0.009934] [acc: 307/2514 (12.21%)] [f1: 0.1221]
--------------------------------------------------------------------------------
Train Epoch: 4 [0/12161 (0%)]	Loss: 0.930060
Train Epoch: 4 [3200/12161 (26%)]	Loss: 0.436547
Train Epoch: 4 [6400/12161 (53%)]	Loss: 0.233205
Train Epoch: 4 [9600/12161 (79%)]	Loss: 0.500932
--------------------------------------------------------------------------------
SOURCE            : [loss: 0.000425] [acc: 10477/12161 (86.15%)] [f1: 0.8615]
TARGET w/o tranfer: [loss: 0.008490] [acc: 361/2514 (14.36%)] [f1: 0.1436]
--------------------------------------------------------------------------------
Train Epoch: 5 [0/12161 (0%)]	Loss: 0.514832
Train Epoch: 5 [3200/12161 (26%)]	Loss: 0.761439
Train Epoch: 5 [6400/12161 (53%)]	Loss: 0.337474
Train Epoch: 5 [9600/12161 (79%)]	Loss: 0.394010
--------------------------------------------------------------------------------
SOURCE            : [loss: 0.000351] [acc: 10605/12161 (87.20%)] [f1: 0.8720]
TARGET w/o tranfer: [loss: 0.009067] [acc: 291/2514 (11.58%)] [f1: 0.1158]
--------------------------------------------------------------------------------
Train Epoch: 6 [0/12161 (0%)]	Loss: 0.099035
Train Epoch: 6 [3200/12161 (26%)]	Loss: 0.482439
Train Epoch: 6 [6400/12161 (53%)]	Loss: 0.492467
Train Epoch: 6 [9600/12161 (79%)]	Loss: 0.540166
--------------------------------------------------------------------------------
SOURCE            : [loss: 0.000369] [acc: 10591/12161 (87.09%)] [f1: 0.8709]
TARGET w/o tranfer: [loss: 0.010959] [acc: 540/2514 (21.48%)] [f1: 0.2148]
--------------------------------------------------------------------------------
Train Epoch: 7 [0/12161 (0%)]	Loss: 0.554421
Train Epoch: 7 [3200/12161 (26%)]	Loss: 0.356402
Train Epoch: 7 [6400/12161 (53%)]	Loss: 0.357923
Train Epoch: 7 [9600/12161 (79%)]	Loss: 0.461609
--------------------------------------------------------------------------------
SOURCE            : [loss: 0.000338] [acc: 10857/12161 (89.28%)] [f1: 0.8928]
TARGET w/o tranfer: [loss: 0.013122] [acc: 326/2514 (12.97%)] [f1: 0.1297]
--------------------------------------------------------------------------------
Train Epoch: 8 [0/12161 (0%)]	Loss: 0.496775
Train Epoch: 8 [3200/12161 (26%)]	Loss: 0.333709
Train Epoch: 8 [6400/12161 (53%)]	Loss: 0.469756
Train Epoch: 8 [9600/12161 (79%)]	Loss: 0.219134
--------------------------------------------------------------------------------
SOURCE            : [loss: 0.000313] [acc: 10868/12161 (89.37%)] [f1: 0.8937]
TARGET w/o tranfer: [loss: 0.010937] [acc: 435/2514 (17.30%)] [f1: 0.1730]
--------------------------------------------------------------------------------
Train Epoch: 9 [0/12161 (0%)]	Loss: 0.109154
Train Epoch: 9 [3200/12161 (26%)]	Loss: 0.463517
Train Epoch: 9 [6400/12161 (53%)]	Loss: 0.213136
Train Epoch: 9 [9600/12161 (79%)]	Loss: 0.244691
--------------------------------------------------------------------------------
SOURCE            : [loss: 0.000413] [acc: 9752/12161 (80.19%)] [f1: 0.8019]
TARGET w/o tranfer: [loss: 0.013136] [acc: 377/2514 (15.00%)] [f1: 0.1500]
--------------------------------------------------------------------------------
Train Epoch: 10 [0/12161 (0%)]	Loss: 0.352317
Train Epoch: 10 [3200/12161 (26%)]	Loss: 0.226674
Train Epoch: 10 [6400/12161 (53%)]	Loss: 0.441400
Train Epoch: 10 [9600/12161 (79%)]	Loss: 0.369595
--------------------------------------------------------------------------------
SOURCE            : [loss: 0.000259] [acc: 11065/12161 (90.99%)] [f1: 0.9099]
TARGET w/o tranfer: [loss: 0.010374] [acc: 579/2514 (23.03%)] [f1: 0.2303]
--------------------------------------------------------------------------------
[Epoch 1/10] [Iter 0/2514]	[Losses conv1: 9.4244 | conv2: 130.4140 | conv3: 137.6058 | final: 2.85060287]
--------------------------------------------------------------------------------
TARGET with tranfer: [loss: 0.001441] [acc: 1476/2514 (58.71%)] [f1: 0.5871]
--------------------------------------------------------------------------------
[Epoch 2/10] [Iter 0/2514]	[Losses conv1: 12.2305 | conv2: 124.8075 | conv3: 129.8472 | final: 1.29111600]
--------------------------------------------------------------------------------
TARGET with tranfer: [loss: 0.000980] [acc: 1968/2514 (78.28%)] [f1: 0.7828]
--------------------------------------------------------------------------------
[Epoch 3/10] [Iter 0/2514]	[Losses conv1: 8.8884 | conv2: 99.7297 | conv3: 136.4009 | final: 1.18624103]
--------------------------------------------------------------------------------
TARGET with tranfer: [loss: 0.000790] [acc: 2002/2514 (79.63%)] [f1: 0.7963]
--------------------------------------------------------------------------------
[Epoch 4/10] [Iter 0/2514]	[Losses conv1: 18.1784 | conv2: 90.6468 | conv3: 127.9488 | final: 0.52079421]
--------------------------------------------------------------------------------
TARGET with tranfer: [loss: 0.000650] [acc: 2098/2514 (83.45%)] [f1: 0.8345]
--------------------------------------------------------------------------------
[Epoch 5/10] [Iter 0/2514]	[Losses conv1: 18.3559 | conv2: 91.3033 | conv3: 126.5593 | final: 0.63958049]
--------------------------------------------------------------------------------
TARGET with tranfer: [loss: 0.000645] [acc: 2077/2514 (82.62%)] [f1: 0.8262]
--------------------------------------------------------------------------------
[Epoch 6/10] [Iter 0/2514]	[Losses conv1: 16.8101 | conv2: 89.6525 | conv3: 144.7417 | final: 0.28547648]
--------------------------------------------------------------------------------
TARGET with tranfer: [loss: 0.000506] [acc: 2175/2514 (86.52%)] [f1: 0.8652]
--------------------------------------------------------------------------------
[Epoch 7/10] [Iter 0/2514]	[Losses conv1: 13.0676 | conv2: 74.6401 | conv3: 131.0641 | final: 0.30216050]
--------------------------------------------------------------------------------
TARGET with tranfer: [loss: 0.000456] [acc: 2196/2514 (87.35%)] [f1: 0.8735]
--------------------------------------------------------------------------------
[Epoch 8/10] [Iter 0/2514]	[Losses conv1: 8.3874 | conv2: 47.9486 | conv3: 124.6200 | final: 0.28681162]
--------------------------------------------------------------------------------
TARGET with tranfer: [loss: 0.000419] [acc: 2215/2514 (88.11%)] [f1: 0.8811]
--------------------------------------------------------------------------------
[Epoch 9/10] [Iter 0/2514]	[Losses conv1: 11.4295 | conv2: 61.9597 | conv3: 134.3413 | final: 0.28478065]
--------------------------------------------------------------------------------
TARGET with tranfer: [loss: 0.000337] [acc: 2251/2514 (89.54%)] [f1: 0.8954]
--------------------------------------------------------------------------------
[Epoch 10/10] [Iter 0/2514]	[Losses conv1: 7.7023 | conv2: 72.0669 | conv3: 137.0275 | final: 0.27749097]
--------------------------------------------------------------------------------
TARGET with tranfer: [loss: 0.000308] [acc: 2302/2514 (91.57%)] [f1: 0.9157]
--------------------------------------------------------------------------------
TARGET FULL SET: [loss: 0.063890] [acc: 7367/10077 (73.11%)] [f1: 0.7332]
