Current experiment parameters:
{'n_channels': 3, 'n_classes': 11, 'batch_size': 32, 'batch_size_eval': 1024, 'window_size': 128, 'window_offset': 8, 'source_epochs': 10, 'target_epochs': 10, 'n_iter': 20000, 'seed': 0, 'log_interval': 100, 'eval_interval': 500, 'gpu': '0', 'mode': 'train', 'lr_FCs': 0.002, 'lr_FCs_b1': 0.9, 'lr_FCs_b2': 0.999, 'lr_FCt': 0.0002, 'lr_FCt_b1': 0.9, 'lr_FCt_b2': 0.999, 'w_conv1': 0.5, 'w_conv2': 0.05, 'w_conv3': 0.005, 'w_fc1': 0.001, 'w_fc2': 0.0001, 'log': 'default.csv', 'log_train': 'log_train.csv', 'dataset': 'PAMAP2', 'subject_source': 'subject105', 'subject_target': 'subject104', 'position_source': 'h', 'position_target': 'h', 'scaling': True}
Train Epoch: 1 [0/12161 (0%)]	Loss: 2.640559
Train Epoch: 1 [3200/12161 (26%)]	Loss: 1.397418
Train Epoch: 1 [6400/12161 (53%)]	Loss: 0.980361
Train Epoch: 1 [9600/12161 (79%)]	Loss: 1.103771
--------------------------------------------------------------------------------
SOURCE            : [loss: 0.000805] [acc: 8473/12161 (69.67%)] [f1: 0.6967]
TARGET w/o tranfer: [loss: 0.005902] [acc: 266/2514 (10.58%)] [f1: 0.1058]
--------------------------------------------------------------------------------
Train Epoch: 2 [0/12161 (0%)]	Loss: 0.589502
Train Epoch: 2 [3200/12161 (26%)]	Loss: 0.932797
Train Epoch: 2 [6400/12161 (53%)]	Loss: 0.848472
Train Epoch: 2 [9600/12161 (79%)]	Loss: 0.385912
--------------------------------------------------------------------------------
SOURCE            : [loss: 0.000624] [acc: 9329/12161 (76.71%)] [f1: 0.7671]
TARGET w/o tranfer: [loss: 0.008486] [acc: 271/2514 (10.78%)] [f1: 0.1078]
--------------------------------------------------------------------------------
Train Epoch: 3 [0/12161 (0%)]	Loss: 1.019788
Train Epoch: 3 [3200/12161 (26%)]	Loss: 0.746437
Train Epoch: 3 [6400/12161 (53%)]	Loss: 0.611566
Train Epoch: 3 [9600/12161 (79%)]	Loss: 0.687878
--------------------------------------------------------------------------------
SOURCE            : [loss: 0.000568] [acc: 9583/12161 (78.80%)] [f1: 0.7880]
TARGET w/o tranfer: [loss: 0.008493] [acc: 265/2514 (10.54%)] [f1: 0.1054]
--------------------------------------------------------------------------------
Train Epoch: 4 [0/12161 (0%)]	Loss: 0.974594
Train Epoch: 4 [3200/12161 (26%)]	Loss: 0.691374
Train Epoch: 4 [6400/12161 (53%)]	Loss: 0.339318
Train Epoch: 4 [9600/12161 (79%)]	Loss: 0.482543
--------------------------------------------------------------------------------
SOURCE            : [loss: 0.000497] [acc: 10251/12161 (84.29%)] [f1: 0.8429]
TARGET w/o tranfer: [loss: 0.008853] [acc: 331/2514 (13.17%)] [f1: 0.1317]
--------------------------------------------------------------------------------
Train Epoch: 5 [0/12161 (0%)]	Loss: 0.801702
Train Epoch: 5 [3200/12161 (26%)]	Loss: 0.720393
Train Epoch: 5 [6400/12161 (53%)]	Loss: 0.242850
Train Epoch: 5 [9600/12161 (79%)]	Loss: 0.367481
--------------------------------------------------------------------------------
SOURCE            : [loss: 0.000437] [acc: 10323/12161 (84.89%)] [f1: 0.8489]
TARGET w/o tranfer: [loss: 0.006831] [acc: 323/2514 (12.85%)] [f1: 0.1285]
--------------------------------------------------------------------------------
Train Epoch: 6 [0/12161 (0%)]	Loss: 0.261772
Train Epoch: 6 [3200/12161 (26%)]	Loss: 0.452412
Train Epoch: 6 [6400/12161 (53%)]	Loss: 0.391595
Train Epoch: 6 [9600/12161 (79%)]	Loss: 0.524047
--------------------------------------------------------------------------------
SOURCE            : [loss: 0.000359] [acc: 10620/12161 (87.33%)] [f1: 0.8733]
TARGET w/o tranfer: [loss: 0.007233] [acc: 416/2514 (16.55%)] [f1: 0.1655]
--------------------------------------------------------------------------------
Train Epoch: 7 [0/12161 (0%)]	Loss: 0.435690
Train Epoch: 7 [3200/12161 (26%)]	Loss: 0.314323
Train Epoch: 7 [6400/12161 (53%)]	Loss: 0.263603
Train Epoch: 7 [9600/12161 (79%)]	Loss: 0.665088
--------------------------------------------------------------------------------
SOURCE            : [loss: 0.000292] [acc: 10946/12161 (90.01%)] [f1: 0.9001]
TARGET w/o tranfer: [loss: 0.010875] [acc: 355/2514 (14.12%)] [f1: 0.1412]
--------------------------------------------------------------------------------
Train Epoch: 8 [0/12161 (0%)]	Loss: 0.558243
Train Epoch: 8 [3200/12161 (26%)]	Loss: 0.347556
Train Epoch: 8 [6400/12161 (53%)]	Loss: 0.192453
Train Epoch: 8 [9600/12161 (79%)]	Loss: 0.331805
--------------------------------------------------------------------------------
SOURCE            : [loss: 0.000313] [acc: 10874/12161 (89.42%)] [f1: 0.8942]
TARGET w/o tranfer: [loss: 0.012574] [acc: 388/2514 (15.43%)] [f1: 0.1543]
--------------------------------------------------------------------------------
Train Epoch: 9 [0/12161 (0%)]	Loss: 0.121295
Train Epoch: 9 [3200/12161 (26%)]	Loss: 0.616451
Train Epoch: 9 [6400/12161 (53%)]	Loss: 0.094861
Train Epoch: 9 [9600/12161 (79%)]	Loss: 0.295152
--------------------------------------------------------------------------------
SOURCE            : [loss: 0.000360] [acc: 10778/12161 (88.63%)] [f1: 0.8863]
TARGET w/o tranfer: [loss: 0.016087] [acc: 418/2514 (16.63%)] [f1: 0.1663]
--------------------------------------------------------------------------------
Train Epoch: 10 [0/12161 (0%)]	Loss: 0.469019
Train Epoch: 10 [3200/12161 (26%)]	Loss: 0.196299
Train Epoch: 10 [6400/12161 (53%)]	Loss: 0.672025
Train Epoch: 10 [9600/12161 (79%)]	Loss: 0.250479
--------------------------------------------------------------------------------
SOURCE            : [loss: 0.000259] [acc: 11085/12161 (91.15%)] [f1: 0.9115]
TARGET w/o tranfer: [loss: 0.010858] [acc: 410/2514 (16.31%)] [f1: 0.1631]
--------------------------------------------------------------------------------
[Epoch 1/10] [Iter 0/2514]	[Losses conv1: -1.0000 | conv2: -1.0000 | conv3: -1.0000 | final: 2.85060287]
--------------------------------------------------------------------------------
TARGET with tranfer: [loss: 0.001452] [acc: 1495/2514 (59.47%)] [f1: 0.5947]
--------------------------------------------------------------------------------
[Epoch 2/10] [Iter 0/2514]	[Losses conv1: -1.0000 | conv2: -1.0000 | conv3: -1.0000 | final: 1.29332209]
--------------------------------------------------------------------------------
TARGET with tranfer: [loss: 0.001023] [acc: 1910/2514 (75.97%)] [f1: 0.7597]
--------------------------------------------------------------------------------
[Epoch 3/10] [Iter 0/2514]	[Losses conv1: -1.0000 | conv2: -1.0000 | conv3: -1.0000 | final: 1.23387492]
--------------------------------------------------------------------------------
TARGET with tranfer: [loss: 0.000775] [acc: 1999/2514 (79.51%)] [f1: 0.7951]
--------------------------------------------------------------------------------
[Epoch 4/10] [Iter 0/2514]	[Losses conv1: -1.0000 | conv2: -1.0000 | conv3: -1.0000 | final: 0.53698635]
--------------------------------------------------------------------------------
TARGET with tranfer: [loss: 0.000637] [acc: 2102/2514 (83.61%)] [f1: 0.8361]
--------------------------------------------------------------------------------
[Epoch 5/10] [Iter 0/2514]	[Losses conv1: -1.0000 | conv2: -1.0000 | conv3: -1.0000 | final: 0.58704549]
--------------------------------------------------------------------------------
TARGET with tranfer: [loss: 0.000627] [acc: 2093/2514 (83.25%)] [f1: 0.8325]
--------------------------------------------------------------------------------
[Epoch 6/10] [Iter 0/2514]	[Losses conv1: -1.0000 | conv2: -1.0000 | conv3: -1.0000 | final: 0.28731048]
--------------------------------------------------------------------------------
TARGET with tranfer: [loss: 0.000535] [acc: 2142/2514 (85.20%)] [f1: 0.8520]
--------------------------------------------------------------------------------
[Epoch 7/10] [Iter 0/2514]	[Losses conv1: -1.0000 | conv2: -1.0000 | conv3: -1.0000 | final: 0.33697349]
--------------------------------------------------------------------------------
TARGET with tranfer: [loss: 0.000423] [acc: 2211/2514 (87.95%)] [f1: 0.8795]
--------------------------------------------------------------------------------
[Epoch 8/10] [Iter 0/2514]	[Losses conv1: -1.0000 | conv2: -1.0000 | conv3: -1.0000 | final: 0.28216988]
--------------------------------------------------------------------------------
TARGET with tranfer: [loss: 0.000401] [acc: 2224/2514 (88.46%)] [f1: 0.8846]
--------------------------------------------------------------------------------
[Epoch 9/10] [Iter 0/2514]	[Losses conv1: -1.0000 | conv2: -1.0000 | conv3: -1.0000 | final: 0.22933462]
--------------------------------------------------------------------------------
TARGET with tranfer: [loss: 0.000365] [acc: 2265/2514 (90.10%)] [f1: 0.9010]
--------------------------------------------------------------------------------
[Epoch 10/10] [Iter 0/2514]	[Losses conv1: -1.0000 | conv2: -1.0000 | conv3: -1.0000 | final: 0.31686726]
--------------------------------------------------------------------------------
TARGET with tranfer: [loss: 0.000285] [acc: 2305/2514 (91.69%)] [f1: 0.9169]
--------------------------------------------------------------------------------
TARGET FULL SET: [loss: 0.058475] [acc: 7508/10077 (74.51%)] [f1: 0.7472]
