Current experiment parameters:
{'n_channels': 3, 'n_classes': 11, 'batch_size': 32, 'batch_size_eval': 1024, 'window_size': 128, 'window_offset': 8, 'source_epochs': 10, 'target_epochs': 10, 'n_iter': 20000, 'seed': 0, 'log_interval': 100, 'eval_interval': 500, 'gpu': '0', 'mode': 'train', 'lr_FCs': 0.002, 'lr_FCs_b1': 0.9, 'lr_FCs_b2': 0.999, 'lr_FCt': 0.0002, 'lr_FCt_b1': 0.9, 'lr_FCt_b2': 0.999, 'w_conv1': 0.5, 'w_conv2': 0.05, 'w_conv3': 0.005, 'w_fc1': 0.001, 'w_fc2': 0.0001, 'log': 'default.csv', 'log_train': 'log_train.csv', 'dataset': 'PAMAP2', 'subject_source': 'subject105', 'subject_target': 'subject106', 'position_source': 'c', 'position_target': 'h', 'scaling': True}
Train Epoch: 1 [0/12161 (0%)]	Loss: 2.619565
Train Epoch: 1 [3200/12161 (26%)]	Loss: 1.013711
Train Epoch: 1 [6400/12161 (53%)]	Loss: 0.801573
Train Epoch: 1 [9600/12161 (79%)]	Loss: 0.517336
--------------------------------------------------------------------------------
SOURCE            : [loss: 0.000426] [acc: 10579/12161 (86.99%)] [f1: 0.8699]
TARGET w/o tranfer: [loss: 0.009906] [acc: 449/2763 (16.25%)] [f1: 0.1625]
--------------------------------------------------------------------------------
Train Epoch: 2 [0/12161 (0%)]	Loss: 0.385132
Train Epoch: 2 [3200/12161 (26%)]	Loss: 0.088961
Train Epoch: 2 [6400/12161 (53%)]	Loss: 0.253801
Train Epoch: 2 [9600/12161 (79%)]	Loss: 0.926587
--------------------------------------------------------------------------------
SOURCE            : [loss: 0.000313] [acc: 10914/12161 (89.75%)] [f1: 0.8975]
TARGET w/o tranfer: [loss: 0.011085] [acc: 395/2763 (14.30%)] [f1: 0.1430]
--------------------------------------------------------------------------------
Train Epoch: 3 [0/12161 (0%)]	Loss: 0.180957
Train Epoch: 3 [3200/12161 (26%)]	Loss: 0.477726
Train Epoch: 3 [6400/12161 (53%)]	Loss: 0.550706
Train Epoch: 3 [9600/12161 (79%)]	Loss: 0.529113
--------------------------------------------------------------------------------
SOURCE            : [loss: 0.000367] [acc: 10846/12161 (89.19%)] [f1: 0.8919]
TARGET w/o tranfer: [loss: 0.010001] [acc: 419/2763 (15.16%)] [f1: 0.1516]
--------------------------------------------------------------------------------
Train Epoch: 4 [0/12161 (0%)]	Loss: 0.455825
Train Epoch: 4 [3200/12161 (26%)]	Loss: 0.397014
Train Epoch: 4 [6400/12161 (53%)]	Loss: 0.274780
Train Epoch: 4 [9600/12161 (79%)]	Loss: 0.293473
--------------------------------------------------------------------------------
SOURCE            : [loss: 0.000301] [acc: 10953/12161 (90.07%)] [f1: 0.9007]
TARGET w/o tranfer: [loss: 0.010869] [acc: 414/2763 (14.98%)] [f1: 0.1498]
--------------------------------------------------------------------------------
Train Epoch: 5 [0/12161 (0%)]	Loss: 0.381362
Train Epoch: 5 [3200/12161 (26%)]	Loss: 0.322118
Train Epoch: 5 [6400/12161 (53%)]	Loss: 0.077904
Train Epoch: 5 [9600/12161 (79%)]	Loss: 0.726049
--------------------------------------------------------------------------------
SOURCE            : [loss: 0.000291] [acc: 10972/12161 (90.22%)] [f1: 0.9022]
TARGET w/o tranfer: [loss: 0.009520] [acc: 423/2763 (15.31%)] [f1: 0.1531]
--------------------------------------------------------------------------------
Train Epoch: 6 [0/12161 (0%)]	Loss: 0.121277
Train Epoch: 6 [3200/12161 (26%)]	Loss: 0.321190
Train Epoch: 6 [6400/12161 (53%)]	Loss: 0.250705
Train Epoch: 6 [9600/12161 (79%)]	Loss: 0.392093
--------------------------------------------------------------------------------
SOURCE            : [loss: 0.000337] [acc: 10787/12161 (88.70%)] [f1: 0.8870]
TARGET w/o tranfer: [loss: 0.010551] [acc: 230/2763 (8.32%)] [f1: 0.0832]
--------------------------------------------------------------------------------
Train Epoch: 7 [0/12161 (0%)]	Loss: 0.208643
Train Epoch: 7 [3200/12161 (26%)]	Loss: 0.474665
Train Epoch: 7 [6400/12161 (53%)]	Loss: 0.236955
Train Epoch: 7 [9600/12161 (79%)]	Loss: 0.032624
--------------------------------------------------------------------------------
SOURCE            : [loss: 0.000264] [acc: 11110/12161 (91.36%)] [f1: 0.9136]
TARGET w/o tranfer: [loss: 0.011971] [acc: 428/2763 (15.49%)] [f1: 0.1549]
--------------------------------------------------------------------------------
Train Epoch: 8 [0/12161 (0%)]	Loss: 0.267504
Train Epoch: 8 [3200/12161 (26%)]	Loss: 0.280188
Train Epoch: 8 [6400/12161 (53%)]	Loss: 0.421237
Train Epoch: 8 [9600/12161 (79%)]	Loss: 0.344455
--------------------------------------------------------------------------------
SOURCE            : [loss: 0.000328] [acc: 10819/12161 (88.96%)] [f1: 0.8896]
TARGET w/o tranfer: [loss: 0.007672] [acc: 396/2763 (14.33%)] [f1: 0.1433]
--------------------------------------------------------------------------------
Train Epoch: 9 [0/12161 (0%)]	Loss: 0.428578
Train Epoch: 9 [3200/12161 (26%)]	Loss: 0.148464
Train Epoch: 9 [6400/12161 (53%)]	Loss: 0.209520
Train Epoch: 9 [9600/12161 (79%)]	Loss: 0.208257
--------------------------------------------------------------------------------
SOURCE            : [loss: 0.000264] [acc: 11073/12161 (91.05%)] [f1: 0.9105]
TARGET w/o tranfer: [loss: 0.011943] [acc: 393/2763 (14.22%)] [f1: 0.1422]
--------------------------------------------------------------------------------
Train Epoch: 10 [0/12161 (0%)]	Loss: 0.166157
Train Epoch: 10 [3200/12161 (26%)]	Loss: 0.703362
Train Epoch: 10 [6400/12161 (53%)]	Loss: 0.372362
Train Epoch: 10 [9600/12161 (79%)]	Loss: 0.150919
--------------------------------------------------------------------------------
SOURCE            : [loss: 0.000226] [acc: 11284/12161 (92.79%)] [f1: 0.9279]
TARGET w/o tranfer: [loss: 0.012681] [acc: 510/2763 (18.46%)] [f1: 0.1846]
--------------------------------------------------------------------------------
[Epoch 1/10] [Iter 0/2763]	[Losses conv1: -1.0000 | conv2: -1.0000 | conv3: -1.0000 | final: 3.91103244]
--------------------------------------------------------------------------------
TARGET with tranfer: [loss: 0.001439] [acc: 1494/2763 (54.07%)] [f1: 0.5407]
--------------------------------------------------------------------------------
[Epoch 2/10] [Iter 0/2763]	[Losses conv1: -1.0000 | conv2: -1.0000 | conv3: -1.0000 | final: 1.46356034]
--------------------------------------------------------------------------------
TARGET with tranfer: [loss: 0.001038] [acc: 1959/2763 (70.90%)] [f1: 0.7090]
--------------------------------------------------------------------------------
[Epoch 3/10] [Iter 0/2763]	[Losses conv1: -1.0000 | conv2: -1.0000 | conv3: -1.0000 | final: 0.86275709]
--------------------------------------------------------------------------------
TARGET with tranfer: [loss: 0.000754] [acc: 2163/2763 (78.28%)] [f1: 0.7828]
--------------------------------------------------------------------------------
[Epoch 4/10] [Iter 0/2763]	[Losses conv1: -1.0000 | conv2: -1.0000 | conv3: -1.0000 | final: 0.58247352]
--------------------------------------------------------------------------------
TARGET with tranfer: [loss: 0.000653] [acc: 2221/2763 (80.38%)] [f1: 0.8038]
--------------------------------------------------------------------------------
[Epoch 5/10] [Iter 0/2763]	[Losses conv1: -1.0000 | conv2: -1.0000 | conv3: -1.0000 | final: 0.43069687]
--------------------------------------------------------------------------------
TARGET with tranfer: [loss: 0.000639] [acc: 2225/2763 (80.53%)] [f1: 0.8053]
--------------------------------------------------------------------------------
[Epoch 6/10] [Iter 0/2763]	[Losses conv1: -1.0000 | conv2: -1.0000 | conv3: -1.0000 | final: 1.45979571]
--------------------------------------------------------------------------------
TARGET with tranfer: [loss: 0.000443] [acc: 2402/2763 (86.93%)] [f1: 0.8693]
--------------------------------------------------------------------------------
[Epoch 7/10] [Iter 0/2763]	[Losses conv1: -1.0000 | conv2: -1.0000 | conv3: -1.0000 | final: 0.58021069]
--------------------------------------------------------------------------------
TARGET with tranfer: [loss: 0.000473] [acc: 2411/2763 (87.26%)] [f1: 0.8726]
--------------------------------------------------------------------------------
[Epoch 8/10] [Iter 0/2763]	[Losses conv1: -1.0000 | conv2: -1.0000 | conv3: -1.0000 | final: 0.37005177]
--------------------------------------------------------------------------------
TARGET with tranfer: [loss: 0.000369] [acc: 2497/2763 (90.37%)] [f1: 0.9037]
--------------------------------------------------------------------------------
[Epoch 9/10] [Iter 0/2763]	[Losses conv1: -1.0000 | conv2: -1.0000 | conv3: -1.0000 | final: 0.16886209]
--------------------------------------------------------------------------------
TARGET with tranfer: [loss: 0.000338] [acc: 2472/2763 (89.47%)] [f1: 0.8947]
--------------------------------------------------------------------------------
[Epoch 10/10] [Iter 0/2763]	[Losses conv1: -1.0000 | conv2: -1.0000 | conv3: -1.0000 | final: 0.14504570]
--------------------------------------------------------------------------------
TARGET with tranfer: [loss: 0.000325] [acc: 2501/2763 (90.52%)] [f1: 0.9052]
--------------------------------------------------------------------------------
TARGET FULL SET: [loss: 0.196319] [acc: 4713/11072 (42.57%)] [f1: 0.4257]
