Current experiment parameters:
{'n_channels': 3, 'n_classes': 11, 'batch_size': 32, 'batch_size_eval': 1024, 'window_size': 128, 'window_offset': 8, 'source_epochs': 20, 'target_epochs': 20, 'n_iter': 20000, 'seed': 0, 'log_interval': 100, 'eval_interval': 500, 'gpu': '0', 'mode': 'hdcnn', 'lr_FCs': 0.002, 'lr_FCs_b1': 0.9, 'lr_FCs_b2': 0.999, 'lr_FCt': 0.0002, 'lr_FCt_b1': 0.9, 'lr_FCt_b2': 0.999, 'w_conv1': 0.5, 'w_conv2': 0.05, 'w_conv3': 0.005, 'w_fc1': 0.001, 'w_fc2': 0.0001, 'log': 'default.csv', 'log_train': 'log_train.csv', 'dataset': 'PAMAP2', 'subject_source': 'subject106', 'subject_target': 'subject107', 'position_source': 'c', 'position_target': 'c', 'scaling': True}
Train Epoch: 1 [0/11072 (0%)]	Loss: 3.266847
Train Epoch: 1 [3200/11072 (29%)]	Loss: 0.920807
Train Epoch: 1 [6400/11072 (58%)]	Loss: 0.583258
Train Epoch: 1 [9600/11072 (87%)]	Loss: 0.421320
--------------------------------------------------------------------------------
SOURCE            : [loss: 0.000491] [acc: 9285/11072 (83.86%)] [f1: 0.8386]
TARGET w/o tranfer: [loss: 0.006039] [acc: 955/2517 (37.94%)] [f1: 0.3794]
--------------------------------------------------------------------------------
Train Epoch: 2 [0/11072 (0%)]	Loss: 0.408889
Train Epoch: 2 [3200/11072 (29%)]	Loss: 0.510685
Train Epoch: 2 [6400/11072 (58%)]	Loss: 0.738045
Train Epoch: 2 [9600/11072 (87%)]	Loss: 0.533383
--------------------------------------------------------------------------------
SOURCE            : [loss: 0.000380] [acc: 9701/11072 (87.62%)] [f1: 0.8762]
TARGET w/o tranfer: [loss: 0.006781] [acc: 1059/2517 (42.07%)] [f1: 0.4207]
--------------------------------------------------------------------------------
Train Epoch: 3 [0/11072 (0%)]	Loss: 0.434053
Train Epoch: 3 [3200/11072 (29%)]	Loss: 0.417227
Train Epoch: 3 [6400/11072 (58%)]	Loss: 0.205485
Train Epoch: 3 [9600/11072 (87%)]	Loss: 0.098393
--------------------------------------------------------------------------------
SOURCE            : [loss: 0.000331] [acc: 9870/11072 (89.14%)] [f1: 0.8914]
TARGET w/o tranfer: [loss: 0.007485] [acc: 1086/2517 (43.15%)] [f1: 0.4315]
--------------------------------------------------------------------------------
Train Epoch: 4 [0/11072 (0%)]	Loss: 0.062643
Train Epoch: 4 [3200/11072 (29%)]	Loss: 0.220725
Train Epoch: 4 [6400/11072 (58%)]	Loss: 0.316116
Train Epoch: 4 [9600/11072 (87%)]	Loss: 0.366854
--------------------------------------------------------------------------------
SOURCE            : [loss: 0.000356] [acc: 9752/11072 (88.08%)] [f1: 0.8808]
TARGET w/o tranfer: [loss: 0.006644] [acc: 1015/2517 (40.33%)] [f1: 0.4033]
--------------------------------------------------------------------------------
Train Epoch: 5 [0/11072 (0%)]	Loss: 0.211374
Train Epoch: 5 [3200/11072 (29%)]	Loss: 0.215018
Train Epoch: 5 [6400/11072 (58%)]	Loss: 0.303956
Train Epoch: 5 [9600/11072 (87%)]	Loss: 0.215378
--------------------------------------------------------------------------------
SOURCE            : [loss: 0.000337] [acc: 9963/11072 (89.98%)] [f1: 0.8998]
TARGET w/o tranfer: [loss: 0.007819] [acc: 1047/2517 (41.60%)] [f1: 0.4160]
--------------------------------------------------------------------------------
Train Epoch: 6 [0/11072 (0%)]	Loss: 0.180394
Train Epoch: 6 [3200/11072 (29%)]	Loss: 0.412345
Train Epoch: 6 [6400/11072 (58%)]	Loss: 0.440848
Train Epoch: 6 [9600/11072 (87%)]	Loss: 0.088400
--------------------------------------------------------------------------------
SOURCE            : [loss: 0.000270] [acc: 10033/11072 (90.62%)] [f1: 0.9062]
TARGET w/o tranfer: [loss: 0.010154] [acc: 993/2517 (39.45%)] [f1: 0.3945]
--------------------------------------------------------------------------------
Train Epoch: 7 [0/11072 (0%)]	Loss: 0.203501
Train Epoch: 7 [3200/11072 (29%)]	Loss: 0.278271
Train Epoch: 7 [6400/11072 (58%)]	Loss: 0.593895
Train Epoch: 7 [9600/11072 (87%)]	Loss: 0.494717
--------------------------------------------------------------------------------
SOURCE            : [loss: 0.000273] [acc: 10020/11072 (90.50%)] [f1: 0.9050]
TARGET w/o tranfer: [loss: 0.006365] [acc: 1090/2517 (43.31%)] [f1: 0.4331]
--------------------------------------------------------------------------------
Train Epoch: 8 [0/11072 (0%)]	Loss: 0.274550
Train Epoch: 8 [3200/11072 (29%)]	Loss: 0.224046
Train Epoch: 8 [6400/11072 (58%)]	Loss: 0.336802
Train Epoch: 8 [9600/11072 (87%)]	Loss: 0.162136
--------------------------------------------------------------------------------
SOURCE            : [loss: 0.000249] [acc: 10087/11072 (91.10%)] [f1: 0.9110]
TARGET w/o tranfer: [loss: 0.008550] [acc: 1103/2517 (43.82%)] [f1: 0.4382]
--------------------------------------------------------------------------------
Train Epoch: 9 [0/11072 (0%)]	Loss: 0.067745
Train Epoch: 9 [3200/11072 (29%)]	Loss: 0.067787
Train Epoch: 9 [6400/11072 (58%)]	Loss: 0.136718
Train Epoch: 9 [9600/11072 (87%)]	Loss: 0.232881
--------------------------------------------------------------------------------
SOURCE            : [loss: 0.000225] [acc: 10202/11072 (92.14%)] [f1: 0.9214]
TARGET w/o tranfer: [loss: 0.008891] [acc: 1088/2517 (43.23%)] [f1: 0.4323]
--------------------------------------------------------------------------------
Train Epoch: 10 [0/11072 (0%)]	Loss: 0.153538
Train Epoch: 10 [3200/11072 (29%)]	Loss: 0.193337
Train Epoch: 10 [6400/11072 (58%)]	Loss: 0.722982
Train Epoch: 10 [9600/11072 (87%)]	Loss: 0.228645
--------------------------------------------------------------------------------
SOURCE            : [loss: 0.000206] [acc: 10216/11072 (92.27%)] [f1: 0.9227]
TARGET w/o tranfer: [loss: 0.009236] [acc: 1092/2517 (43.38%)] [f1: 0.4338]
--------------------------------------------------------------------------------
Train Epoch: 11 [0/11072 (0%)]	Loss: 0.245658
Train Epoch: 11 [3200/11072 (29%)]	Loss: 0.154177
Train Epoch: 11 [6400/11072 (58%)]	Loss: 0.260596
Train Epoch: 11 [9600/11072 (87%)]	Loss: 0.077075
--------------------------------------------------------------------------------
SOURCE            : [loss: 0.000224] [acc: 10256/11072 (92.63%)] [f1: 0.9263]
TARGET w/o tranfer: [loss: 0.010011] [acc: 1111/2517 (44.14%)] [f1: 0.4414]
--------------------------------------------------------------------------------
Train Epoch: 12 [0/11072 (0%)]	Loss: 0.045058
Train Epoch: 12 [3200/11072 (29%)]	Loss: 0.336361
Train Epoch: 12 [6400/11072 (58%)]	Loss: 0.129837
Train Epoch: 12 [9600/11072 (87%)]	Loss: 0.105105
--------------------------------------------------------------------------------
SOURCE            : [loss: 0.000214] [acc: 10322/11072 (93.23%)] [f1: 0.9323]
TARGET w/o tranfer: [loss: 0.010539] [acc: 1071/2517 (42.55%)] [f1: 0.4255]
--------------------------------------------------------------------------------
Train Epoch: 13 [0/11072 (0%)]	Loss: 0.120132
Train Epoch: 13 [3200/11072 (29%)]	Loss: 1.421923
Train Epoch: 13 [6400/11072 (58%)]	Loss: 0.287767
Train Epoch: 13 [9600/11072 (87%)]	Loss: 0.442904
--------------------------------------------------------------------------------
SOURCE            : [loss: 0.000225] [acc: 10237/11072 (92.46%)] [f1: 0.9246]
TARGET w/o tranfer: [loss: 0.008332] [acc: 1098/2517 (43.62%)] [f1: 0.4362]
--------------------------------------------------------------------------------
Train Epoch: 14 [0/11072 (0%)]	Loss: 0.256981
Train Epoch: 14 [3200/11072 (29%)]	Loss: 0.323535
Train Epoch: 14 [6400/11072 (58%)]	Loss: 0.282448
Train Epoch: 14 [9600/11072 (87%)]	Loss: 0.167449
--------------------------------------------------------------------------------
SOURCE            : [loss: 0.000172] [acc: 10386/11072 (93.80%)] [f1: 0.9380]
TARGET w/o tranfer: [loss: 0.009762] [acc: 1105/2517 (43.90%)] [f1: 0.4390]
--------------------------------------------------------------------------------
Train Epoch: 15 [0/11072 (0%)]	Loss: 0.203662
Train Epoch: 15 [3200/11072 (29%)]	Loss: 0.196042
Train Epoch: 15 [6400/11072 (58%)]	Loss: 0.371388
Train Epoch: 15 [9600/11072 (87%)]	Loss: 0.261131
--------------------------------------------------------------------------------
SOURCE            : [loss: 0.000199] [acc: 10332/11072 (93.32%)] [f1: 0.9332]
TARGET w/o tranfer: [loss: 0.010777] [acc: 1097/2517 (43.58%)] [f1: 0.4358]
--------------------------------------------------------------------------------
Train Epoch: 16 [0/11072 (0%)]	Loss: 0.189788
Train Epoch: 16 [3200/11072 (29%)]	Loss: 0.357465
Train Epoch: 16 [6400/11072 (58%)]	Loss: 0.098896
Train Epoch: 16 [9600/11072 (87%)]	Loss: 0.128556
--------------------------------------------------------------------------------
SOURCE            : [loss: 0.000154] [acc: 10442/11072 (94.31%)] [f1: 0.9431]
TARGET w/o tranfer: [loss: 0.011103] [acc: 1074/2517 (42.67%)] [f1: 0.4267]
--------------------------------------------------------------------------------
Train Epoch: 17 [0/11072 (0%)]	Loss: 0.235066
Train Epoch: 17 [3200/11072 (29%)]	Loss: 0.077111
Train Epoch: 17 [6400/11072 (58%)]	Loss: 0.271387
Train Epoch: 17 [9600/11072 (87%)]	Loss: 0.200472
--------------------------------------------------------------------------------
SOURCE            : [loss: 0.000150] [acc: 10506/11072 (94.89%)] [f1: 0.9489]
TARGET w/o tranfer: [loss: 0.012116] [acc: 1113/2517 (44.22%)] [f1: 0.4422]
--------------------------------------------------------------------------------
Train Epoch: 18 [0/11072 (0%)]	Loss: 0.103875
Train Epoch: 18 [3200/11072 (29%)]	Loss: 0.118843
Train Epoch: 18 [6400/11072 (58%)]	Loss: 0.136314
Train Epoch: 18 [9600/11072 (87%)]	Loss: 0.234787
--------------------------------------------------------------------------------
SOURCE            : [loss: 0.000164] [acc: 10434/11072 (94.24%)] [f1: 0.9424]
TARGET w/o tranfer: [loss: 0.013325] [acc: 1109/2517 (44.06%)] [f1: 0.4406]
--------------------------------------------------------------------------------
Train Epoch: 19 [0/11072 (0%)]	Loss: 0.165200
Train Epoch: 19 [3200/11072 (29%)]	Loss: 0.165217
Train Epoch: 19 [6400/11072 (58%)]	Loss: 0.096375
Train Epoch: 19 [9600/11072 (87%)]	Loss: 0.154785
--------------------------------------------------------------------------------
SOURCE            : [loss: 0.000208] [acc: 10361/11072 (93.58%)] [f1: 0.9358]
TARGET w/o tranfer: [loss: 0.014555] [acc: 1068/2517 (42.43%)] [f1: 0.4243]
--------------------------------------------------------------------------------
Train Epoch: 20 [0/11072 (0%)]	Loss: 0.279226
Train Epoch: 20 [3200/11072 (29%)]	Loss: 0.253866
Train Epoch: 20 [6400/11072 (58%)]	Loss: 0.072036
Train Epoch: 20 [9600/11072 (87%)]	Loss: 0.041935
--------------------------------------------------------------------------------
SOURCE            : [loss: 0.000136] [acc: 10557/11072 (95.35%)] [f1: 0.9535]
TARGET w/o tranfer: [loss: 0.011740] [acc: 1114/2517 (44.26%)] [f1: 0.4426]
--------------------------------------------------------------------------------
[Epoch 1/20] [Iter 0/2517]	[Losses conv1: 61.7181 | conv2: 198.7144 | conv3: 214.3483 | final: 3.52613926]
--------------------------------------------------------------------------------
TARGET with tranfer: [loss: 0.001399] [acc: 1590/2517 (63.17%)] [f1: 0.6317]
--------------------------------------------------------------------------------
[Epoch 2/20] [Iter 0/2517]	[Losses conv1: 61.6004 | conv2: 198.3443 | conv3: 211.7410 | final: 1.43922663]
--------------------------------------------------------------------------------
TARGET with tranfer: [loss: 0.000891] [acc: 1981/2517 (78.70%)] [f1: 0.7870]
--------------------------------------------------------------------------------
[Epoch 3/20] [Iter 0/2517]	[Losses conv1: 73.6717 | conv2: 191.7827 | conv3: 236.6990 | final: 0.60363609]
--------------------------------------------------------------------------------
TARGET with tranfer: [loss: 0.000687] [acc: 2120/2517 (84.23%)] [f1: 0.8423]
--------------------------------------------------------------------------------
[Epoch 4/20] [Iter 0/2517]	[Losses conv1: 61.4597 | conv2: 189.3553 | conv3: 240.4438 | final: 0.66502649]
--------------------------------------------------------------------------------
TARGET with tranfer: [loss: 0.000579] [acc: 2137/2517 (84.90%)] [f1: 0.8490]
--------------------------------------------------------------------------------
[Epoch 5/20] [Iter 0/2517]	[Losses conv1: 53.6369 | conv2: 166.3669 | conv3: 212.2329 | final: 0.53610730]
--------------------------------------------------------------------------------
TARGET with tranfer: [loss: 0.000446] [acc: 2225/2517 (88.40%)] [f1: 0.8840]
--------------------------------------------------------------------------------
[Epoch 6/20] [Iter 0/2517]	[Losses conv1: 70.1511 | conv2: 181.9611 | conv3: 248.0372 | final: 0.33407876]
--------------------------------------------------------------------------------
TARGET with tranfer: [loss: 0.000383] [acc: 2256/2517 (89.63%)] [f1: 0.8963]
--------------------------------------------------------------------------------
[Epoch 7/20] [Iter 0/2517]	[Losses conv1: 58.5095 | conv2: 186.8087 | conv3: 242.6528 | final: 0.22875656]
--------------------------------------------------------------------------------
TARGET with tranfer: [loss: 0.000329] [acc: 2287/2517 (90.86%)] [f1: 0.9086]
--------------------------------------------------------------------------------
[Epoch 8/20] [Iter 0/2517]	[Losses conv1: 73.6361 | conv2: 186.0901 | conv3: 268.8681 | final: 0.22812913]
--------------------------------------------------------------------------------
TARGET with tranfer: [loss: 0.000285] [acc: 2334/2517 (92.73%)] [f1: 0.9273]
--------------------------------------------------------------------------------
[Epoch 9/20] [Iter 0/2517]	[Losses conv1: 65.3678 | conv2: 165.1879 | conv3: 240.0843 | final: 0.21781088]
--------------------------------------------------------------------------------
TARGET with tranfer: [loss: 0.000271] [acc: 2332/2517 (92.65%)] [f1: 0.9265]
--------------------------------------------------------------------------------
[Epoch 10/20] [Iter 0/2517]	[Losses conv1: 57.5435 | conv2: 164.8217 | conv3: 239.2957 | final: 0.23673500]
--------------------------------------------------------------------------------
TARGET with tranfer: [loss: 0.000252] [acc: 2329/2517 (92.53%)] [f1: 0.9253]
--------------------------------------------------------------------------------
[Epoch 11/20] [Iter 0/2517]	[Losses conv1: 72.1221 | conv2: 166.7046 | conv3: 288.9722 | final: 0.21710350]
--------------------------------------------------------------------------------
TARGET with tranfer: [loss: 0.000231] [acc: 2342/2517 (93.05%)] [f1: 0.9305]
--------------------------------------------------------------------------------
[Epoch 12/20] [Iter 0/2517]	[Losses conv1: 61.5319 | conv2: 173.0102 | conv3: 278.6731 | final: 0.22083609]
--------------------------------------------------------------------------------
TARGET with tranfer: [loss: 0.000238] [acc: 2348/2517 (93.29%)] [f1: 0.9329]
--------------------------------------------------------------------------------
[Epoch 13/20] [Iter 0/2517]	[Losses conv1: 49.6029 | conv2: 163.3195 | conv3: 238.3631 | final: 0.35261890]
--------------------------------------------------------------------------------
TARGET with tranfer: [loss: 0.000213] [acc: 2351/2517 (93.40%)] [f1: 0.9340]
--------------------------------------------------------------------------------
[Epoch 14/20] [Iter 0/2517]	[Losses conv1: 79.3327 | conv2: 193.1618 | conv3: 347.8846 | final: 0.07438572]
--------------------------------------------------------------------------------
TARGET with tranfer: [loss: 0.000181] [acc: 2381/2517 (94.60%)] [f1: 0.9460]
--------------------------------------------------------------------------------
[Epoch 15/20] [Iter 0/2517]	[Losses conv1: 60.1794 | conv2: 174.5459 | conv3: 286.3527 | final: 0.16411304]
--------------------------------------------------------------------------------
TARGET with tranfer: [loss: 0.000176] [acc: 2386/2517 (94.80%)] [f1: 0.9480]
--------------------------------------------------------------------------------
[Epoch 16/20] [Iter 0/2517]	[Losses conv1: 69.1402 | conv2: 184.2818 | conv3: 300.1678 | final: 0.35150832]
--------------------------------------------------------------------------------
TARGET with tranfer: [loss: 0.000169] [acc: 2386/2517 (94.80%)] [f1: 0.9480]
--------------------------------------------------------------------------------
[Epoch 17/20] [Iter 0/2517]	[Losses conv1: 60.8016 | conv2: 166.0290 | conv3: 299.9704 | final: 0.09489195]
--------------------------------------------------------------------------------
TARGET with tranfer: [loss: 0.000171] [acc: 2380/2517 (94.56%)] [f1: 0.9456]
--------------------------------------------------------------------------------
[Epoch 18/20] [Iter 0/2517]	[Losses conv1: 62.1078 | conv2: 166.6725 | conv3: 314.1322 | final: 0.10649168]
--------------------------------------------------------------------------------
TARGET with tranfer: [loss: 0.000138] [acc: 2419/2517 (96.11%)] [f1: 0.9611]
--------------------------------------------------------------------------------
[Epoch 19/20] [Iter 0/2517]	[Losses conv1: 67.7015 | conv2: 170.3598 | conv3: 312.1114 | final: 0.10593987]
--------------------------------------------------------------------------------
TARGET with tranfer: [loss: 0.000151] [acc: 2410/2517 (95.75%)] [f1: 0.9575]
--------------------------------------------------------------------------------
[Epoch 20/20] [Iter 0/2517]	[Losses conv1: 65.1701 | conv2: 195.6579 | conv3: 328.4593 | final: 0.14718625]
--------------------------------------------------------------------------------
TARGET with tranfer: [loss: 0.000130] [acc: 2417/2517 (96.03%)] [f1: 0.9603]
--------------------------------------------------------------------------------
TARGET FULL SET: [loss: 0.037144] [acc: 7790/10091 (77.20%)] [f1: 0.7728]
