Current experiment parameters:
{'n_channels': 3, 'n_classes': 11, 'batch_size': 32, 'batch_size_eval': 1024, 'window_size': 128, 'window_offset': 8, 'source_epochs': 10, 'target_epochs': 10, 'n_iter': 20000, 'seed': 0, 'log_interval': 100, 'eval_interval': 500, 'gpu': '0', 'mode': 'prune', 'lr_FCs': 0.002, 'lr_FCs_b1': 0.9, 'lr_FCs_b2': 0.999, 'lr_FCt': 0.0002, 'lr_FCt_b1': 0.9, 'lr_FCt_b2': 0.999, 'w_conv1': 0.5, 'w_conv2': 0.05, 'w_conv3': 0.005, 'w_fc1': 0.001, 'w_fc2': 0.0001, 'log': 'default.csv', 'log_train': 'log_train.csv', 'dataset': 'PAMAP2', 'subject_source': 'subject103', 'subject_target': 'subject104', 'position_source': 'h', 'position_target': 'h', 'scaling': True}
Train Epoch: 1 [0/8659 (0%)]	Loss: 3.182469
Train Epoch: 1 [3200/8659 (37%)]	Loss: 0.611732
Train Epoch: 1 [6400/8659 (74%)]	Loss: 0.216179
--------------------------------------------------------------------------------
SOURCE            : [loss: 0.000596] [acc: 7163/8659 (82.72%)] [f1: 0.8272]
TARGET w/o tranfer: [loss: 0.003875] [acc: 1430/2514 (56.88%)] [f1: 0.5688]
--------------------------------------------------------------------------------
Train Epoch: 2 [0/8659 (0%)]	Loss: 0.725082
Train Epoch: 2 [3200/8659 (37%)]	Loss: 0.567297
Train Epoch: 2 [6400/8659 (74%)]	Loss: 0.545344
--------------------------------------------------------------------------------
SOURCE            : [loss: 0.000550] [acc: 7228/8659 (83.47%)] [f1: 0.8347]
TARGET w/o tranfer: [loss: 0.004729] [acc: 1503/2514 (59.79%)] [f1: 0.5979]
--------------------------------------------------------------------------------
Train Epoch: 3 [0/8659 (0%)]	Loss: 0.828100
Train Epoch: 3 [3200/8659 (37%)]	Loss: 0.573480
Train Epoch: 3 [6400/8659 (74%)]	Loss: 0.160958
--------------------------------------------------------------------------------
SOURCE            : [loss: 0.000457] [acc: 7419/8659 (85.68%)] [f1: 0.8568]
TARGET w/o tranfer: [loss: 0.005674] [acc: 1318/2514 (52.43%)] [f1: 0.5243]
--------------------------------------------------------------------------------
Train Epoch: 4 [0/8659 (0%)]	Loss: 0.453015
Train Epoch: 4 [3200/8659 (37%)]	Loss: 0.354622
Train Epoch: 4 [6400/8659 (74%)]	Loss: 0.772181
--------------------------------------------------------------------------------
SOURCE            : [loss: 0.000431] [acc: 7458/8659 (86.13%)] [f1: 0.8613]
TARGET w/o tranfer: [loss: 0.005129] [acc: 1597/2514 (63.52%)] [f1: 0.6352]
--------------------------------------------------------------------------------
Train Epoch: 5 [0/8659 (0%)]	Loss: 0.531047
Train Epoch: 5 [3200/8659 (37%)]	Loss: 0.794809
Train Epoch: 5 [6400/8659 (74%)]	Loss: 0.480227
--------------------------------------------------------------------------------
SOURCE            : [loss: 0.000363] [acc: 7663/8659 (88.50%)] [f1: 0.8850]
TARGET w/o tranfer: [loss: 0.005303] [acc: 1560/2514 (62.05%)] [f1: 0.6205]
--------------------------------------------------------------------------------
Train Epoch: 6 [0/8659 (0%)]	Loss: 0.386916
Train Epoch: 6 [3200/8659 (37%)]	Loss: 0.443769
Train Epoch: 6 [6400/8659 (74%)]	Loss: 0.156665
--------------------------------------------------------------------------------
SOURCE            : [loss: 0.000337] [acc: 7742/8659 (89.41%)] [f1: 0.8941]
TARGET w/o tranfer: [loss: 0.005421] [acc: 1660/2514 (66.03%)] [f1: 0.6603]
--------------------------------------------------------------------------------
Train Epoch: 7 [0/8659 (0%)]	Loss: 0.164542
Train Epoch: 7 [3200/8659 (37%)]	Loss: 0.180621
Train Epoch: 7 [6400/8659 (74%)]	Loss: 0.399760
--------------------------------------------------------------------------------
SOURCE            : [loss: 0.000304] [acc: 7840/8659 (90.54%)] [f1: 0.9054]
TARGET w/o tranfer: [loss: 0.005936] [acc: 1398/2514 (55.61%)] [f1: 0.5561]
--------------------------------------------------------------------------------
Train Epoch: 8 [0/8659 (0%)]	Loss: 0.235180
Train Epoch: 8 [3200/8659 (37%)]	Loss: 0.118561
Train Epoch: 8 [6400/8659 (74%)]	Loss: 0.212882
--------------------------------------------------------------------------------
SOURCE            : [loss: 0.000287] [acc: 7851/8659 (90.67%)] [f1: 0.9067]
TARGET w/o tranfer: [loss: 0.005832] [acc: 1568/2514 (62.37%)] [f1: 0.6237]
--------------------------------------------------------------------------------
Train Epoch: 9 [0/8659 (0%)]	Loss: 0.290126
Train Epoch: 9 [3200/8659 (37%)]	Loss: 0.211868
Train Epoch: 9 [6400/8659 (74%)]	Loss: 0.313617
--------------------------------------------------------------------------------
SOURCE            : [loss: 0.000260] [acc: 7932/8659 (91.60%)] [f1: 0.9160]
TARGET w/o tranfer: [loss: 0.005878] [acc: 1628/2514 (64.76%)] [f1: 0.6476]
--------------------------------------------------------------------------------
Train Epoch: 10 [0/8659 (0%)]	Loss: 0.184646
Train Epoch: 10 [3200/8659 (37%)]	Loss: 0.321997
Train Epoch: 10 [6400/8659 (74%)]	Loss: 0.258084
--------------------------------------------------------------------------------
SOURCE            : [loss: 0.000267] [acc: 7912/8659 (91.37%)] [f1: 0.9137]
TARGET w/o tranfer: [loss: 0.006731] [acc: 1574/2514 (62.61%)] [f1: 0.6261]
--------------------------------------------------------------------------------
[Epoch 1/10] [Iter 0/2514]	[Losses conv1: 10.9723 | conv2: 115.2728 | conv3: 45.1573 | final: 3.13845134]
--------------------------------------------------------------------------------
TARGET with tranfer: [loss: 0.001491] [acc: 1581/2514 (62.89%)] [f1: 0.6289]
--------------------------------------------------------------------------------
[Epoch 2/10] [Iter 0/2514]	[Losses conv1: 6.6075 | conv2: 129.7824 | conv3: 46.4018 | final: 1.16574574]
--------------------------------------------------------------------------------
TARGET with tranfer: [loss: 0.001042] [acc: 2010/2514 (79.95%)] [f1: 0.7995]
--------------------------------------------------------------------------------
[Epoch 3/10] [Iter 0/2514]	[Losses conv1: 10.3196 | conv2: 78.5023 | conv3: 36.8038 | final: 0.81112170]
--------------------------------------------------------------------------------
TARGET with tranfer: [loss: 0.000804] [acc: 2007/2514 (79.83%)] [f1: 0.7983]
--------------------------------------------------------------------------------
[Epoch 4/10] [Iter 0/2514]	[Losses conv1: 7.6405 | conv2: 89.0446 | conv3: 38.1475 | final: 0.77872419]
--------------------------------------------------------------------------------
TARGET with tranfer: [loss: 0.000629] [acc: 2091/2514 (83.17%)] [f1: 0.8317]
--------------------------------------------------------------------------------
[Epoch 5/10] [Iter 0/2514]	[Losses conv1: 6.4198 | conv2: 70.7178 | conv3: 43.2306 | final: 0.50994879]
--------------------------------------------------------------------------------
TARGET with tranfer: [loss: 0.000553] [acc: 2172/2514 (86.40%)] [f1: 0.8640]
--------------------------------------------------------------------------------
[Epoch 6/10] [Iter 0/2514]	[Losses conv1: 8.7175 | conv2: 54.4390 | conv3: 42.5455 | final: 0.55327487]
--------------------------------------------------------------------------------
TARGET with tranfer: [loss: 0.000437] [acc: 2178/2514 (86.63%)] [f1: 0.8663]
--------------------------------------------------------------------------------
[Epoch 7/10] [Iter 0/2514]	[Losses conv1: 8.6158 | conv2: 71.2174 | conv3: 78.2225 | final: 0.28377700]
--------------------------------------------------------------------------------
TARGET with tranfer: [loss: 0.000371] [acc: 2253/2514 (89.62%)] [f1: 0.8962]
--------------------------------------------------------------------------------
[Epoch 8/10] [Iter 0/2514]	[Losses conv1: 12.7837 | conv2: 73.8965 | conv3: 56.5427 | final: 0.49159405]
--------------------------------------------------------------------------------
TARGET with tranfer: [loss: 0.000300] [acc: 2315/2514 (92.08%)] [f1: 0.9208]
--------------------------------------------------------------------------------
[Epoch 9/10] [Iter 0/2514]	[Losses conv1: 11.3152 | conv2: 66.5890 | conv3: 56.1138 | final: 0.21244888]
--------------------------------------------------------------------------------
TARGET with tranfer: [loss: 0.000308] [acc: 2281/2514 (90.73%)] [f1: 0.9073]
--------------------------------------------------------------------------------
[Epoch 10/10] [Iter 0/2514]	[Losses conv1: 10.8324 | conv2: 66.6338 | conv3: 74.7187 | final: 0.18563661]
--------------------------------------------------------------------------------
TARGET with tranfer: [loss: 0.000242] [acc: 2341/2514 (93.12%)] [f1: 0.9312]
--------------------------------------------------------------------------------
TARGET FULL SET: [loss: 0.055079] [acc: 7522/10077 (74.65%)] [f1: 0.7486]
Current experiment parameters:
{'n_channels': 3, 'n_classes': 11, 'batch_size': 32, 'batch_size_eval': 1024, 'window_size': 128, 'window_offset': 8, 'source_epochs': 10, 'target_epochs': 10, 'n_iter': 20000, 'seed': 0, 'log_interval': 100, 'eval_interval': 500, 'gpu': '0', 'mode': 'train', 'lr_FCs': 0.002, 'lr_FCs_b1': 0.9, 'lr_FCs_b2': 0.999, 'lr_FCt': 0.0002, 'lr_FCt_b1': 0.9, 'lr_FCt_b2': 0.999, 'w_conv1': 0.5, 'w_conv2': 0.05, 'w_conv3': 0.005, 'w_fc1': 0.001, 'w_fc2': 0.0001, 'log': 'default.csv', 'log_train': 'log_train.csv', 'dataset': 'PAMAP2', 'subject_source': 'subject103', 'subject_target': 'subject104', 'position_source': 'h', 'position_target': 'h', 'scaling': True}
Train Epoch: 1 [0/8659 (0%)]	Loss: 3.182469
Train Epoch: 1 [3200/8659 (37%)]	Loss: 0.688700
Train Epoch: 1 [6400/8659 (74%)]	Loss: 0.178493
--------------------------------------------------------------------------------
SOURCE            : [loss: 0.000662] [acc: 6946/8659 (80.22%)] [f1: 0.8022]
TARGET w/o tranfer: [loss: 0.004512] [acc: 1329/2514 (52.86%)] [f1: 0.5286]
--------------------------------------------------------------------------------
Train Epoch: 2 [0/8659 (0%)]	Loss: 0.786660
Train Epoch: 2 [3200/8659 (37%)]	Loss: 0.518165
Train Epoch: 2 [6400/8659 (74%)]	Loss: 0.526220
